TN:
SF:src/checks/checkExactVersions.ts
FN:4,checkExactVersions
FNF:1
FNH:1
FNDA:4,checkExactVersions
DA:9,4
DA:10,4
DA:12,4
DA:14,4
DA:15,5
DA:16,4
LF:6
LH:6
BRDA:10,0,0,0
BRDA:10,0,1,4
BRDA:15,1,0,4
BRDA:15,1,1,1
BRDA:15,2,0,5
BRDA:15,2,1,4
BRF:6
BRH:5
end_of_record
TN:
SF:src/checks/checkNoDependencies.ts
FN:4,checkNoDependencies
FNF:1
FNH:1
FNDA:4,checkNoDependencies
DA:10,4
DA:11,4
DA:13,2
DA:14,2
LF:4
LH:4
BRDA:7,0,0,2
BRDA:8,1,0,3
BRDA:11,2,0,2
BRDA:11,2,1,2
BRF:4
BRH:4
end_of_record
TN:
SF:src/utils/createReportError.ts
FN:14,logMessage
FN:26,createReportError
FN:30,reportError
FNF:3
FNH:1
FNDA:4,logMessage
FNDA:0,createReportError
FNDA:0,reportError
DA:11,1
DA:12,1
DA:19,4
DA:30,0
DA:31,0
DA:32,0
DA:33,0
DA:34,0
DA:35,0
DA:37,0
DA:39,0
DA:41,0
LF:12
LH:3
BRDA:21,0,0,2
BRDA:21,0,1,2
BRDA:22,1,0,2
BRDA:22,1,1,2
BRDA:31,2,0,0
BRDA:31,2,1,0
BRDA:31,3,0,0
BRDA:31,3,1,0
BRDA:32,4,0,0
BRDA:32,4,1,0
BRDA:39,5,0,0
BRDA:39,5,1,0
BRF:12
BRH:4
end_of_record
