TN:
SF:src/check-package-with-workspaces.ts
FN:81,createCheckPackageWithWorkspaces
FN:123,anonymous_1
FN:139,run
FN:150,checkRecommended
FN:288,forRoot
FN:293,forEach
FN:300,for
FNDA:1,createCheckPackageWithWorkspaces
FNDA:0,anonymous_1
FNDA:0,run
FNDA:0,checkRecommended
FNDA:0,forRoot
FNDA:0,forEach
FNDA:0,for
FNF:7
FNH:1
BRDA:1,0,0,2
BRDA:81,1,0,1
BRDA:98,2,0,0
BRF:3
BRH:2
DA:1,2
DA:2,2
DA:3,2
DA:4,2
DA:5,2
DA:6,2
DA:7,2
DA:8,2
DA:9,2
DA:10,2
DA:11,2
DA:12,2
DA:13,2
DA:14,2
DA:15,2
DA:16,2
DA:17,2
DA:18,2
DA:19,2
DA:20,2
DA:21,2
DA:22,2
DA:23,2
DA:24,2
DA:25,2
DA:26,2
DA:27,2
DA:28,2
DA:29,2
DA:30,2
DA:31,2
DA:32,2
DA:33,2
DA:34,2
DA:35,2
DA:36,2
DA:37,2
DA:38,2
DA:39,2
DA:40,2
DA:41,2
DA:42,2
DA:43,2
DA:44,2
DA:45,2
DA:46,2
DA:47,2
DA:48,2
DA:49,2
DA:50,2
DA:51,2
DA:52,2
DA:53,2
DA:54,2
DA:55,2
DA:56,2
DA:57,2
DA:58,2
DA:59,2
DA:60,2
DA:61,2
DA:62,2
DA:63,2
DA:64,2
DA:65,2
DA:66,2
DA:67,2
DA:68,2
DA:69,2
DA:70,2
DA:71,2
DA:72,2
DA:73,2
DA:74,2
DA:75,2
DA:76,2
DA:77,2
DA:78,2
DA:79,2
DA:80,2
DA:81,2
DA:82,1
DA:83,1
DA:84,1
DA:85,1
DA:86,1
DA:87,1
DA:88,1
DA:89,1
DA:90,1
DA:91,1
DA:92,1
DA:93,1
DA:94,1
DA:95,1
DA:96,1
DA:97,1
DA:98,1
DA:99,0
DA:100,0
DA:101,0
DA:102,0
DA:103,0
DA:104,0
DA:105,0
DA:106,0
DA:107,0
DA:108,0
DA:109,0
DA:110,0
DA:111,0
DA:112,0
DA:113,0
DA:114,0
DA:115,0
DA:116,0
DA:117,0
DA:118,0
DA:119,0
DA:120,0
DA:121,0
DA:122,0
DA:123,0
DA:124,0
DA:125,0
DA:126,0
DA:127,0
DA:128,0
DA:129,0
DA:130,0
DA:131,0
DA:132,0
DA:133,0
DA:134,0
DA:135,0
DA:136,0
DA:137,0
DA:138,0
DA:139,0
DA:140,0
DA:141,0
DA:142,0
DA:143,0
DA:144,0
DA:145,0
DA:146,0
DA:147,0
DA:148,0
DA:149,0
DA:150,0
DA:151,0
DA:152,0
DA:153,0
DA:154,0
DA:155,0
DA:156,0
DA:157,0
DA:158,0
DA:159,0
DA:160,0
DA:161,0
DA:162,0
DA:163,0
DA:164,0
DA:165,0
DA:166,0
DA:167,0
DA:168,0
DA:169,0
DA:170,0
DA:171,0
DA:172,0
DA:173,0
DA:174,0
DA:175,0
DA:176,0
DA:177,0
DA:178,0
DA:179,0
DA:180,0
DA:181,0
DA:182,0
DA:183,0
DA:184,0
DA:185,0
DA:186,0
DA:187,0
DA:188,0
DA:189,0
DA:190,0
DA:191,0
DA:192,0
DA:193,0
DA:194,0
DA:195,0
DA:196,0
DA:197,0
DA:198,0
DA:199,0
DA:200,0
DA:201,0
DA:202,0
DA:203,0
DA:204,0
DA:205,0
DA:206,0
DA:207,0
DA:208,0
DA:209,0
DA:210,0
DA:211,0
DA:212,0
DA:213,0
DA:214,0
DA:215,0
DA:216,0
DA:217,0
DA:218,0
DA:219,0
DA:220,0
DA:221,0
DA:222,0
DA:223,0
DA:224,0
DA:225,0
DA:226,0
DA:227,0
DA:228,0
DA:229,0
DA:230,0
DA:231,0
DA:232,0
DA:233,0
DA:234,0
DA:235,0
DA:236,0
DA:237,0
DA:238,0
DA:239,0
DA:240,0
DA:241,0
DA:242,0
DA:243,0
DA:244,0
DA:245,0
DA:246,0
DA:247,0
DA:248,0
DA:249,0
DA:250,0
DA:251,0
DA:252,0
DA:253,0
DA:254,0
DA:255,0
DA:256,0
DA:257,0
DA:258,0
DA:259,0
DA:260,0
DA:261,0
DA:262,0
DA:263,0
DA:264,0
DA:265,0
DA:266,0
DA:267,0
DA:268,0
DA:269,0
DA:270,0
DA:271,0
DA:272,0
DA:273,0
DA:274,0
DA:275,0
DA:276,0
DA:277,0
DA:278,0
DA:279,0
DA:280,0
DA:281,0
DA:282,0
DA:283,0
DA:284,0
DA:285,0
DA:286,0
DA:287,0
DA:288,0
DA:289,0
DA:290,0
DA:291,0
DA:292,0
DA:293,0
DA:294,0
DA:295,0
DA:296,0
DA:297,0
DA:298,0
DA:299,0
DA:300,0
DA:301,0
DA:302,0
DA:303,0
DA:304,0
DA:305,0
DA:306,0
DA:307,0
DA:308,0
DA:309,0
DA:310,0
DA:311,0
DA:312,0
DA:313,1
LH:99
LF:313
end_of_record
SF:src/check-package.ts
FN:324,createCheckPackage
FN:344,shouldHaveExactVersions
FN:353,writePackageIfChanged
FN:366,anonymous_3
FN:374,<instance_members_initializer>
FN:378,Job
FN:383,run
FN:393,runSync
FN:404,run
FN:418,runSync
FN:436,checkExactVersions
FN:465,checkResolutionsVersionsMatch
FN:476,checkExactDevVersions
FN:498,checkNoDependencies
FN:507,checkDirectPeerDependencies
FN:550,checkDirectDuplicateDependencies
FN:569,checkResolutionsHasExplanation
FN:585,checkRecommended
FN:663,checkIdenticalVersionsThanDependency
FN:709,checkIdenticalVersionsThanDevDependencyOfDependency
FN:755,checkSatisfiesVersions
FN:773,checkSatisfiesVersionsFromDependency
FN:822,checkSatisfiesVersionsInDevDependenciesOfDependency
FN:874,checkIdenticalVersions
FN:909,checkSatisfiesVersionsBetweenDependencies
FN:966,checkSatisfiesVersionsInDependency
FN:984,checkMinRangeDependenciesSatisfiesDevDependencies
FN:1003,checkMinRangePeerDependenciesSatisfiesDependencies
FNDA:1,createCheckPackage
FNDA:0,shouldHaveExactVersions
FNDA:0,writePackageIfChanged
FNDA:0,anonymous_3
FNDA:0,<instance_members_initializer>
FNDA:0,Job
FNDA:0,run
FNDA:0,runSync
FNDA:0,run
FNDA:0,runSync
FNDA:0,checkExactVersions
FNDA:0,checkResolutionsVersionsMatch
FNDA:0,checkExactDevVersions
FNDA:0,checkNoDependencies
FNDA:0,checkDirectPeerDependencies
FNDA:0,checkDirectDuplicateDependencies
FNDA:0,checkResolutionsHasExplanation
FNDA:0,checkRecommended
FNDA:0,checkIdenticalVersionsThanDependency
FNDA:0,checkIdenticalVersionsThanDevDependencyOfDependency
FNDA:0,checkSatisfiesVersions
FNDA:0,checkSatisfiesVersionsFromDependency
FNDA:0,checkSatisfiesVersionsInDevDependenciesOfDependency
FNDA:0,checkIdenticalVersions
FNDA:0,checkSatisfiesVersionsBetweenDependencies
FNDA:0,checkSatisfiesVersionsInDependency
FNDA:0,checkMinRangeDependenciesSatisfiesDevDependencies
FNDA:0,checkMinRangePeerDependenciesSatisfiesDependencies
FNF:28
FNH:1
BRDA:1,0,0,2
BRDA:324,1,0,1
BRDA:342,2,0,0
BRDA:343,3,0,0
BRDA:349,4,0,0
BRDA:374,5,0,0
BRF:6
BRH:2
DA:1,2
DA:2,2
DA:3,2
DA:4,2
DA:5,2
DA:6,2
DA:7,2
DA:8,2
DA:9,2
DA:10,2
DA:11,2
DA:12,2
DA:13,2
DA:14,2
DA:15,2
DA:16,2
DA:17,2
DA:18,2
DA:19,2
DA:20,2
DA:21,2
DA:22,2
DA:23,2
DA:24,2
DA:25,2
DA:26,2
DA:27,2
DA:28,2
DA:29,2
DA:30,2
DA:31,2
DA:32,2
DA:33,2
DA:34,2
DA:35,2
DA:36,2
DA:37,2
DA:38,2
DA:39,2
DA:40,2
DA:41,2
DA:42,2
DA:43,2
DA:44,2
DA:45,2
DA:46,2
DA:47,2
DA:48,2
DA:49,2
DA:50,2
DA:51,2
DA:52,2
DA:53,2
DA:54,2
DA:55,2
DA:56,2
DA:57,2
DA:58,2
DA:59,2
DA:60,2
DA:61,2
DA:62,2
DA:63,2
DA:64,2
DA:65,2
DA:66,2
DA:67,2
DA:68,2
DA:69,2
DA:70,2
DA:71,2
DA:72,2
DA:73,2
DA:74,2
DA:75,2
DA:76,2
DA:77,2
DA:78,2
DA:79,2
DA:80,2
DA:81,2
DA:82,2
DA:83,2
DA:84,2
DA:85,2
DA:86,2
DA:87,2
DA:88,2
DA:89,2
DA:90,2
DA:91,2
DA:92,2
DA:93,2
DA:94,2
DA:95,2
DA:96,2
DA:97,2
DA:98,2
DA:99,2
DA:100,2
DA:101,2
DA:102,2
DA:103,2
DA:104,2
DA:105,2
DA:106,2
DA:107,2
DA:108,2
DA:109,2
DA:110,2
DA:111,2
DA:112,2
DA:113,2
DA:114,2
DA:115,2
DA:116,2
DA:117,2
DA:118,2
DA:119,2
DA:120,2
DA:121,2
DA:122,2
DA:123,2
DA:124,2
DA:125,2
DA:126,2
DA:127,2
DA:128,2
DA:129,2
DA:130,2
DA:131,2
DA:132,2
DA:133,2
DA:134,2
DA:135,2
DA:136,2
DA:137,2
DA:138,2
DA:139,2
DA:140,2
DA:141,2
DA:142,2
DA:143,2
DA:144,2
DA:145,2
DA:146,2
DA:147,2
DA:148,2
DA:149,2
DA:150,2
DA:151,2
DA:152,2
DA:153,2
DA:154,2
DA:155,2
DA:156,2
DA:157,2
DA:158,2
DA:159,2
DA:160,2
DA:161,2
DA:162,2
DA:163,2
DA:164,2
DA:165,2
DA:166,2
DA:167,2
DA:168,2
DA:169,2
DA:170,2
DA:171,2
DA:172,2
DA:173,2
DA:174,2
DA:175,2
DA:176,2
DA:177,2
DA:178,2
DA:179,2
DA:180,2
DA:181,2
DA:182,2
DA:183,2
DA:184,2
DA:185,2
DA:186,2
DA:187,2
DA:188,2
DA:189,2
DA:190,2
DA:191,2
DA:192,2
DA:193,2
DA:194,2
DA:195,2
DA:196,2
DA:197,2
DA:198,2
DA:199,2
DA:200,2
DA:201,2
DA:202,2
DA:203,2
DA:204,2
DA:205,2
DA:206,2
DA:207,2
DA:208,2
DA:209,2
DA:210,2
DA:211,2
DA:212,2
DA:213,2
DA:214,2
DA:215,2
DA:216,2
DA:217,2
DA:218,2
DA:219,2
DA:220,2
DA:221,2
DA:222,2
DA:223,2
DA:224,2
DA:225,2
DA:226,2
DA:227,2
DA:228,2
DA:229,2
DA:230,2
DA:231,2
DA:232,2
DA:233,2
DA:234,2
DA:235,2
DA:236,2
DA:237,2
DA:238,2
DA:239,2
DA:240,2
DA:241,2
DA:242,2
DA:243,2
DA:244,2
DA:245,2
DA:246,2
DA:247,2
DA:248,2
DA:249,2
DA:250,2
DA:251,2
DA:252,2
DA:253,2
DA:254,2
DA:255,2
DA:256,2
DA:257,2
DA:258,2
DA:259,2
DA:260,2
DA:261,2
DA:262,2
DA:263,2
DA:264,2
DA:265,2
DA:266,2
DA:267,2
DA:268,2
DA:269,2
DA:270,2
DA:271,2
DA:272,2
DA:273,2
DA:274,2
DA:275,2
DA:276,2
DA:277,2
DA:278,2
DA:279,2
DA:280,2
DA:281,2
DA:282,2
DA:283,2
DA:284,2
DA:285,2
DA:286,2
DA:287,2
DA:288,2
DA:289,2
DA:290,2
DA:291,2
DA:292,2
DA:293,2
DA:294,2
DA:295,2
DA:296,2
DA:297,2
DA:298,2
DA:299,2
DA:300,2
DA:301,2
DA:302,2
DA:303,2
DA:304,2
DA:305,2
DA:306,2
DA:307,2
DA:308,2
DA:309,2
DA:310,2
DA:311,2
DA:312,2
DA:313,2
DA:314,2
DA:315,2
DA:316,2
DA:317,2
DA:318,2
DA:319,2
DA:320,2
DA:321,2
DA:322,2
DA:323,2
DA:324,2
DA:325,1
DA:326,1
DA:327,1
DA:328,1
DA:329,1
DA:330,1
DA:331,1
DA:332,1
DA:333,1
DA:334,1
DA:335,1
DA:336,1
DA:337,1
DA:338,1
DA:339,1
DA:340,1
DA:341,1
DA:342,1
DA:343,1
DA:344,1
DA:345,1
DA:346,1
DA:347,1
DA:348,1
DA:349,1
DA:350,0
DA:351,0
DA:352,0
DA:353,0
DA:354,0
DA:355,0
DA:356,0
DA:357,0
DA:358,0
DA:359,0
DA:360,0
DA:361,0
DA:362,0
DA:363,0
DA:364,0
DA:365,0
DA:366,0
DA:367,0
DA:368,0
DA:369,0
DA:370,0
DA:371,0
DA:372,0
DA:373,0
DA:374,0
DA:375,0
DA:376,0
DA:377,0
DA:378,0
DA:379,0
DA:380,0
DA:381,0
DA:382,0
DA:383,0
DA:384,0
DA:385,0
DA:386,0
DA:387,0
DA:388,0
DA:389,0
DA:390,0
DA:391,0
DA:392,0
DA:393,0
DA:394,0
DA:395,0
DA:396,0
DA:397,0
DA:398,0
DA:399,0
DA:400,0
DA:401,0
DA:402,0
DA:403,0
DA:404,0
DA:405,0
DA:406,0
DA:407,0
DA:408,0
DA:409,0
DA:410,0
DA:411,0
DA:412,0
DA:413,0
DA:414,0
DA:415,0
DA:416,0
DA:417,0
DA:418,0
DA:419,0
DA:420,0
DA:421,0
DA:422,0
DA:423,0
DA:424,0
DA:425,0
DA:426,0
DA:427,0
DA:428,0
DA:429,0
DA:430,0
DA:431,0
DA:432,0
DA:433,0
DA:434,0
DA:435,0
DA:436,0
DA:437,0
DA:438,0
DA:439,0
DA:440,0
DA:441,0
DA:442,0
DA:443,0
DA:444,0
DA:445,0
DA:446,0
DA:447,0
DA:448,0
DA:449,0
DA:450,0
DA:451,0
DA:452,0
DA:453,0
DA:454,0
DA:455,0
DA:456,0
DA:457,0
DA:458,0
DA:459,0
DA:460,0
DA:461,0
DA:462,0
DA:463,0
DA:464,0
DA:465,0
DA:466,0
DA:467,0
DA:468,0
DA:469,0
DA:470,0
DA:471,0
DA:472,0
DA:473,0
DA:474,0
DA:475,0
DA:476,0
DA:477,0
DA:478,0
DA:479,0
DA:480,0
DA:481,0
DA:482,0
DA:483,0
DA:484,0
DA:485,0
DA:486,0
DA:487,0
DA:488,0
DA:489,0
DA:490,0
DA:491,0
DA:492,0
DA:493,0
DA:494,0
DA:495,0
DA:496,0
DA:497,0
DA:498,0
DA:499,0
DA:500,0
DA:501,0
DA:502,0
DA:503,0
DA:504,0
DA:505,0
DA:506,0
DA:507,0
DA:508,0
DA:509,0
DA:510,0
DA:511,0
DA:512,0
DA:513,0
DA:514,0
DA:515,0
DA:516,0
DA:517,0
DA:518,0
DA:519,0
DA:520,0
DA:521,0
DA:522,0
DA:523,0
DA:524,0
DA:525,0
DA:526,0
DA:527,0
DA:528,0
DA:529,0
DA:530,0
DA:531,0
DA:532,0
DA:533,0
DA:534,0
DA:535,0
DA:536,0
DA:537,0
DA:538,0
DA:539,0
DA:540,0
DA:541,0
DA:542,0
DA:543,0
DA:544,0
DA:545,0
DA:546,0
DA:547,0
DA:548,0
DA:549,0
DA:550,0
DA:551,0
DA:552,0
DA:553,0
DA:554,0
DA:555,0
DA:556,0
DA:557,0
DA:558,0
DA:559,0
DA:560,0
DA:561,0
DA:562,0
DA:563,0
DA:564,0
DA:565,0
DA:566,0
DA:567,0
DA:568,0
DA:569,0
DA:570,0
DA:571,0
DA:572,0
DA:573,0
DA:574,0
DA:575,0
DA:576,0
DA:577,0
DA:578,0
DA:579,0
DA:580,0
DA:581,0
DA:582,0
DA:583,0
DA:584,0
DA:585,0
DA:586,0
DA:587,0
DA:588,0
DA:589,0
DA:590,0
DA:591,0
DA:592,0
DA:593,0
DA:594,0
DA:595,0
DA:596,0
DA:597,0
DA:598,0
DA:599,0
DA:600,0
DA:601,0
DA:602,0
DA:603,0
DA:604,0
DA:605,0
DA:606,0
DA:607,0
DA:608,0
DA:609,0
DA:610,0
DA:611,0
DA:612,0
DA:613,0
DA:614,0
DA:615,0
DA:616,0
DA:617,0
DA:618,0
DA:619,0
DA:620,0
DA:621,0
DA:622,0
DA:623,0
DA:624,0
DA:625,0
DA:626,0
DA:627,0
DA:628,0
DA:629,0
DA:630,0
DA:631,0
DA:632,0
DA:633,0
DA:634,0
DA:635,0
DA:636,0
DA:637,0
DA:638,0
DA:639,0
DA:640,0
DA:641,0
DA:642,0
DA:643,0
DA:644,0
DA:645,0
DA:646,0
DA:647,0
DA:648,0
DA:649,0
DA:650,0
DA:651,0
DA:652,0
DA:653,0
DA:654,0
DA:655,0
DA:656,0
DA:657,0
DA:658,0
DA:659,0
DA:660,0
DA:661,0
DA:662,0
DA:663,0
DA:664,0
DA:665,0
DA:666,0
DA:667,0
DA:668,0
DA:669,0
DA:670,0
DA:671,0
DA:672,0
DA:673,0
DA:674,0
DA:675,0
DA:676,0
DA:677,0
DA:678,0
DA:679,0
DA:680,0
DA:681,0
DA:682,0
DA:683,0
DA:684,0
DA:685,0
DA:686,0
DA:687,0
DA:688,0
DA:689,0
DA:690,0
DA:691,0
DA:692,0
DA:693,0
DA:694,0
DA:695,0
DA:696,0
DA:697,0
DA:698,0
DA:699,0
DA:700,0
DA:701,0
DA:702,0
DA:703,0
DA:704,0
DA:705,0
DA:706,0
DA:707,0
DA:708,0
DA:709,0
DA:710,0
DA:711,0
DA:712,0
DA:713,0
DA:714,0
DA:715,0
DA:716,0
DA:717,0
DA:718,0
DA:719,0
DA:720,0
DA:721,0
DA:722,0
DA:723,0
DA:724,0
DA:725,0
DA:726,0
DA:727,0
DA:728,0
DA:729,0
DA:730,0
DA:731,0
DA:732,0
DA:733,0
DA:734,0
DA:735,0
DA:736,0
DA:737,0
DA:738,0
DA:739,0
DA:740,0
DA:741,0
DA:742,0
DA:743,0
DA:744,0
DA:745,0
DA:746,0
DA:747,0
DA:748,0
DA:749,0
DA:750,0
DA:751,0
DA:752,0
DA:753,0
DA:754,0
DA:755,0
DA:756,0
DA:757,0
DA:758,0
DA:759,0
DA:760,0
DA:761,0
DA:762,0
DA:763,0
DA:764,0
DA:765,0
DA:766,0
DA:767,0
DA:768,0
DA:769,0
DA:770,0
DA:771,0
DA:772,0
DA:773,0
DA:774,0
DA:775,0
DA:776,0
DA:777,0
DA:778,0
DA:779,0
DA:780,0
DA:781,0
DA:782,0
DA:783,0
DA:784,0
DA:785,0
DA:786,0
DA:787,0
DA:788,0
DA:789,0
DA:790,0
DA:791,0
DA:792,0
DA:793,0
DA:794,0
DA:795,0
DA:796,0
DA:797,0
DA:798,0
DA:799,0
DA:800,0
DA:801,0
DA:802,0
DA:803,0
DA:804,0
DA:805,0
DA:806,0
DA:807,0
DA:808,0
DA:809,0
DA:810,0
DA:811,0
DA:812,0
DA:813,0
DA:814,0
DA:815,0
DA:816,0
DA:817,0
DA:818,0
DA:819,0
DA:820,0
DA:821,0
DA:822,0
DA:823,0
DA:824,0
DA:825,0
DA:826,0
DA:827,0
DA:828,0
DA:829,0
DA:830,0
DA:831,0
DA:832,0
DA:833,0
DA:834,0
DA:835,0
DA:836,0
DA:837,0
DA:838,0
DA:839,0
DA:840,0
DA:841,0
DA:842,0
DA:843,0
DA:844,0
DA:845,0
DA:846,0
DA:847,0
DA:848,0
DA:849,0
DA:850,0
DA:851,0
DA:852,0
DA:853,0
DA:854,0
DA:855,0
DA:856,0
DA:857,0
DA:858,0
DA:859,0
DA:860,0
DA:861,0
DA:862,0
DA:863,0
DA:864,0
DA:865,0
DA:866,0
DA:867,0
DA:868,0
DA:869,0
DA:870,0
DA:871,0
DA:872,0
DA:873,0
DA:874,0
DA:875,0
DA:876,0
DA:877,0
DA:878,0
DA:879,0
DA:880,0
DA:881,0
DA:882,0
DA:883,0
DA:884,0
DA:885,0
DA:886,0
DA:887,0
DA:888,0
DA:889,0
DA:890,0
DA:891,0
DA:892,0
DA:893,0
DA:894,0
DA:895,0
DA:896,0
DA:897,0
DA:898,0
DA:899,0
DA:900,0
DA:901,0
DA:902,0
DA:903,0
DA:904,0
DA:905,0
DA:906,0
DA:907,0
DA:908,0
DA:909,0
DA:910,0
DA:911,0
DA:912,0
DA:913,0
DA:914,0
DA:915,0
DA:916,0
DA:917,0
DA:918,0
DA:919,0
DA:920,0
DA:921,0
DA:922,0
DA:923,0
DA:924,0
DA:925,0
DA:926,0
DA:927,0
DA:928,0
DA:929,0
DA:930,0
DA:931,0
DA:932,0
DA:933,0
DA:934,0
DA:935,0
DA:936,0
DA:937,0
DA:938,0
DA:939,0
DA:940,0
DA:941,0
DA:942,0
DA:943,0
DA:944,0
DA:945,0
DA:946,0
DA:947,0
DA:948,0
DA:949,0
DA:950,0
DA:951,0
DA:952,0
DA:953,0
DA:954,0
DA:955,0
DA:956,0
DA:957,0
DA:958,0
DA:959,0
DA:960,0
DA:961,0
DA:962,0
DA:963,0
DA:964,0
DA:965,0
DA:966,0
DA:967,0
DA:968,0
DA:969,0
DA:970,0
DA:971,0
DA:972,0
DA:973,0
DA:974,0
DA:975,0
DA:976,0
DA:977,0
DA:978,0
DA:979,0
DA:980,0
DA:981,0
DA:982,0
DA:983,0
DA:984,0
DA:985,0
DA:986,0
DA:987,0
DA:988,0
DA:989,0
DA:990,0
DA:991,0
DA:992,0
DA:993,0
DA:994,0
DA:995,0
DA:996,0
DA:997,0
DA:998,0
DA:999,0
DA:1000,0
DA:1001,0
DA:1002,0
DA:1003,0
DA:1004,0
DA:1005,0
DA:1006,0
DA:1007,0
DA:1008,0
DA:1009,0
DA:1010,0
DA:1011,0
DA:1012,0
DA:1013,0
DA:1014,0
DA:1015,0
DA:1016,0
DA:1017,0
DA:1018,0
DA:1019,0
DA:1020,0
DA:1021,0
DA:1022,0
DA:1023,0
DA:1024,1
LH:350
LF:1024
end_of_record
SF:src/checks/checkDirectDuplicateDependencies.ts
FN:12,checkDirectDuplicateDependencies
FNDA:0,checkDirectDuplicateDependencies
FNF:1
FNH:0
BRDA:1,0,0,2
BRF:1
BRH:1
DA:1,2
DA:2,2
DA:3,2
DA:4,2
DA:5,2
DA:6,2
DA:7,2
DA:8,2
DA:9,2
DA:10,2
DA:11,2
DA:12,2
DA:13,0
DA:14,0
DA:15,0
DA:16,0
DA:17,0
DA:18,0
DA:19,0
DA:20,0
DA:21,0
DA:22,0
DA:23,0
DA:24,0
DA:25,0
DA:26,0
DA:27,0
DA:28,0
DA:29,0
DA:30,0
DA:31,0
DA:32,0
DA:33,0
DA:34,0
DA:35,0
DA:36,0
DA:37,0
DA:38,0
DA:39,0
DA:40,0
DA:41,0
DA:42,0
DA:43,0
DA:44,0
DA:45,0
DA:46,0
DA:47,0
DA:48,0
DA:49,0
DA:50,0
LH:12
LF:50
end_of_record
SF:src/checks/checkDirectPeerDependencies.ts
FN:21,getAllowedPeerInFromType
FN:41,checkDirectPeerDependencies
FN:62,anonymous_2
FN:82,anonymous_3
FNDA:23,getAllowedPeerInFromType
FNDA:38,checkDirectPeerDependencies
FNDA:69,anonymous_2
FNDA:4,anonymous_3
FNF:4
FNH:4
BRDA:1,0,0,30
BRDA:21,1,0,23
BRDA:26,2,0,10
BRDA:28,3,0,12
BRDA:30,4,0,8
BRDA:31,5,0,4
BRDA:32,6,0,0
BRDA:41,7,0,23
BRDA:94,8,0,38
BRDA:95,9,0,22
BRDA:62,10,0,69
BRDA:64,11,0,39
BRDA:64,12,0,29
BRDA:65,13,0,38
BRDA:71,14,0,11
BRDA:72,15,0,6
BRDA:76,16,0,32
BRDA:79,17,0,4
BRDA:79,18,0,3
BRDA:86,19,0,30
BRDA:64,20,0,1
BRDA:82,21,0,4
BRDA:82,22,0,0
BRF:23
BRH:21
DA:1,30
DA:2,30
DA:3,30
DA:4,30
DA:5,30
DA:6,30
DA:7,30
DA:8,30
DA:9,30
DA:10,30
DA:11,30
DA:12,30
DA:13,30
DA:14,30
DA:15,30
DA:16,30
DA:17,30
DA:18,30
DA:19,30
DA:20,30
DA:21,30
DA:22,23
DA:23,23
DA:24,23
DA:25,23
DA:26,23
DA:27,10
DA:28,23
DA:29,12
DA:30,12
DA:31,12
DA:32,23
DA:33,0
DA:34,0
DA:35,0
DA:36,23
DA:37,23
DA:38,23
DA:39,30
DA:40,30
DA:41,30
DA:42,23
DA:43,23
DA:44,23
DA:45,23
DA:46,23
DA:47,23
DA:48,23
DA:49,23
DA:50,23
DA:51,23
DA:52,23
DA:53,23
DA:54,23
DA:55,23
DA:56,23
DA:57,23
DA:58,23
DA:59,23
DA:60,23
DA:61,23
DA:62,23
DA:63,69
DA:64,69
DA:65,1
DA:66,1
DA:67,1
DA:68,1
DA:69,1
DA:70,1
DA:71,1
DA:72,1
DA:73,1
DA:74,1
DA:75,1
DA:76,1
DA:77,1
DA:78,1
DA:79,1
DA:80,1
DA:81,1
DA:82,1
DA:83,1
DA:84,1
DA:85,1
DA:86,1
DA:87,23
DA:88,23
DA:89,23
DA:90,23
DA:91,23
DA:92,23
DA:93,23
DA:94,23
DA:95,38
DA:96,22
DA:97,22
DA:98,22
DA:99,22
DA:100,22
DA:101,22
DA:102,22
DA:103,22
DA:104,22
DA:105,22
DA:106,22
DA:107,22
DA:108,22
DA:109,38
DA:110,23
LH:107
LF:110
end_of_record
SF:src/checks/checkDuplicateDependencies.ts
FN:11,checkDuplicateDependencies
FN:23,anonymous_1
FN:26,anonymous_2
FN:59,anonymous_3
FN:61,anonymous_4
FN:95,reportDuplicate
FN:120,anonymous_6
FNDA:45,checkDuplicateDependencies
FNDA:78,anonymous_1
FNDA:71,anonymous_2
FNDA:38,anonymous_3
FNDA:38,anonymous_4
FNDA:13,reportDuplicate
FNDA:61,anonymous_6
FNF:7
FNH:7
BRDA:1,0,0,29
BRDA:11,1,0,45
BRDA:31,2,0,8
BRDA:32,3,0,8
BRDA:34,4,0,8
BRDA:53,5,0,14
BRDA:58,6,0,19
BRDA:30,7,0,2
BRDA:48,8,0,13
BRDA:52,9,0,1
BRDA:25,10,0,12
BRDA:21,11,0,0
BRDA:23,12,0,78
BRDA:26,13,0,71
BRDA:59,14,0,38
BRDA:61,15,0,38
BRDA:135,16,0,14
BRDA:64,17,0,1
BRDA:64,18,0,11
BRDA:67,19,0,11
BRDA:74,20,0,11
BRDA:82,21,0,11
BRDA:87,22,0,11
BRDA:109,23,0,11
BRDA:109,24,0,4
BRDA:109,25,0,6
BRDA:114,26,0,9
BRDA:116,27,0,3
BRDA:116,28,0,6
BRDA:117,29,0,7
BRDA:117,30,0,6
BRDA:122,31,0,2
BRDA:130,32,0,11
BRDA:139,33,0,6
BRDA:141,34,0,5
BRDA:114,35,0,4
BRDA:62,36,0,0
BRDA:65,37,0,0
BRDA:72,38,0,0
BRDA:80,39,0,0
BRDA:85,40,0,0
BRDA:85,41,0,0
BRDA:93,42,0,0
BRDA:144,43,0,0
BRDA:95,44,0,13
BRDA:97,45,0,0
BRDA:120,46,0,61
BRF:47
BRH:37
DA:1,29
DA:2,29
DA:3,29
DA:4,29
DA:5,29
DA:6,29
DA:7,29
DA:8,29
DA:9,29
DA:10,29
DA:11,29
DA:12,45
DA:13,45
DA:14,45
DA:15,45
DA:16,45
DA:17,45
DA:18,45
DA:19,45
DA:20,45
DA:21,45
DA:22,45
DA:23,45
DA:24,45
DA:25,45
DA:26,12
DA:27,12
DA:28,12
DA:29,12
DA:30,12
DA:31,12
DA:32,12
DA:33,12
DA:34,12
DA:35,12
DA:36,12
DA:37,12
DA:38,12
DA:39,12
DA:40,12
DA:41,12
DA:42,12
DA:43,12
DA:44,12
DA:45,12
DA:46,12
DA:47,12
DA:48,12
DA:49,12
DA:50,12
DA:51,12
DA:52,12
DA:53,12
DA:54,12
DA:55,12
DA:56,12
DA:57,12
DA:58,12
DA:59,12
DA:60,12
DA:61,12
DA:62,38
DA:63,38
DA:64,38
DA:65,38
DA:66,0
DA:67,0
DA:68,11
DA:69,11
DA:70,11
DA:71,11
DA:72,38
DA:73,0
DA:74,0
DA:75,11
DA:76,11
DA:77,11
DA:78,11
DA:79,11
DA:80,38
DA:81,0
DA:82,0
DA:83,11
DA:84,11
DA:85,38
DA:86,0
DA:87,0
DA:88,11
DA:89,11
DA:90,11
DA:91,11
DA:92,11
DA:93,38
DA:94,38
DA:95,38
DA:96,13
DA:97,13
DA:98,13
DA:99,13
DA:100,13
DA:101,13
DA:102,38
DA:103,38
DA:104,38
DA:105,38
DA:106,38
DA:107,38
DA:108,38
DA:109,38
DA:110,6
DA:111,6
DA:112,6
DA:113,6
DA:114,6
DA:115,4
DA:116,38
DA:117,38
DA:118,38
DA:119,38
DA:120,38
DA:121,38
DA:122,38
DA:123,2
DA:124,2
DA:125,2
DA:126,2
DA:127,2
DA:128,2
DA:129,2
DA:130,2
DA:131,11
DA:132,11
DA:133,11
DA:134,11
DA:135,38
DA:136,14
DA:137,14
DA:138,14
DA:139,38
DA:140,6
DA:141,6
DA:142,5
DA:143,5
DA:144,38
DA:145,38
DA:146,12
DA:147,12
DA:148,12
DA:149,45
LH:141
LF:149
end_of_record
SF:src/checks/checkExactVersions.ts
FN:20,isVersionRange
FN:26,checkExactVersion
FN:111,checkExactVersions
FNDA:29,isVersionRange
FNDA:29,checkExactVersion
FNDA:18,checkExactVersions
FNF:3
FNH:3
BRDA:1,0,0,29
BRDA:20,1,0,29
BRDA:21,2,0,16
BRDA:22,3,0,8
BRDA:23,4,0,6
BRDA:26,5,0,29
BRDA:39,6,0,21
BRDA:44,7,0,15
BRDA:44,8,0,3
BRDA:48,9,0,1
BRDA:51,10,0,2
BRDA:51,11,0,1
BRDA:63,12,0,2
BRDA:67,13,0,1
BRDA:79,14,0,1
BRDA:91,15,0,14
BRDA:92,16,0,2
BRDA:92,17,0,12
BRDA:93,18,0,2
BRDA:94,19,0,1
BRDA:40,20,0,0
BRDA:40,21,0,0
BRDA:111,22,0,15
BRDA:124,23,0,1
BRDA:124,24,0,14
BRDA:126,25,0,18
BRDA:127,26,0,0
BRDA:134,27,0,14
BRF:28
BRH:25
DA:1,29
DA:2,29
DA:3,29
DA:4,29
DA:5,29
DA:6,29
DA:7,29
DA:8,29
DA:9,29
DA:10,29
DA:11,29
DA:12,29
DA:13,29
DA:14,29
DA:15,29
DA:16,29
DA:17,29
DA:18,29
DA:19,29
DA:20,29
DA:21,29
DA:22,29
DA:23,29
DA:24,29
DA:25,29
DA:26,29
DA:27,29
DA:28,29
DA:29,29
DA:30,29
DA:31,29
DA:32,29
DA:33,29
DA:34,29
DA:35,29
DA:36,29
DA:37,29
DA:38,29
DA:39,29
DA:40,21
DA:41,0
DA:42,0
DA:43,21
DA:44,21
DA:45,3
DA:46,3
DA:47,3
DA:48,3
DA:49,1
DA:50,1
DA:51,3
DA:52,1
DA:53,1
DA:54,1
DA:55,1
DA:56,1
DA:57,1
DA:58,1
DA:59,1
DA:60,1
DA:61,1
DA:62,1
DA:63,3
DA:64,2
DA:65,2
DA:66,2
DA:67,2
DA:68,1
DA:69,1
DA:70,1
DA:71,1
DA:72,1
DA:73,1
DA:74,1
DA:75,1
DA:76,1
DA:77,1
DA:78,1
DA:79,2
DA:80,1
DA:81,1
DA:82,1
DA:83,1
DA:84,1
DA:85,1
DA:86,1
DA:87,1
DA:88,1
DA:89,1
DA:90,1
DA:91,21
DA:92,14
DA:93,14
DA:94,2
DA:95,1
DA:96,1
DA:97,1
DA:98,1
DA:99,2
DA:100,14
DA:101,14
DA:102,14
DA:103,14
DA:104,14
DA:105,14
DA:106,14
DA:107,14
DA:108,21
DA:109,29
DA:110,29
DA:111,29
DA:112,15
DA:113,15
DA:114,15
DA:115,15
DA:116,15
DA:117,15
DA:118,15
DA:119,15
DA:120,15
DA:121,15
DA:122,15
DA:123,15
DA:124,15
DA:125,14
DA:126,15
DA:127,18
DA:128,18
DA:129,18
DA:130,18
DA:131,18
DA:132,18
DA:133,18
DA:134,18
DA:135,14
DA:136,15
DA:137,15
DA:138,15
LH:136
LF:138
end_of_record
SF:src/checks/checkIdenticalVersions.ts
FN:9,checkIdenticalVersions
FN:21,anonymous_1
FN:40,anonymous_2
FN:42,anonymous_3
FNDA:6,checkIdenticalVersions
FNDA:6,anonymous_1
FNDA:8,anonymous_2
FNDA:8,anonymous_3
FNF:4
FNH:4
BRDA:1,0,0,29
BRDA:9,1,0,6
BRDA:19,2,0,0
BRDA:21,3,0,6
BRDA:23,4,0,0
BRDA:33,5,0,2
BRDA:34,6,0,2
BRDA:36,7,0,0
BRDA:40,8,0,8
BRDA:41,9,0,0
BRDA:42,10,0,8
BRDA:55,11,0,4
BRDA:45,12,0,0
BRDA:56,13,0,0
BRF:14
BRH:8
DA:1,29
DA:2,29
DA:3,29
DA:4,29
DA:5,29
DA:6,29
DA:7,29
DA:8,29
DA:9,29
DA:10,6
DA:11,6
DA:12,6
DA:13,6
DA:14,6
DA:15,6
DA:16,6
DA:17,6
DA:18,6
DA:19,6
DA:20,6
DA:21,6
DA:22,6
DA:23,6
DA:24,0
DA:25,0
DA:26,0
DA:27,0
DA:28,0
DA:29,0
DA:30,6
DA:31,6
DA:32,6
DA:33,6
DA:34,6
DA:35,6
DA:36,6
DA:37,0
DA:38,0
DA:39,6
DA:40,6
DA:41,8
DA:42,8
DA:43,8
DA:44,8
DA:45,8
DA:46,0
DA:47,0
DA:48,0
DA:49,0
DA:50,0
DA:51,0
DA:52,0
DA:53,0
DA:54,8
DA:55,8
DA:56,4
DA:57,0
DA:58,4
DA:59,4
DA:60,4
DA:61,4
DA:62,4
DA:63,4
DA:64,4
DA:65,4
DA:66,4
DA:67,4
DA:68,8
DA:69,6
DA:70,6
DA:71,6
LH:54
LF:71
end_of_record
SF:src/checks/checkIdenticalVersionsThanDependency.ts
FN:13,checkIdenticalVersionsThanDependency
FN:24,anonymous_1
FNDA:7,checkIdenticalVersionsThanDependency
FNDA:7,anonymous_1
FNF:2
FNH:2
BRDA:1,0,0,29
BRDA:13,1,0,7
BRDA:22,2,0,1
BRDA:24,3,0,7
BRDA:28,4,0,1
BRDA:34,5,0,4
BRDA:36,6,0,3
BRDA:36,7,0,1
BRDA:43,8,0,3
BRDA:45,9,0,2
BRDA:47,10,0,1
BRDA:55,11,0,2
BRDA:57,12,0,1
BRF:13
BRH:13
DA:1,29
DA:2,29
DA:3,29
DA:4,29
DA:5,29
DA:6,29
DA:7,29
DA:8,29
DA:9,29
DA:10,29
DA:11,29
DA:12,29
DA:13,29
DA:14,7
DA:15,7
DA:16,7
DA:17,7
DA:18,7
DA:19,7
DA:20,7
DA:21,7
DA:22,7
DA:23,7
DA:24,7
DA:25,7
DA:26,7
DA:27,7
DA:28,7
DA:29,1
DA:30,1
DA:31,1
DA:32,1
DA:33,1
DA:34,1
DA:35,4
DA:36,7
DA:37,1
DA:38,1
DA:39,1
DA:40,1
DA:41,1
DA:42,1
DA:43,1
DA:44,3
DA:45,7
DA:46,7
DA:47,7
DA:48,1
DA:49,1
DA:50,1
DA:51,1
DA:52,1
DA:53,1
DA:54,1
DA:55,1
DA:56,2
DA:57,7
DA:58,1
DA:59,1
DA:60,1
DA:61,1
DA:62,1
DA:63,1
DA:64,1
DA:65,7
DA:66,7
LH:66
LF:66
end_of_record
SF:src/checks/checkMinRangeSatisfies.ts
FN:12,checkDependencyMinRangeSatisfies
FN:55,checkMinRangeSatisfies
FNDA:16,checkDependencyMinRangeSatisfies
FNDA:23,checkMinRangeSatisfies
FNF:2
FNH:2
BRDA:1,0,0,29
BRDA:12,1,0,16
BRDA:18,2,0,1
BRDA:18,3,0,7
BRDA:19,4,0,7
BRDA:22,5,0,3
BRDA:22,6,0,12
BRDA:25,7,0,12
BRDA:28,8,0,2
BRDA:28,9,0,10
BRDA:36,10,0,4
BRDA:19,11,0,0
BRDA:25,12,0,0
BRDA:30,13,0,0
BRDA:45,14,0,0
BRDA:46,15,0,0
BRDA:55,16,0,23
BRDA:65,17,0,22
BRDA:65,18,0,1
BRDA:67,19,0,22
BRDA:70,20,0,0
BRDA:73,21,0,2
BRDA:73,22,0,20
BRDA:76,23,0,0
BRDA:76,24,0,20
BRDA:79,25,0,1
BRDA:79,26,0,19
BRDA:81,27,0,0
BRDA:87,28,0,14
BRDA:88,29,0,7
BRDA:91,30,0,1
BRDA:92,31,0,0
BRDA:94,32,0,7
BRDA:103,33,0,22
BRF:34
BRH:25
DA:1,29
DA:2,29
DA:3,29
DA:4,29
DA:5,29
DA:6,29
DA:7,29
DA:8,29
DA:9,29
DA:10,29
DA:11,29
DA:12,29
DA:13,16
DA:14,16
DA:15,16
DA:16,16
DA:17,16
DA:18,16
DA:19,16
DA:20,7
DA:21,7
DA:22,16
DA:23,12
DA:24,12
DA:25,16
DA:26,12
DA:27,12
DA:28,16
DA:29,10
DA:30,16
DA:31,16
DA:32,16
DA:33,16
DA:34,16
DA:35,16
DA:36,16
DA:37,4
DA:38,4
DA:39,4
DA:40,4
DA:41,4
DA:42,4
DA:43,4
DA:44,4
DA:45,4
DA:46,4
DA:47,4
DA:48,4
DA:49,16
DA:50,29
DA:51,29
DA:52,29
DA:53,29
DA:54,29
DA:55,29
DA:56,23
DA:57,23
DA:58,23
DA:59,23
DA:60,23
DA:61,23
DA:62,23
DA:63,23
DA:64,23
DA:65,23
DA:66,1
DA:67,1
DA:68,22
DA:69,22
DA:70,22
DA:71,22
DA:72,22
DA:73,22
DA:74,20
DA:75,20
DA:76,22
DA:77,20
DA:78,20
DA:79,22
DA:80,19
DA:81,22
DA:82,22
DA:83,22
DA:84,22
DA:85,22
DA:86,22
DA:87,22
DA:88,14
DA:89,7
DA:90,7
DA:91,7
DA:92,7
DA:93,7
DA:94,14
DA:95,7
DA:96,7
DA:97,7
DA:98,7
DA:99,7
DA:100,7
DA:101,7
DA:102,14
DA:103,22
DA:104,23
LH:104
LF:104
end_of_record
SF:src/checks/checkMonorepoDirectSubpackagePeerDependencies.ts
FN:25,isPeerDependencyDeclaredInPackage
FN:33,checkMonorepoDirectSubpackagePeerDependencies
FN:30,anonymous_2
FN:48,anonymous_3
FNDA:7,isPeerDependencyDeclaredInPackage
FNDA:4,checkMonorepoDirectSubpackagePeerDependencies
FNDA:21,anonymous_2
FNDA:12,anonymous_3
FNF:4
FNH:4
BRDA:1,0,0,29
BRDA:25,1,0,7
BRDA:33,2,0,4
BRDA:65,3,0,3
BRDA:67,4,0,1
BRDA:30,5,0,21
BRDA:30,6,0,9
BRDA:48,7,0,12
BRDA:50,8,0,7
BRDA:50,9,0,5
BRDA:51,10,0,6
BRDA:53,11,0,2
BRDA:55,12,0,4
BRDA:57,13,0,5
BRF:14
BRH:14
DA:1,29
DA:2,29
DA:3,29
DA:4,29
DA:5,29
DA:6,29
DA:7,29
DA:8,29
DA:9,29
DA:10,29
DA:11,29
DA:12,29
DA:13,29
DA:14,29
DA:15,29
DA:16,29
DA:17,29
DA:18,29
DA:19,29
DA:20,29
DA:21,29
DA:22,29
DA:23,29
DA:24,29
DA:25,29
DA:26,7
DA:27,7
DA:28,7
DA:29,7
DA:30,7
DA:31,29
DA:32,29
DA:33,29
DA:34,4
DA:35,4
DA:36,4
DA:37,4
DA:38,4
DA:39,4
DA:40,4
DA:41,4
DA:42,4
DA:43,4
DA:44,4
DA:45,4
DA:46,4
DA:47,4
DA:48,4
DA:49,12
DA:50,12
DA:51,12
DA:52,6
DA:53,6
DA:54,2
DA:55,2
DA:56,4
DA:57,4
DA:58,4
DA:59,4
DA:60,4
DA:61,4
DA:62,4
DA:63,4
DA:64,4
DA:65,4
DA:66,3
DA:67,3
DA:68,1
DA:69,1
DA:70,1
DA:71,1
DA:72,1
DA:73,1
DA:74,1
DA:75,1
DA:76,1
DA:77,1
DA:78,1
DA:79,4
DA:80,4
DA:81,4
DA:82,4
DA:83,4
DA:84,4
DA:85,4
DA:86,4
LH:86
LF:86
end_of_record
SF:src/checks/checkNoDependencies.ts
FN:7,checkNoDependencies
FNDA:4,checkNoDependencies
FNF:1
FNH:1
BRDA:1,0,0,3
BRDA:7,1,0,4
BRDA:14,2,0,2
BRF:3
BRH:3
DA:1,3
DA:2,3
DA:3,3
DA:4,3
DA:5,3
DA:6,3
DA:7,3
DA:8,4
DA:9,4
DA:10,4
DA:11,4
DA:12,4
DA:13,4
DA:14,4
DA:15,2
DA:16,2
DA:17,2
DA:18,2
DA:19,2
DA:20,2
DA:21,4
LH:21
LF:21
end_of_record
SF:src/checks/checkPeerDependencies.ts
FN:12,isDevOnlyPeerDependency
FN:20,checkSatisfiesPeerDependency
FN:64,checkPeerDependencies
FN:31,anonymous_3
FN:34,anonymous_4
FN:92,anonymous_5
FN:96,anonymous_6
FN:112,anonymous_7
FN:116,anonymous_8
FN:123,anonymous_9
FNDA:23,isDevOnlyPeerDependency
FNDA:18,checkSatisfiesPeerDependency
FNDA:23,checkPeerDependencies
FNDA:26,anonymous_3
FNDA:26,anonymous_4
FNDA:49,anonymous_5
FNDA:31,anonymous_6
FNDA:4,anonymous_7
FNDA:3,anonymous_8
FNDA:0,anonymous_9
FNF:10
FNH:9
BRDA:1,0,0,30
BRDA:12,1,0,23
BRDA:16,2,0,20
BRDA:17,3,0,19
BRDA:18,4,0,1
BRDA:18,5,0,18
BRDA:20,6,0,18
BRDA:64,7,0,23
BRDA:86,8,0,4
BRDA:88,9,0,3
BRDA:89,10,0,19
BRDA:99,11,0,7
BRDA:100,12,0,1
BRDA:102,13,0,6
BRDA:104,14,0,1
BRDA:105,15,0,1
BRDA:105,16,0,1
BRDA:107,17,0,5
BRDA:114,18,0,2
BRDA:119,19,0,1
BRDA:130,20,0,1
BRDA:134,21,0,4
BRDA:142,22,0,15
BRDA:81,23,0,0
BRDA:31,24,0,26
BRDA:34,25,0,26
BRDA:35,26,0,7
BRDA:37,27,0,16
BRDA:40,28,0,15
BRDA:40,29,0,1
BRDA:42,30,0,15
BRDA:51,31,0,3
BRDA:56,32,0,0
BRDA:57,33,0,0
BRDA:92,34,0,49
BRDA:96,35,0,31
BRDA:112,36,0,4
BRDA:116,37,0,3
BRF:38
BRH:35
DA:1,30
DA:2,30
DA:3,30
DA:4,30
DA:5,30
DA:6,30
DA:7,30
DA:8,30
DA:9,30
DA:10,30
DA:11,30
DA:12,30
DA:13,23
DA:14,23
DA:15,23
DA:16,23
DA:17,23
DA:18,30
DA:19,30
DA:20,30
DA:21,18
DA:22,18
DA:23,18
DA:24,18
DA:25,18
DA:26,18
DA:27,18
DA:28,18
DA:29,18
DA:30,18
DA:31,18
DA:32,18
DA:33,18
DA:34,18
DA:35,26
DA:36,7
DA:37,7
DA:38,16
DA:39,16
DA:40,26
DA:41,1
DA:42,1
DA:43,15
DA:44,15
DA:45,15
DA:46,15
DA:47,15
DA:48,15
DA:49,15
DA:50,15
DA:51,26
DA:52,3
DA:53,3
DA:54,3
DA:55,3
DA:56,3
DA:57,3
DA:58,3
DA:59,3
DA:60,3
DA:61,18
DA:62,18
DA:63,30
DA:64,30
DA:65,23
DA:66,23
DA:67,23
DA:68,23
DA:69,23
DA:70,23
DA:71,23
DA:72,23
DA:73,23
DA:74,23
DA:75,23
DA:76,23
DA:77,23
DA:78,23
DA:79,23
DA:80,23
DA:81,23
DA:82,23
DA:83,23
DA:84,23
DA:85,23
DA:86,23
DA:87,4
DA:88,23
DA:89,23
DA:90,23
DA:91,23
DA:92,23
DA:93,23
DA:94,23
DA:95,23
DA:96,23
DA:97,23
DA:98,23
DA:99,23
DA:100,7
DA:101,1
DA:102,1
DA:103,6
DA:104,7
DA:105,7
DA:106,1
DA:107,1
DA:108,5
DA:109,5
DA:110,5
DA:111,5
DA:112,5
DA:113,5
DA:114,7
DA:115,2
DA:116,2
DA:117,2
DA:118,2
DA:119,2
DA:120,1
DA:121,1
DA:122,1
DA:123,1
DA:124,1
DA:125,1
DA:126,1
DA:127,1
DA:128,1
DA:129,1
DA:130,1
DA:131,1
DA:132,1
DA:133,1
DA:134,1
DA:135,4
DA:136,4
DA:137,4
DA:138,4
DA:139,4
DA:140,4
DA:141,4
DA:142,23
DA:143,15
DA:144,15
DA:145,15
DA:146,15
DA:147,15
DA:148,15
DA:149,15
DA:150,15
DA:151,15
DA:152,15
DA:153,15
DA:154,23
DA:155,23
LH:155
LF:155
end_of_record
SF:src/checks/checkResolutionsHasExplanation.ts
FN:8,checkResolutionHasExplanation
FN:21,checkResolutionExplanation
FN:42,checkResolutionsHasExplanation
FNDA:2,checkResolutionHasExplanation
FNDA:2,checkResolutionExplanation
FNDA:0,checkResolutionsHasExplanation
FNF:3
FNH:2
BRDA:1,0,0,28
BRDA:8,1,0,2
BRDA:13,2,0,1
BRDA:13,3,0,1
BRDA:21,4,0,2
BRDA:26,5,0,1
BRDA:26,6,0,1
BRF:7
BRH:7
DA:1,28
DA:2,28
DA:3,28
DA:4,28
DA:5,28
DA:6,28
DA:7,28
DA:8,28
DA:9,2
DA:10,2
DA:11,2
DA:12,2
DA:13,2
DA:14,1
DA:15,1
DA:16,1
DA:17,1
DA:18,1
DA:19,2
DA:20,28
DA:21,28
DA:22,2
DA:23,2
DA:24,2
DA:25,2
DA:26,2
DA:27,1
DA:28,1
DA:29,1
DA:30,1
DA:31,1
DA:32,2
DA:33,28
DA:34,28
DA:35,28
DA:36,28
DA:37,28
DA:38,28
DA:39,28
DA:40,28
DA:41,28
DA:42,28
DA:43,0
DA:44,0
DA:45,0
DA:46,0
DA:47,0
DA:48,0
DA:49,0
DA:50,0
DA:51,0
DA:52,0
DA:53,0
DA:54,0
DA:55,0
DA:56,0
DA:57,0
DA:58,0
DA:59,0
DA:60,0
DA:61,0
DA:62,0
DA:63,0
DA:64,0
DA:65,0
DA:66,0
DA:67,0
DA:68,0
DA:69,0
DA:70,0
DA:71,0
DA:72,0
DA:73,0
DA:74,0
DA:75,0
DA:76,0
DA:77,0
LH:42
LF:77
end_of_record
SF:src/checks/checkResolutionsVersionsMatch.ts
FN:9,checkResolutionVersionMatch
FN:25,anonymous_1
FN:70,checkResolutionsVersionsMatch
FN:76,anonymous_3
FNDA:17,checkResolutionVersionMatch
FNDA:34,anonymous_1
FNDA:6,checkResolutionsVersionsMatch
FNDA:12,anonymous_3
FNF:4
FNH:4
BRDA:1,0,0,29
BRDA:9,1,0,17
BRDA:17,2,0,0
BRDA:18,3,0,3
BRDA:25,4,0,34
BRDA:26,5,0,26
BRDA:28,6,0,19
BRDA:28,7,0,15
BRDA:32,8,0,14
BRDA:38,9,0,8
BRDA:32,10,0,1
BRDA:39,11,0,2
BRDA:41,12,0,4
BRDA:70,13,0,6
BRDA:75,14,0,1
BRDA:76,15,0,12
BRF:16
BRH:15
DA:1,29
DA:2,29
DA:3,29
DA:4,29
DA:5,29
DA:6,29
DA:7,29
DA:8,29
DA:9,29
DA:10,17
DA:11,17
DA:12,17
DA:13,17
DA:14,17
DA:15,17
DA:16,17
DA:17,17
DA:18,17
DA:19,3
DA:20,3
DA:21,3
DA:22,3
DA:23,3
DA:24,3
DA:25,17
DA:26,34
DA:27,34
DA:28,34
DA:29,15
DA:30,15
DA:31,15
DA:32,34
DA:33,14
DA:34,14
DA:35,14
DA:36,14
DA:37,14
DA:38,34
DA:39,8
DA:40,2
DA:41,8
DA:42,4
DA:43,4
DA:44,4
DA:45,4
DA:46,4
DA:47,4
DA:48,4
DA:49,4
DA:50,4
DA:51,4
DA:52,4
DA:53,4
DA:54,4
DA:55,4
DA:56,4
DA:57,4
DA:58,4
DA:59,4
DA:60,4
DA:61,4
DA:62,8
DA:63,17
DA:64,17
DA:65,29
DA:66,29
DA:67,29
DA:68,29
DA:69,29
DA:70,29
DA:71,6
DA:72,6
DA:73,6
DA:74,6
DA:75,6
DA:76,6
DA:77,12
DA:78,12
DA:79,12
DA:80,6
DA:81,6
LH:81
LF:81
end_of_record
SF:src/checks/checkSatisfiesVersions.ts
FN:11,isVersionSatisfiesRange
FN:29,checkSatisfiesVersion
FN:56,checkMissingSatisfiesVersions
FN:87,checkSatisfiesVersions
FN:65,anonymous_4
FN:103,anonymous_5
FNDA:7,isVersionSatisfiesRange
FNDA:6,checkSatisfiesVersion
FNDA:9,checkMissingSatisfiesVersions
FNDA:4,checkSatisfiesVersions
FNDA:9,anonymous_4
FNDA:4,anonymous_5
FNF:6
FNH:6
BRDA:1,0,0,29
BRDA:11,1,0,7
BRDA:18,2,0,1
BRDA:18,3,0,2
BRDA:29,4,0,6
BRDA:35,5,0,1
BRDA:47,6,0,0
BRDA:56,7,0,9
BRDA:87,8,0,4
BRDA:102,9,0,0
BRDA:65,10,0,9
BRDA:68,11,0,1
BRDA:69,12,0,4
BRDA:75,13,0,2
BRDA:103,14,0,4
BRDA:105,15,0,3
BRF:16
BRH:14
DA:1,29
DA:2,29
DA:3,29
DA:4,29
DA:5,29
DA:6,29
DA:7,29
DA:8,29
DA:9,29
DA:10,29
DA:11,29
DA:12,7
DA:13,7
DA:14,7
DA:15,7
DA:16,7
DA:17,7
DA:18,7
DA:19,2
DA:20,2
DA:21,2
DA:22,2
DA:23,2
DA:24,2
DA:25,2
DA:26,7
DA:27,7
DA:28,29
DA:29,29
DA:30,6
DA:31,6
DA:32,6
DA:33,6
DA:34,6
DA:35,6
DA:36,1
DA:37,1
DA:38,1
DA:39,1
DA:40,1
DA:41,1
DA:42,1
DA:43,1
DA:44,1
DA:45,1
DA:46,1
DA:47,1
DA:48,0
DA:49,0
DA:50,0
DA:51,1
DA:52,1
DA:53,1
DA:54,6
DA:55,29
DA:56,29
DA:57,9
DA:58,9
DA:59,9
DA:60,9
DA:61,9
DA:62,9
DA:63,9
DA:64,9
DA:65,9
DA:66,9
DA:67,9
DA:68,9
DA:69,9
DA:70,4
DA:71,4
DA:72,4
DA:73,9
DA:74,9
DA:75,9
DA:76,2
DA:77,2
DA:78,2
DA:79,2
DA:80,2
DA:81,2
DA:82,2
DA:83,2
DA:84,9
DA:85,9
DA:86,29
DA:87,29
DA:88,4
DA:89,4
DA:90,4
DA:91,4
DA:92,4
DA:93,4
DA:94,4
DA:95,4
DA:96,4
DA:97,4
DA:98,4
DA:99,4
DA:100,4
DA:101,4
DA:102,4
DA:103,4
DA:104,4
DA:105,4
DA:106,3
DA:107,3
DA:108,4
DA:109,4
LH:106
LF:109
end_of_record
SF:src/checks/checkSatisfiesVersionsBetweenDependencies.ts
FN:18,checkSatisfiesVersionsBetweenDependencies
FN:34,anonymous_1
FNDA:3,checkSatisfiesVersionsBetweenDependencies
FNDA:3,anonymous_1
FNF:2
FNH:2
BRDA:1,0,0,3
BRDA:18,1,0,3
BRDA:31,2,0,0
BRDA:32,3,0,0
BRDA:34,4,0,3
BRDA:37,5,0,0
BRDA:49,6,0,0
BRDA:60,7,0,1
BRDA:60,8,0,2
BRDA:67,9,0,1
BRDA:71,10,0,0
BRF:11
BRH:6
DA:1,3
DA:2,3
DA:3,3
DA:4,3
DA:5,3
DA:6,3
DA:7,3
DA:8,3
DA:9,3
DA:10,3
DA:11,3
DA:12,3
DA:13,3
DA:14,3
DA:15,3
DA:16,3
DA:17,3
DA:18,3
DA:19,3
DA:20,3
DA:21,3
DA:22,3
DA:23,3
DA:24,3
DA:25,3
DA:26,3
DA:27,3
DA:28,3
DA:29,3
DA:30,3
DA:31,3
DA:32,3
DA:33,3
DA:34,3
DA:35,3
DA:36,3
DA:37,3
DA:38,0
DA:39,0
DA:40,0
DA:41,0
DA:42,0
DA:43,0
DA:44,0
DA:45,0
DA:46,3
DA:47,3
DA:48,3
DA:49,3
DA:50,0
DA:51,0
DA:52,0
DA:53,0
DA:54,0
DA:55,0
DA:56,0
DA:57,3
DA:58,3
DA:59,3
DA:60,3
DA:61,2
DA:62,2
DA:63,2
DA:64,2
DA:65,2
DA:66,2
DA:67,3
DA:68,1
DA:69,1
DA:70,1
DA:71,1
DA:72,1
DA:73,1
DA:74,3
DA:75,3
LH:60
LF:75
end_of_record
SF:src/checks/checkSatisfiesVersionsFromDependency.ts
FN:26,checkSatisfiesVersionsFromDependency
FN:42,anonymous_1
FN:57,getAutoFixIfExists
FN:59,anonymous_3
FNDA:21,checkSatisfiesVersionsFromDependency
FNDA:20,anonymous_1
FNDA:12,getAutoFixIfExists
FNDA:12,anonymous_3
FNF:4
FNH:4
BRDA:1,0,0,3
BRDA:26,1,0,21
BRDA:39,2,0,3
BRDA:40,3,0,1
BRDA:42,4,0,20
BRDA:45,5,0,1
BRDA:53,6,0,19
BRDA:71,7,0,6
BRDA:73,8,0,2
BRDA:78,9,0,0
BRDA:81,10,0,4
BRDA:84,11,0,13
BRDA:87,12,0,1
BRDA:87,13,0,12
BRDA:94,14,0,6
BRDA:96,15,0,1
BRDA:101,16,0,0
BRDA:104,17,0,5
BRDA:57,18,0,12
BRDA:58,19,0,6
BRDA:58,20,0,6
BRDA:67,21,0,7
BRDA:68,22,0,5
BRDA:59,23,0,12
BRDA:60,24,0,6
BRDA:63,25,0,3
BRDA:63,26,0,3
BRF:27
BRH:25
DA:1,3
DA:2,3
DA:3,3
DA:4,3
DA:5,3
DA:6,3
DA:7,3
DA:8,3
DA:9,3
DA:10,3
DA:11,3
DA:12,3
DA:13,3
DA:14,3
DA:15,3
DA:16,3
DA:17,3
DA:18,3
DA:19,3
DA:20,3
DA:21,3
DA:22,3
DA:23,3
DA:24,3
DA:25,3
DA:26,3
DA:27,21
DA:28,21
DA:29,21
DA:30,21
DA:31,21
DA:32,21
DA:33,21
DA:34,21
DA:35,21
DA:36,21
DA:37,21
DA:38,21
DA:39,21
DA:40,21
DA:41,21
DA:42,21
DA:43,20
DA:44,20
DA:45,20
DA:46,1
DA:47,1
DA:48,1
DA:49,1
DA:50,1
DA:51,1
DA:52,1
DA:53,1
DA:54,19
DA:55,19
DA:56,19
DA:57,19
DA:58,12
DA:59,12
DA:60,12
DA:61,6
DA:62,6
DA:63,12
DA:64,12
DA:65,12
DA:66,12
DA:67,12
DA:68,12
DA:69,19
DA:70,19
DA:71,20
DA:72,6
DA:73,6
DA:74,2
DA:75,2
DA:76,2
DA:77,2
DA:78,2
DA:79,2
DA:80,2
DA:81,6
DA:82,4
DA:83,4
DA:84,20
DA:85,13
DA:86,13
DA:87,13
DA:88,12
DA:89,12
DA:90,12
DA:91,12
DA:92,12
DA:93,12
DA:94,13
DA:95,6
DA:96,6
DA:97,1
DA:98,1
DA:99,1
DA:100,1
DA:101,1
DA:102,1
DA:103,1
DA:104,6
DA:105,5
DA:106,5
DA:107,6
DA:108,13
DA:109,21
DA:110,21
LH:110
LF:110
end_of_record
SF:src/checks/checkSatisfiesVersionsInDependency.ts
FN:8,checkSatisfiesVersionsInDependency
FNDA:20,checkSatisfiesVersionsInDependency
FNF:1
FNH:1
BRDA:1,0,0,29
BRDA:8,1,0,20
BRDA:15,2,0,18
BRDA:22,3,0,10
BRDA:23,4,0,6
BRDA:23,5,0,3
BRDA:30,6,0,8
BRDA:30,7,0,2
BRDA:36,8,0,6
BRDA:36,9,0,1
BRDA:42,10,0,5
BRDA:43,11,0,4
BRDA:50,12,0,2
BRDA:58,13,0,1
BRDA:16,14,0,0
BRF:15
BRH:14
DA:1,29
DA:2,29
DA:3,29
DA:4,29
DA:5,29
DA:6,29
DA:7,29
DA:8,29
DA:9,20
DA:10,20
DA:11,20
DA:12,20
DA:13,20
DA:14,20
DA:15,20
DA:16,18
DA:17,18
DA:18,18
DA:19,18
DA:20,18
DA:21,18
DA:22,18
DA:23,10
DA:24,3
DA:25,3
DA:26,3
DA:27,3
DA:28,3
DA:29,3
DA:30,18
DA:31,2
DA:32,2
DA:33,2
DA:34,2
DA:35,2
DA:36,8
DA:37,1
DA:38,1
DA:39,1
DA:40,1
DA:41,1
DA:42,6
DA:43,5
DA:44,4
DA:45,4
DA:46,4
DA:47,4
DA:48,4
DA:49,4
DA:50,5
DA:51,2
DA:52,2
DA:53,2
DA:54,2
DA:55,2
DA:56,2
DA:57,2
DA:58,5
DA:59,1
DA:60,1
DA:61,1
DA:62,1
DA:63,1
DA:64,1
DA:65,18
DA:66,18
DA:67,20
LH:67
LF:67
end_of_record
SF:src/eslint-plugin.ts
FNF:0
FNH:0
BRDA:1,0,0,26
BRF:1
BRH:1
DA:1,26
DA:2,26
DA:3,26
DA:4,26
DA:5,26
DA:6,26
DA:7,26
DA:8,26
DA:9,26
DA:10,26
DA:11,26
DA:12,26
DA:13,26
DA:14,26
DA:15,26
DA:16,26
DA:17,26
DA:18,26
DA:19,26
DA:20,26
DA:21,26
DA:22,26
DA:23,26
DA:24,26
DA:25,26
DA:26,26
DA:27,26
DA:28,26
DA:29,26
DA:30,26
DA:31,26
DA:32,26
DA:33,26
DA:34,26
DA:35,26
DA:36,26
DA:37,26
DA:38,26
DA:39,26
DA:40,26
DA:41,26
DA:42,26
DA:43,26
DA:44,26
DA:45,26
DA:46,26
DA:47,26
DA:48,26
DA:49,26
DA:50,26
DA:51,26
DA:52,26
DA:53,26
DA:54,26
DA:55,26
DA:56,26
DA:57,26
LH:57
LF:57
end_of_record
SF:src/eslint/create-rule/createPackageRule.ts
FN:82,createPackageRule
FN:136,create
FN:143,isLibraryFor
FN:147,anonymous_3
FN:150,anonymous_4
FN:160,anonymous_5
FN:163,anonymous_6
FN:195,createReportError
FN:202,anonymous_8
FN:235,context.report.fix
FN:240,anonymous_10
FN:242,fix
FN:254,checkOnlyWarnsForArray
FN:262,anonymous_13
FN:272,checkOnlyWarnsForMapping
FN:278,anonymous_15
FN:293,Package
FN:325,loadWorkspacePackageJsons
FN:369,anonymous_18
FN:371,anonymous_19
FN:387,getWorkspaceMemberNames
FN:389,getWorkspaceRootPackageJson
FN:416,Package:exit
FN:435,DependencyValue
FN:447,getWorkspaceMemberNames
FN:455,anonymous_25
FN:471,getTargetRangeFromErrorTarget
FN:355,anonymous_27
FNDA:468,createPackageRule
FNDA:75,create
FNDA:125,isLibraryFor
FNDA:75,anonymous_3
FNDA:8,anonymous_4
FNDA:75,anonymous_5
FNDA:4,anonymous_6
FNDA:106,createReportError
FNDA:41,anonymous_8
FNDA:8,context.report.fix
FNDA:4,anonymous_10
FNDA:4,fix
FNDA:75,checkOnlyWarnsForArray
FNDA:0,anonymous_13
FNDA:76,checkOnlyWarnsForMapping
FNDA:0,anonymous_15
FNDA:75,Package
FNDA:17,loadWorkspacePackageJsons
FNDA:75,anonymous_18
FNDA:12,anonymous_19
FNDA:0,getWorkspaceMemberNames
FNDA:4,getWorkspaceRootPackageJson
FNDA:75,Package:exit
FNDA:79,DependencyValue
FNDA:8,getWorkspaceMemberNames
FNDA:12,anonymous_25
FNDA:12,getTargetRangeFromErrorTarget
FNDA:19,anonymous_27
FNF:28
FNH:25
BRDA:1,0,0,26
BRDA:82,1,0,468
BRDA:131,2,0,104
BRDA:131,3,0,364
BRDA:133,4,0,0
BRDA:136,5,0,75
BRDA:177,6,0,2
BRDA:178,7,0,2
BRDA:185,8,0,2
BRDA:434,9,0,4
BRDA:503,10,0,2
BRDA:173,11,0,0
BRDA:188,12,0,0
BRDA:143,13,0,125
BRDA:147,14,0,75
BRDA:150,15,0,8
BRDA:160,16,0,75
BRDA:163,17,0,4
BRDA:195,18,0,106
BRDA:202,19,0,41
BRDA:219,20,0,0
BRDA:235,21,0,8
BRDA:240,22,0,4
BRDA:241,23,0,0
BRDA:242,24,0,4
BRDA:254,25,0,75
BRDA:259,26,0,0
BRDA:272,27,0,76
BRDA:293,28,0,75
BRDA:309,29,0,4
BRDA:311,30,0,2
BRDA:381,31,0,2
BRDA:295,32,0,0
BRDA:403,33,0,0
BRDA:325,34,0,12
BRDA:339,35,0,17
BRDA:332,36,0,0
BRDA:345,37,0,0
BRDA:369,38,0,75
BRDA:371,39,0,12
BRDA:389,40,0,4
BRDA:416,41,0,75
BRDA:420,42,0,0
BRDA:435,43,0,79
BRDA:442,44,0,0
BRDA:447,45,0,8
BRDA:455,46,0,12
BRDA:457,47,0,0
BRDA:459,48,0,0
BRDA:467,49,0,0
BRDA:489,50,0,0
BRDA:496,51,0,0
BRDA:471,52,0,12
BRDA:477,53,0,0
BRDA:479,54,0,0
BRDA:480,55,0,0
BRDA:355,56,0,19
BRDA:360,57,0,0
BRF:58
BRH:37
DA:1,26
DA:2,26
DA:3,26
DA:4,26
DA:5,26
DA:6,26
DA:7,26
DA:8,26
DA:9,26
DA:10,26
DA:11,26
DA:12,26
DA:13,26
DA:14,26
DA:15,26
DA:16,26
DA:17,26
DA:18,26
DA:19,26
DA:20,26
DA:21,26
DA:22,26
DA:23,26
DA:24,26
DA:25,26
DA:26,26
DA:27,26
DA:28,26
DA:29,26
DA:30,26
DA:31,26
DA:32,26
DA:33,26
DA:34,26
DA:35,26
DA:36,26
DA:37,26
DA:38,26
DA:39,26
DA:40,26
DA:41,26
DA:42,26
DA:43,26
DA:44,26
DA:45,26
DA:46,26
DA:47,26
DA:48,26
DA:49,26
DA:50,26
DA:51,26
DA:52,26
DA:53,26
DA:54,26
DA:55,26
DA:56,26
DA:57,26
DA:58,26
DA:59,26
DA:60,26
DA:61,26
DA:62,26
DA:63,26
DA:64,26
DA:65,26
DA:66,26
DA:67,26
DA:68,26
DA:69,26
DA:70,26
DA:71,26
DA:72,26
DA:73,26
DA:74,26
DA:75,26
DA:76,26
DA:77,26
DA:78,26
DA:79,26
DA:80,26
DA:81,26
DA:82,26
DA:83,468
DA:84,468
DA:85,468
DA:86,468
DA:87,468
DA:88,468
DA:89,468
DA:90,468
DA:91,468
DA:92,468
DA:93,468
DA:94,468
DA:95,468
DA:96,468
DA:97,468
DA:98,468
DA:99,468
DA:100,468
DA:101,468
DA:102,468
DA:103,468
DA:104,468
DA:105,468
DA:106,468
DA:107,468
DA:108,468
DA:109,468
DA:110,468
DA:111,468
DA:112,468
DA:113,468
DA:114,468
DA:115,468
DA:116,468
DA:117,468
DA:118,468
DA:119,468
DA:120,468
DA:121,468
DA:122,468
DA:123,468
DA:124,468
DA:125,468
DA:126,468
DA:127,468
DA:128,468
DA:129,468
DA:130,468
DA:131,468
DA:132,468
DA:133,468
DA:134,468
DA:135,468
DA:136,468
DA:137,75
DA:138,75
DA:139,75
DA:140,75
DA:141,75
DA:142,75
DA:143,75
DA:144,75
DA:145,75
DA:146,75
DA:147,75
DA:148,75
DA:149,75
DA:150,75
DA:151,8
DA:152,8
DA:153,8
DA:154,8
DA:155,8
DA:156,75
DA:157,75
DA:158,75
DA:159,75
DA:160,75
DA:161,75
DA:162,75
DA:163,75
DA:164,4
DA:165,4
DA:166,4
DA:167,4
DA:168,4
DA:169,75
DA:170,75
DA:171,75
DA:172,75
DA:173,75
DA:174,75
DA:175,75
DA:176,75
DA:177,75
DA:178,75
DA:179,2
DA:180,75
DA:181,75
DA:182,75
DA:183,75
DA:184,75
DA:185,75
DA:186,75
DA:187,75
DA:188,75
DA:189,0
DA:190,0
DA:191,0
DA:192,75
DA:193,75
DA:194,75
DA:195,75
DA:196,106
DA:197,106
DA:198,106
DA:199,106
DA:200,106
DA:201,106
DA:202,106
DA:203,41
DA:204,41
DA:205,41
DA:206,41
DA:207,41
DA:208,41
DA:209,41
DA:210,41
DA:211,41
DA:212,41
DA:213,41
DA:214,41
DA:215,41
DA:216,41
DA:217,41
DA:218,41
DA:219,41
DA:220,41
DA:221,41
DA:222,41
DA:223,41
DA:224,41
DA:225,41
DA:226,41
DA:227,41
DA:228,41
DA:229,41
DA:230,41
DA:231,41
DA:232,41
DA:233,41
DA:234,41
DA:235,41
DA:236,41
DA:237,41
DA:238,41
DA:239,41
DA:240,41
DA:241,4
DA:242,4
DA:243,4
DA:244,4
DA:245,4
DA:246,4
DA:247,4
DA:248,41
DA:249,41
DA:250,41
DA:251,41
DA:252,75
DA:253,75
DA:254,75
DA:255,75
DA:256,75
DA:257,75
DA:258,75
DA:259,75
DA:260,0
DA:261,0
DA:262,0
DA:263,0
DA:264,0
DA:265,0
DA:266,0
DA:267,0
DA:268,0
DA:269,0
DA:270,75
DA:271,75
DA:272,75
DA:273,76
DA:274,76
DA:275,76
DA:276,76
DA:277,76
DA:278,76
DA:279,0
DA:280,0
DA:281,0
DA:282,0
DA:283,0
DA:284,0
DA:285,0
DA:286,0
DA:287,0
DA:288,76
DA:289,76
DA:290,75
DA:291,75
DA:292,75
DA:293,75
DA:294,75
DA:295,75
DA:296,0
DA:297,0
DA:298,0
DA:299,0
DA:300,0
DA:301,0
DA:302,0
DA:303,0
DA:304,75
DA:305,75
DA:306,75
DA:307,75
DA:308,75
DA:309,75
DA:310,4
DA:311,75
DA:312,2
DA:313,2
DA:314,2
DA:315,2
DA:316,2
DA:317,2
DA:318,2
DA:319,2
DA:320,2
DA:321,75
DA:322,75
DA:323,75
DA:324,75
DA:325,75
DA:326,12
DA:327,12
DA:328,12
DA:329,12
DA:330,12
DA:331,12
DA:332,12
DA:333,0
DA:334,0
DA:335,0
DA:336,0
DA:337,12
DA:338,12
DA:339,12
DA:340,17
DA:341,17
DA:342,17
DA:343,17
DA:344,17
DA:345,17
DA:346,0
DA:347,0
DA:348,0
DA:349,0
DA:350,0
DA:351,17
DA:352,17
DA:353,17
DA:354,12
DA:355,12
DA:356,19
DA:357,19
DA:358,19
DA:359,19
DA:360,19
DA:361,0
DA:362,0
DA:363,0
DA:364,0
DA:365,0
DA:366,12
DA:367,75
DA:368,75
DA:369,75
DA:370,75
DA:371,75
DA:372,12
DA:373,12
DA:374,12
DA:375,12
DA:376,75
DA:377,75
DA:378,75
DA:379,75
DA:380,75
DA:381,75
DA:382,2
DA:383,2
DA:384,2
DA:385,2
DA:386,2
DA:387,2
DA:388,2
DA:389,2
DA:390,2
DA:391,2
DA:392,2
DA:393,2
DA:394,2
DA:395,2
DA:396,2
DA:397,2
DA:398,2
DA:399,2
DA:400,2
DA:401,2
DA:402,2
DA:403,75
DA:404,0
DA:405,0
DA:406,0
DA:407,0
DA:408,0
DA:409,0
DA:410,0
DA:411,0
DA:412,0
DA:413,0
DA:414,75
DA:415,75
DA:416,75
DA:417,75
DA:418,75
DA:419,75
DA:420,75
DA:421,0
DA:422,0
DA:423,0
DA:424,0
DA:425,0
DA:426,0
DA:427,0
DA:428,0
DA:429,0
DA:430,0
DA:431,75
DA:432,75
DA:433,75
DA:434,75
DA:435,4
DA:436,79
DA:437,79
DA:438,79
DA:439,79
DA:440,79
DA:441,79
DA:442,79
DA:443,79
DA:444,79
DA:445,79
DA:446,79
DA:447,79
DA:448,79
DA:449,79
DA:450,79
DA:451,79
DA:452,79
DA:453,79
DA:454,79
DA:455,79
DA:456,12
DA:457,12
DA:458,12
DA:459,12
DA:460,0
DA:461,0
DA:462,0
DA:463,0
DA:464,12
DA:465,12
DA:466,12
DA:467,12
DA:468,0
DA:469,0
DA:470,12
DA:471,12
DA:472,12
DA:473,12
DA:474,12
DA:475,12
DA:476,12
DA:477,12
DA:478,0
DA:479,12
DA:480,12
DA:481,0
DA:482,12
DA:483,12
DA:484,12
DA:485,12
DA:486,12
DA:487,12
DA:488,12
DA:489,12
DA:490,0
DA:491,0
DA:492,12
DA:493,12
DA:494,12
DA:495,12
DA:496,12
DA:497,12
DA:498,12
DA:499,79
DA:500,79
DA:501,4
DA:502,4
DA:503,75
DA:504,75
DA:505,468
DA:506,468
DA:507,468
DA:508,468
LH:434
LF:508
end_of_record
SF:src/eslint/eslint.testUtils.ts
FN:19,stringifyContent
FN:24,globToRegExp
FN:28,anonymous_2
FN:38,getAncestorDirectoryPaths
FN:61,mockFileSystem
FN:63,anonymous_5
FN:70,readFile
FN:84,anonymous_7
FN:91,anonymous_8
FN:94,anonymous_9
FN:97,anonymous_10
FN:99,anonymous_11
FN:102,anonymous_12
FN:116,createConfig
FN:126,anonymous_14
FN:134,getContentToLint
FN:147,lintPackageJson
FN:160,lintPackageJsonMessages
FN:166,anonymous_18
FN:171,fixPackageJson
FNDA:76,stringifyContent
FNDA:18,globToRegExp
FNDA:36,anonymous_2
FNDA:326,getAncestorDirectoryPaths
FNDA:22,mockFileSystem
FNDA:54,anonymous_5
FNDA:125,readFile
FNDA:57,anonymous_7
FNDA:18,anonymous_8
FNDA:18,anonymous_9
FNDA:189,anonymous_10
FNDA:189,anonymous_11
FNDA:99,anonymous_12
FNDA:22,createConfig
FNDA:25,anonymous_14
FNDA:22,getContentToLint
FNDA:20,lintPackageJson
FNDA:13,lintPackageJsonMessages
FNDA:12,anonymous_18
FNDA:2,fixPackageJson
FNF:20
FNH:20
BRDA:1,0,0,9
BRDA:19,1,0,76
BRDA:21,2,0,2
BRDA:22,3,0,18
BRDA:24,4,0,18
BRDA:28,5,0,36
BRDA:30,6,0,0
BRDA:38,7,0,22
BRDA:42,8,0,53
BRDA:47,9,0,326
BRDA:61,10,0,22
BRDA:63,11,0,54
BRDA:70,12,0,125
BRDA:72,13,0,49
BRDA:79,14,0,68
BRDA:72,15,0,4
BRDA:84,16,0,57
BRDA:91,17,0,18
BRDA:92,18,0,0
BRDA:93,19,0,0
BRDA:94,20,0,18
BRDA:97,21,0,189
BRDA:99,22,0,189
BRDA:100,23,0,171
BRDA:101,24,0,99
BRDA:102,25,0,99
BRDA:116,26,0,22
BRDA:126,27,0,25
BRDA:134,28,0,22
BRDA:136,29,0,0
BRDA:147,30,0,20
BRDA:160,31,0,13
BRDA:166,32,0,12
BRDA:171,33,0,2
BRF:34
BRH:30
DA:1,9
DA:2,9
DA:3,9
DA:4,9
DA:5,9
DA:6,9
DA:7,9
DA:8,9
DA:9,9
DA:10,9
DA:11,9
DA:12,9
DA:13,9
DA:14,9
DA:15,9
DA:16,9
DA:17,9
DA:18,9
DA:19,9
DA:20,76
DA:21,76
DA:22,9
DA:23,9
DA:24,9
DA:25,18
DA:26,18
DA:27,18
DA:28,18
DA:29,36
DA:30,36
DA:31,36
DA:32,36
DA:33,18
DA:34,18
DA:35,18
DA:36,9
DA:37,9
DA:38,9
DA:39,22
DA:40,22
DA:41,22
DA:42,22
DA:43,53
DA:44,53
DA:45,53
DA:46,53
DA:47,53
DA:48,326
DA:49,326
DA:50,53
DA:51,22
DA:52,9
DA:53,9
DA:54,9
DA:55,9
DA:56,9
DA:57,9
DA:58,9
DA:59,9
DA:60,9
DA:61,9
DA:62,22
DA:63,22
DA:64,54
DA:65,54
DA:66,22
DA:67,22
DA:68,22
DA:69,22
DA:70,22
DA:71,125
DA:72,125
DA:73,4
DA:74,4
DA:75,4
DA:76,4
DA:77,4
DA:78,4
DA:79,4
DA:80,4
DA:81,22
DA:82,22
DA:83,22
DA:84,22
DA:85,57
DA:86,22
DA:87,22
DA:88,22
DA:89,22
DA:90,22
DA:91,22
DA:92,18
DA:93,18
DA:94,18
DA:95,18
DA:96,18
DA:97,18
DA:98,18
DA:99,18
DA:100,189
DA:101,189
DA:102,18
DA:103,18
DA:104,18
DA:105,22
DA:106,22
DA:107,22
DA:108,9
DA:109,9
DA:110,9
DA:111,9
DA:112,9
DA:113,9
DA:114,9
DA:115,9
DA:116,9
DA:117,22
DA:118,22
DA:119,22
DA:120,22
DA:121,22
DA:122,22
DA:123,22
DA:124,22
DA:125,22
DA:126,22
DA:127,25
DA:128,25
DA:129,22
DA:130,22
DA:131,22
DA:132,9
DA:133,9
DA:134,9
DA:135,22
DA:136,22
DA:137,0
DA:138,0
DA:139,22
DA:140,22
DA:141,9
DA:142,9
DA:143,9
DA:144,9
DA:145,9
DA:146,9
DA:147,9
DA:148,20
DA:149,20
DA:150,20
DA:151,20
DA:152,20
DA:153,20
DA:154,20
DA:155,20
DA:156,20
DA:157,20
DA:158,9
DA:159,9
DA:160,9
DA:161,13
DA:162,13
DA:163,13
DA:164,13
DA:165,13
DA:166,13
DA:167,13
DA:168,13
DA:169,9
DA:170,9
DA:171,9
DA:172,2
DA:173,2
DA:174,2
DA:175,2
DA:176,2
DA:177,2
DA:178,2
DA:179,2
DA:180,2
DA:181,2
LH:179
LF:181
end_of_record
SF:src/eslint/language.ts
FN:63,validateLanguageOptions
FN:65,parse
FN:97,anonymous_2
FN:99,anonymous_3
FN:129,createSourceCode
FNDA:94,validateLanguageOptions
FNDA:67,parse
FNDA:402,anonymous_2
FNDA:98,anonymous_3
FNDA:67,createSourceCode
FNF:5
FNH:5
BRDA:1,0,0,26
BRDA:63,1,0,94
BRDA:65,2,0,67
BRDA:69,3,0,0
BRDA:115,4,0,0
BRDA:97,5,0,402
BRDA:98,6,0,306
BRDA:99,7,0,98
BRDA:129,8,0,67
BRDA:134,9,0,0
BRF:10
BRH:7
DA:1,26
DA:2,26
DA:3,26
DA:4,26
DA:5,26
DA:6,26
DA:7,26
DA:8,26
DA:9,26
DA:10,26
DA:11,26
DA:12,26
DA:13,26
DA:14,26
DA:15,26
DA:16,26
DA:17,26
DA:18,26
DA:19,26
DA:20,26
DA:21,26
DA:22,26
DA:23,26
DA:24,26
DA:25,26
DA:26,26
DA:27,26
DA:28,26
DA:29,26
DA:30,26
DA:31,26
DA:32,26
DA:33,26
DA:34,26
DA:35,26
DA:36,26
DA:37,26
DA:38,26
DA:39,26
DA:40,26
DA:41,26
DA:42,26
DA:43,26
DA:44,26
DA:45,26
DA:46,26
DA:47,26
DA:48,26
DA:49,26
DA:50,26
DA:51,26
DA:52,26
DA:53,26
DA:54,26
DA:55,26
DA:56,26
DA:57,26
DA:58,26
DA:59,26
DA:60,26
DA:61,26
DA:62,26
DA:63,26
DA:64,26
DA:65,26
DA:66,67
DA:67,67
DA:68,67
DA:69,67
DA:70,0
DA:71,0
DA:72,67
DA:73,67
DA:74,67
DA:75,67
DA:76,67
DA:77,67
DA:78,67
DA:79,67
DA:80,67
DA:81,67
DA:82,67
DA:83,67
DA:84,67
DA:85,67
DA:86,67
DA:87,67
DA:88,67
DA:89,67
DA:90,67
DA:91,67
DA:92,67
DA:93,67
DA:94,67
DA:95,67
DA:96,67
DA:97,67
DA:98,402
DA:99,402
DA:100,98
DA:101,98
DA:102,98
DA:103,98
DA:104,98
DA:105,98
DA:106,98
DA:107,98
DA:108,98
DA:109,98
DA:110,402
DA:111,402
DA:112,67
DA:113,67
DA:114,67
DA:115,67
DA:116,0
DA:117,0
DA:118,0
DA:119,0
DA:120,0
DA:121,0
DA:122,0
DA:123,0
DA:124,0
DA:125,0
DA:126,0
DA:127,26
DA:128,26
DA:129,26
DA:130,67
DA:131,67
DA:132,67
DA:133,67
DA:134,67
DA:135,0
DA:136,0
DA:137,67
DA:138,67
DA:139,67
DA:140,67
DA:141,67
DA:142,26
DA:143,26
LH:128
LF:143
end_of_record
SF:src/eslint/rules.ts
FNF:0
FNH:0
BRDA:1,0,0,26
BRF:1
BRH:1
DA:1,26
DA:2,26
DA:3,26
DA:4,26
DA:5,26
DA:6,26
DA:7,26
DA:8,26
DA:9,26
DA:10,26
DA:11,26
DA:12,26
DA:13,26
DA:14,26
DA:15,26
DA:16,26
DA:17,26
DA:18,26
DA:19,26
DA:20,26
DA:21,26
DA:22,26
DA:23,26
DA:24,26
DA:25,26
DA:26,26
DA:27,26
DA:28,26
DA:29,26
DA:30,26
DA:31,26
DA:32,26
DA:33,26
DA:34,26
DA:35,26
DA:36,26
DA:37,26
DA:38,26
DA:39,26
DA:40,26
DA:41,26
LH:41
LF:41
end_of_record
SF:src/eslint/rules/consistent-workspace-dependencies.ts
FN:38,checkDuplicateInAllDependencies
FN:86,checkPackage
FN:46,anonymous_2
FN:51,anonymous_3
FN:122,anonymous_4
FN:152,anonymous_5
FNDA:26,checkDuplicateInAllDependencies
FNDA:17,checkPackage
FNDA:52,anonymous_2
FNDA:19,anonymous_3
FNDA:7,anonymous_4
FNDA:9,anonymous_5
FNF:6
FNH:6
BRDA:1,0,0,26
BRDA:38,1,0,26
BRDA:86,2,0,16
BRDA:103,3,0,17
BRDA:164,4,0,4
BRDA:165,5,0,3
BRDA:169,6,0,1
BRDA:171,7,0,2
BRDA:46,8,0,52
BRDA:48,9,0,29
BRDA:48,10,0,15
BRDA:48,11,0,21
BRDA:48,12,0,8
BRDA:51,13,0,19
BRDA:55,14,0,8
BRDA:55,15,0,5
BRDA:122,16,0,7
BRDA:152,17,0,9
BRDA:154,18,0,6
BRDA:154,19,0,3
BRDA:155,20,0,5
BRDA:157,21,0,1
BRDA:159,22,0,4
BRDA:161,23,0,3
BRF:24
BRH:24
DA:1,26
DA:2,26
DA:3,26
DA:4,26
DA:5,26
DA:6,26
DA:7,26
DA:8,26
DA:9,26
DA:10,26
DA:11,26
DA:12,26
DA:13,26
DA:14,26
DA:15,26
DA:16,26
DA:17,26
DA:18,26
DA:19,26
DA:20,26
DA:21,26
DA:22,26
DA:23,26
DA:24,26
DA:25,26
DA:26,26
DA:27,26
DA:28,26
DA:29,26
DA:30,26
DA:31,26
DA:32,26
DA:33,26
DA:34,26
DA:35,26
DA:36,26
DA:37,26
DA:38,26
DA:39,26
DA:40,26
DA:41,26
DA:42,26
DA:43,26
DA:44,26
DA:45,26
DA:46,26
DA:47,52
DA:48,52
DA:49,8
DA:50,8
DA:51,8
DA:52,19
DA:53,19
DA:54,19
DA:55,19
DA:56,5
DA:57,5
DA:58,5
DA:59,5
DA:60,5
DA:61,8
DA:62,8
DA:63,8
DA:64,8
DA:65,8
DA:66,8
DA:67,8
DA:68,8
DA:69,26
DA:70,26
DA:71,26
DA:72,26
DA:73,26
DA:74,26
DA:75,26
DA:76,26
DA:77,26
DA:78,26
DA:79,26
DA:80,26
DA:81,26
DA:82,26
DA:83,26
DA:84,26
DA:85,26
DA:86,26
DA:87,16
DA:88,16
DA:89,16
DA:90,16
DA:91,16
DA:92,16
DA:93,16
DA:94,16
DA:95,16
DA:96,16
DA:97,16
DA:98,16
DA:99,16
DA:100,16
DA:101,16
DA:102,16
DA:103,16
DA:104,17
DA:105,17
DA:106,17
DA:107,17
DA:108,17
DA:109,17
DA:110,17
DA:111,17
DA:112,17
DA:113,17
DA:114,17
DA:115,17
DA:116,17
DA:117,17
DA:118,17
DA:119,17
DA:120,17
DA:121,17
DA:122,17
DA:123,7
DA:124,7
DA:125,7
DA:126,7
DA:127,7
DA:128,7
DA:129,7
DA:130,7
DA:131,17
DA:132,17
DA:133,17
DA:134,17
DA:135,17
DA:136,16
DA:137,16
DA:138,16
DA:139,16
DA:140,16
DA:141,16
DA:142,16
DA:143,16
DA:144,16
DA:145,16
DA:146,16
DA:147,16
DA:148,16
DA:149,16
DA:150,16
DA:151,16
DA:152,16
DA:153,9
DA:154,9
DA:155,9
DA:156,5
DA:157,5
DA:158,1
DA:159,1
DA:160,4
DA:161,4
DA:162,16
DA:163,16
DA:164,16
DA:165,4
DA:166,3
DA:167,3
DA:168,3
DA:169,3
DA:170,1
DA:171,1
DA:172,2
DA:173,2
DA:174,2
DA:175,2
DA:176,2
DA:177,2
DA:178,2
DA:179,2
DA:180,2
DA:181,2
DA:182,2
DA:183,2
DA:184,2
DA:185,3
DA:186,4
DA:187,26
DA:188,26
DA:189,26
LH:189
LF:189
end_of_record
SF:src/eslint/rules/min-range-dependencies-satisfies-dev-dependencies.ts
FN:19,checkDependencyValue
FNDA:15,checkDependencyValue
FNF:1
FNH:1
BRDA:1,0,0,26
BRDA:19,1,0,15
BRDA:20,2,0,8
BRF:3
BRH:3
DA:1,26
DA:2,26
DA:3,26
DA:4,26
DA:5,26
DA:6,26
DA:7,26
DA:8,26
DA:9,26
DA:10,26
DA:11,26
DA:12,26
DA:13,26
DA:14,26
DA:15,26
DA:16,26
DA:17,26
DA:18,26
DA:19,26
DA:20,15
DA:21,8
DA:22,8
DA:23,8
DA:24,8
DA:25,8
DA:26,8
DA:27,8
DA:28,26
DA:29,26
DA:30,26
LH:30
LF:30
end_of_record
SF:src/eslint/rules/min-range-peer-dependencies-satisfies-dependencies.ts
FN:19,checkDependencyValue
FNDA:16,checkDependencyValue
FNF:1
FNH:1
BRDA:1,0,0,26
BRDA:19,1,0,16
BRDA:20,2,0,8
BRF:3
BRH:3
DA:1,26
DA:2,26
DA:3,26
DA:4,26
DA:5,26
DA:6,26
DA:7,26
DA:8,26
DA:9,26
DA:10,26
DA:11,26
DA:12,26
DA:13,26
DA:14,26
DA:15,26
DA:16,26
DA:17,26
DA:18,26
DA:19,26
DA:20,16
DA:21,8
DA:22,8
DA:23,8
DA:24,8
DA:25,8
DA:26,8
DA:27,8
DA:28,26
DA:29,26
DA:30,26
LH:30
LF:30
end_of_record
SF:src/eslint/rules/no-direct-duplicate-dependencies.ts
FN:36,checkDependencyValue
FNDA:2,checkDependencyValue
FNF:1
FNH:1
BRDA:1,0,0,26
BRDA:36,1,0,2
BRDA:45,2,0,0
BRDA:50,3,0,0
BRF:4
BRH:2
DA:1,26
DA:2,26
DA:3,26
DA:4,26
DA:5,26
DA:6,26
DA:7,26
DA:8,26
DA:9,26
DA:10,26
DA:11,26
DA:12,26
DA:13,26
DA:14,26
DA:15,26
DA:16,26
DA:17,26
DA:18,26
DA:19,26
DA:20,26
DA:21,26
DA:22,26
DA:23,26
DA:24,26
DA:25,26
DA:26,26
DA:27,26
DA:28,26
DA:29,26
DA:30,26
DA:31,26
DA:32,26
DA:33,26
DA:34,26
DA:35,26
DA:36,26
DA:37,2
DA:38,2
DA:39,2
DA:40,2
DA:41,2
DA:42,2
DA:43,2
DA:44,2
DA:45,2
DA:46,0
DA:47,0
DA:48,2
DA:49,2
DA:50,2
DA:51,0
DA:52,0
DA:53,2
DA:54,2
DA:55,2
DA:56,2
DA:57,2
DA:58,2
DA:59,2
DA:60,2
DA:61,2
DA:62,2
DA:63,2
DA:64,26
DA:65,26
DA:66,26
LH:62
LF:66
end_of_record
SF:src/eslint/rules/no-root-workspace-dependencies.ts
FN:16,checkDependencyValue
FNDA:4,checkDependencyValue
FNF:1
FNH:1
BRDA:1,0,0,26
BRDA:16,1,0,4
BRDA:17,2,0,1
BRDA:19,3,0,2
BRDA:21,4,0,1
BRF:5
BRH:5
DA:1,26
DA:2,26
DA:3,26
DA:4,26
DA:5,26
DA:6,26
DA:7,26
DA:8,26
DA:9,26
DA:10,26
DA:11,26
DA:12,26
DA:13,26
DA:14,26
DA:15,26
DA:16,26
DA:17,4
DA:18,1
DA:19,1
DA:20,2
DA:21,4
DA:22,1
DA:23,1
DA:24,1
DA:25,1
DA:26,1
DA:27,26
DA:28,26
DA:29,26
LH:29
LF:29
end_of_record
SF:src/eslint/rules/require-direct-peer-dependencies.ts
FN:40,checkPackage
FNDA:1,checkPackage
FNF:1
FNH:1
BRDA:1,0,0,26
BRDA:40,1,0,1
BRF:2
BRH:2
DA:1,26
DA:2,26
DA:3,26
DA:4,26
DA:5,26
DA:6,26
DA:7,26
DA:8,26
DA:9,26
DA:10,26
DA:11,26
DA:12,26
DA:13,26
DA:14,26
DA:15,26
DA:16,26
DA:17,26
DA:18,26
DA:19,26
DA:20,26
DA:21,26
DA:22,26
DA:23,26
DA:24,26
DA:25,26
DA:26,26
DA:27,26
DA:28,26
DA:29,26
DA:30,26
DA:31,26
DA:32,26
DA:33,26
DA:34,26
DA:35,26
DA:36,26
DA:37,26
DA:38,26
DA:39,26
DA:40,26
DA:41,1
DA:42,1
DA:43,1
DA:44,1
DA:45,1
DA:46,1
DA:47,1
DA:48,1
DA:49,1
DA:50,1
DA:51,1
DA:52,1
DA:53,1
DA:54,1
DA:55,1
DA:56,1
DA:57,1
DA:58,1
DA:59,1
DA:60,1
DA:61,1
DA:62,1
DA:63,1
DA:64,1
DA:65,26
DA:66,26
DA:67,26
LH:67
LF:67
end_of_record
SF:src/eslint/rules/require-identical-versions-as-dependency.ts
FN:48,checkPackage
FN:56,anonymous_1
FN:64,anonymous_2
FNDA:1,checkPackage
FNDA:1,anonymous_1
FNDA:3,anonymous_2
FNF:3
FNH:3
BRDA:1,0,0,26
BRDA:48,1,0,1
BRDA:56,2,0,1
BRDA:64,3,0,3
BRDA:66,4,0,1
BRDA:66,5,0,1
BRF:6
BRH:6
DA:1,26
DA:2,26
DA:3,26
DA:4,26
DA:5,26
DA:6,26
DA:7,26
DA:8,26
DA:9,26
DA:10,26
DA:11,26
DA:12,26
DA:13,26
DA:14,26
DA:15,26
DA:16,26
DA:17,26
DA:18,26
DA:19,26
DA:20,26
DA:21,26
DA:22,26
DA:23,26
DA:24,26
DA:25,26
DA:26,26
DA:27,26
DA:28,26
DA:29,26
DA:30,26
DA:31,26
DA:32,26
DA:33,26
DA:34,26
DA:35,26
DA:36,26
DA:37,26
DA:38,26
DA:39,26
DA:40,26
DA:41,26
DA:42,26
DA:43,26
DA:44,26
DA:45,26
DA:46,26
DA:47,26
DA:48,26
DA:49,1
DA:50,1
DA:51,1
DA:52,1
DA:53,1
DA:54,1
DA:55,1
DA:56,1
DA:57,1
DA:58,1
DA:59,1
DA:60,1
DA:61,1
DA:62,1
DA:63,1
DA:64,1
DA:65,3
DA:66,3
DA:67,1
DA:68,1
DA:69,1
DA:70,1
DA:71,1
DA:72,1
DA:73,1
DA:74,1
DA:75,1
DA:76,1
DA:77,1
DA:78,1
DA:79,1
DA:80,26
DA:81,26
DA:82,26
LH:82
LF:82
end_of_record
SF:src/eslint/rules/require-identical-versions-as-dev-dependency-of-dependency.ts
FN:31,checkPackage
FN:39,anonymous_1
FN:47,anonymous_2
FNDA:1,checkPackage
FNDA:1,anonymous_1
FNDA:3,anonymous_2
FNF:3
FNH:3
BRDA:1,0,0,26
BRDA:31,1,0,1
BRDA:39,2,0,1
BRDA:47,3,0,3
BRDA:49,4,0,1
BRDA:49,5,0,1
BRF:6
BRH:6
DA:1,26
DA:2,26
DA:3,26
DA:4,26
DA:5,26
DA:6,26
DA:7,26
DA:8,26
DA:9,26
DA:10,26
DA:11,26
DA:12,26
DA:13,26
DA:14,26
DA:15,26
DA:16,26
DA:17,26
DA:18,26
DA:19,26
DA:20,26
DA:21,26
DA:22,26
DA:23,26
DA:24,26
DA:25,26
DA:26,26
DA:27,26
DA:28,26
DA:29,26
DA:30,26
DA:31,26
DA:32,1
DA:33,1
DA:34,1
DA:35,1
DA:36,1
DA:37,1
DA:38,1
DA:39,1
DA:40,1
DA:41,1
DA:42,1
DA:43,1
DA:44,1
DA:45,1
DA:46,1
DA:47,1
DA:48,3
DA:49,3
DA:50,1
DA:51,1
DA:52,1
DA:53,1
DA:54,1
DA:55,1
DA:56,1
DA:57,1
DA:58,1
DA:59,1
DA:60,1
DA:61,1
DA:62,1
DA:63,26
DA:64,26
DA:65,26
LH:65
LF:65
end_of_record
SF:src/eslint/rules/require-identical-versions.ts
FN:59,checkPackage
FN:60,anonymous_1
FNDA:2,checkPackage
FNDA:6,anonymous_1
FNF:2
FNH:2
BRDA:1,0,0,26
BRDA:59,1,0,2
BRDA:60,2,0,6
BRDA:62,3,0,2
BRF:4
BRH:4
DA:1,26
DA:2,26
DA:3,26
DA:4,26
DA:5,26
DA:6,26
DA:7,26
DA:8,26
DA:9,26
DA:10,26
DA:11,26
DA:12,26
DA:13,26
DA:14,26
DA:15,26
DA:16,26
DA:17,26
DA:18,26
DA:19,26
DA:20,26
DA:21,26
DA:22,26
DA:23,26
DA:24,26
DA:25,26
DA:26,26
DA:27,26
DA:28,26
DA:29,26
DA:30,26
DA:31,26
DA:32,26
DA:33,26
DA:34,26
DA:35,26
DA:36,26
DA:37,26
DA:38,26
DA:39,26
DA:40,26
DA:41,26
DA:42,26
DA:43,26
DA:44,26
DA:45,26
DA:46,26
DA:47,26
DA:48,26
DA:49,26
DA:50,26
DA:51,26
DA:52,26
DA:53,26
DA:54,26
DA:55,26
DA:56,26
DA:57,26
DA:58,26
DA:59,26
DA:60,2
DA:61,6
DA:62,6
DA:63,2
DA:64,2
DA:65,2
DA:66,2
DA:67,2
DA:68,26
DA:69,26
DA:70,26
LH:70
LF:70
end_of_record
SF:src/eslint/rules/require-pinned-versions.ts
FN:31,checkDependencyValue
FNDA:13,checkDependencyValue
FNF:1
FNH:1
BRDA:1,0,0,26
BRDA:31,1,0,13
BRDA:41,2,0,4
BRDA:38,3,0,1
BRDA:38,4,0,8
BRDA:41,5,0,1
BRDA:41,6,0,7
BRF:7
BRH:7
DA:1,26
DA:2,26
DA:3,26
DA:4,26
DA:5,26
DA:6,26
DA:7,26
DA:8,26
DA:9,26
DA:10,26
DA:11,26
DA:12,26
DA:13,26
DA:14,26
DA:15,26
DA:16,26
DA:17,26
DA:18,26
DA:19,26
DA:20,26
DA:21,26
DA:22,26
DA:23,26
DA:24,26
DA:25,26
DA:26,26
DA:27,26
DA:28,26
DA:29,26
DA:30,26
DA:31,26
DA:32,13
DA:33,13
DA:34,13
DA:35,13
DA:36,13
DA:37,13
DA:38,13
DA:39,8
DA:40,8
DA:41,13
DA:42,7
DA:43,7
DA:44,7
DA:45,7
DA:46,7
DA:47,26
DA:48,26
DA:49,26
LH:49
LF:49
end_of_record
SF:src/eslint/rules/require-resolutions-explanation.ts
FN:24,checkDependencyValue
FNDA:4,checkDependencyValue
FNF:1
FNH:1
BRDA:1,0,0,26
BRDA:24,1,0,4
BRDA:25,2,0,2
BRF:3
BRH:3
DA:1,26
DA:2,26
DA:3,26
DA:4,26
DA:5,26
DA:6,26
DA:7,26
DA:8,26
DA:9,26
DA:10,26
DA:11,26
DA:12,26
DA:13,26
DA:14,26
DA:15,26
DA:16,26
DA:17,26
DA:18,26
DA:19,26
DA:20,26
DA:21,26
DA:22,26
DA:23,26
DA:24,26
DA:25,4
DA:26,2
DA:27,2
DA:28,2
DA:29,2
DA:30,26
DA:31,26
DA:32,26
LH:32
LF:32
end_of_record
SF:src/eslint/rules/require-workspace-protocol.ts
FN:13,getWorkspaceProtocolFixTo
FN:33,checkDependencyValue
FNDA:4,getWorkspaceProtocolFixTo
FNDA:8,checkDependencyValue
FNF:2
FNH:2
BRDA:1,0,0,26
BRDA:13,1,0,4
BRDA:14,2,0,0
BRDA:33,3,0,8
BRDA:34,4,0,0
BRDA:40,5,0,6
BRDA:40,6,0,6
BRDA:42,7,0,4
BRF:8
BRH:6
DA:1,26
DA:2,26
DA:3,26
DA:4,26
DA:5,26
DA:6,26
DA:7,26
DA:8,26
DA:9,26
DA:10,26
DA:11,26
DA:12,26
DA:13,26
DA:14,4
DA:15,0
DA:16,0
DA:17,26
DA:18,26
DA:19,26
DA:20,26
DA:21,26
DA:22,26
DA:23,26
DA:24,26
DA:25,26
DA:26,26
DA:27,26
DA:28,26
DA:29,26
DA:30,26
DA:31,26
DA:32,26
DA:33,26
DA:34,8
DA:35,0
DA:36,0
DA:37,8
DA:38,8
DA:39,8
DA:40,8
DA:41,6
DA:42,8
DA:43,4
DA:44,4
DA:45,4
DA:46,4
DA:47,4
DA:48,4
DA:49,4
DA:50,26
DA:51,26
DA:52,26
LH:48
LF:52
end_of_record
SF:src/eslint/rules/resolutions-versions-match.ts
FN:20,checkDependencyValue
FNDA:10,checkDependencyValue
FNF:1
FNH:1
BRDA:1,0,0,26
BRDA:20,1,0,10
BRDA:21,2,0,5
BRF:3
BRH:3
DA:1,26
DA:2,26
DA:3,26
DA:4,26
DA:5,26
DA:6,26
DA:7,26
DA:8,26
DA:9,26
DA:10,26
DA:11,26
DA:12,26
DA:13,26
DA:14,26
DA:15,26
DA:16,26
DA:17,26
DA:18,26
DA:19,26
DA:20,26
DA:21,10
DA:22,5
DA:23,5
DA:24,26
DA:25,26
DA:26,26
LH:26
LF:26
end_of_record
SF:src/eslint/rules/satisfies-versions-between-dependencies.ts
FN:74,checkPackage
FN:94,checkDependencyValue
FN:81,anonymous_2
FN:105,anonymous_3
FNDA:1,checkPackage
FNDA:2,checkDependencyValue
FNDA:1,anonymous_2
FNDA:2,anonymous_3
FNF:4
FNH:4
BRDA:1,0,0,26
BRDA:74,1,0,1
BRDA:94,2,0,2
BRDA:101,3,0,0
BRDA:81,4,0,1
BRDA:87,5,0,0
BRDA:105,6,0,2
BRDA:109,7,0,0
BRDA:111,8,0,1
BRDA:114,9,0,0
BRDA:123,10,0,0
BRDA:127,11,0,0
BRF:12
BRH:6
DA:1,26
DA:2,26
DA:3,26
DA:4,26
DA:5,26
DA:6,26
DA:7,26
DA:8,26
DA:9,26
DA:10,26
DA:11,26
DA:12,26
DA:13,26
DA:14,26
DA:15,26
DA:16,26
DA:17,26
DA:18,26
DA:19,26
DA:20,26
DA:21,26
DA:22,26
DA:23,26
DA:24,26
DA:25,26
DA:26,26
DA:27,26
DA:28,26
DA:29,26
DA:30,26
DA:31,26
DA:32,26
DA:33,26
DA:34,26
DA:35,26
DA:36,26
DA:37,26
DA:38,26
DA:39,26
DA:40,26
DA:41,26
DA:42,26
DA:43,26
DA:44,26
DA:45,26
DA:46,26
DA:47,26
DA:48,26
DA:49,26
DA:50,26
DA:51,26
DA:52,26
DA:53,26
DA:54,26
DA:55,26
DA:56,26
DA:57,26
DA:58,26
DA:59,26
DA:60,26
DA:61,26
DA:62,26
DA:63,26
DA:64,26
DA:65,26
DA:66,26
DA:67,26
DA:68,26
DA:69,26
DA:70,26
DA:71,26
DA:72,26
DA:73,26
DA:74,26
DA:75,1
DA:76,1
DA:77,1
DA:78,1
DA:79,1
DA:80,1
DA:81,1
DA:82,1
DA:83,1
DA:84,1
DA:85,1
DA:86,1
DA:87,1
DA:88,1
DA:89,1
DA:90,1
DA:91,1
DA:92,26
DA:93,26
DA:94,26
DA:95,2
DA:96,2
DA:97,2
DA:98,2
DA:99,2
DA:100,2
DA:101,2
DA:102,0
DA:103,0
DA:104,2
DA:105,2
DA:106,2
DA:107,2
DA:108,2
DA:109,2
DA:110,2
DA:111,2
DA:112,1
DA:113,1
DA:114,1
DA:115,0
DA:116,0
DA:117,0
DA:118,0
DA:119,1
DA:120,1
DA:121,1
DA:122,1
DA:123,1
DA:124,1
DA:125,1
DA:126,1
DA:127,1
DA:128,0
DA:129,0
DA:130,0
DA:131,0
DA:132,1
DA:133,1
DA:134,1
DA:135,1
DA:136,1
DA:137,1
DA:138,1
DA:139,1
DA:140,1
DA:141,1
DA:142,1
DA:143,2
DA:144,26
DA:145,26
DA:146,26
LH:136
LF:146
end_of_record
SF:src/eslint/rules/satisfies-versions-from-dependencies.ts
FN:62,checkPackage
FN:105,checkDependencyValue
FN:76,anonymous_2
FN:79,anonymous_3
FN:82,anonymous_4
FN:117,anonymous_5
FNDA:1,checkPackage
FNDA:2,checkDependencyValue
FNDA:1,anonymous_2
FNDA:3,anonymous_3
FNDA:1,anonymous_4
FNDA:2,anonymous_5
FNF:6
FNH:6
BRDA:1,0,0,26
BRDA:62,1,0,1
BRDA:69,2,0,0
BRDA:105,3,0,2
BRDA:112,4,0,0
BRDA:76,5,0,1
BRDA:79,6,0,3
BRDA:80,7,0,1
BRDA:82,8,0,1
BRDA:84,9,0,0
BRDA:117,10,0,2
BRDA:118,11,0,1
BRDA:118,12,0,1
BRDA:121,13,0,0
BRF:14
BRH:10
DA:1,26
DA:2,26
DA:3,26
DA:4,26
DA:5,26
DA:6,26
DA:7,26
DA:8,26
DA:9,26
DA:10,26
DA:11,26
DA:12,26
DA:13,26
DA:14,26
DA:15,26
DA:16,26
DA:17,26
DA:18,26
DA:19,26
DA:20,26
DA:21,26
DA:22,26
DA:23,26
DA:24,26
DA:25,26
DA:26,26
DA:27,26
DA:28,26
DA:29,26
DA:30,26
DA:31,26
DA:32,26
DA:33,26
DA:34,26
DA:35,26
DA:36,26
DA:37,26
DA:38,26
DA:39,26
DA:40,26
DA:41,26
DA:42,26
DA:43,26
DA:44,26
DA:45,26
DA:46,26
DA:47,26
DA:48,26
DA:49,26
DA:50,26
DA:51,26
DA:52,26
DA:53,26
DA:54,26
DA:55,26
DA:56,26
DA:57,26
DA:58,26
DA:59,26
DA:60,26
DA:61,26
DA:62,26
DA:63,1
DA:64,1
DA:65,1
DA:66,1
DA:67,1
DA:68,1
DA:69,1
DA:70,0
DA:71,0
DA:72,0
DA:73,0
DA:74,1
DA:75,1
DA:76,1
DA:77,1
DA:78,1
DA:79,1
DA:80,3
DA:81,1
DA:82,1
DA:83,1
DA:84,1
DA:85,0
DA:86,0
DA:87,0
DA:88,0
DA:89,1
DA:90,1
DA:91,1
DA:92,1
DA:93,1
DA:94,1
DA:95,1
DA:96,1
DA:97,1
DA:98,1
DA:99,1
DA:100,1
DA:101,1
DA:102,1
DA:103,1
DA:104,26
DA:105,26
DA:106,2
DA:107,2
DA:108,2
DA:109,2
DA:110,2
DA:111,2
DA:112,2
DA:113,0
DA:114,0
DA:115,2
DA:116,2
DA:117,2
DA:118,2
DA:119,1
DA:120,1
DA:121,1
DA:122,0
DA:123,0
DA:124,0
DA:125,0
DA:126,1
DA:127,1
DA:128,2
DA:129,26
DA:130,26
DA:131,26
LH:117
LF:131
end_of_record
SF:src/eslint/rules/satisfies-versions-from-dev-dependencies-of-dependency.ts
FN:62,checkPackage
FN:99,checkDependencyValue
FN:70,anonymous_2
FN:73,anonymous_3
FN:76,anonymous_4
FN:111,anonymous_5
FNDA:1,checkPackage
FNDA:1,checkDependencyValue
FNDA:1,anonymous_2
FNDA:3,anonymous_3
FNDA:1,anonymous_4
FNDA:1,anonymous_5
FNF:6
FNH:6
BRDA:1,0,0,26
BRDA:62,1,0,1
BRDA:99,2,0,1
BRDA:106,3,0,0
BRDA:70,4,0,1
BRDA:73,5,0,3
BRDA:74,6,0,1
BRDA:76,7,0,1
BRDA:78,8,0,0
BRDA:111,9,0,1
BRDA:115,10,0,0
BRF:11
BRH:8
DA:1,26
DA:2,26
DA:3,26
DA:4,26
DA:5,26
DA:6,26
DA:7,26
DA:8,26
DA:9,26
DA:10,26
DA:11,26
DA:12,26
DA:13,26
DA:14,26
DA:15,26
DA:16,26
DA:17,26
DA:18,26
DA:19,26
DA:20,26
DA:21,26
DA:22,26
DA:23,26
DA:24,26
DA:25,26
DA:26,26
DA:27,26
DA:28,26
DA:29,26
DA:30,26
DA:31,26
DA:32,26
DA:33,26
DA:34,26
DA:35,26
DA:36,26
DA:37,26
DA:38,26
DA:39,26
DA:40,26
DA:41,26
DA:42,26
DA:43,26
DA:44,26
DA:45,26
DA:46,26
DA:47,26
DA:48,26
DA:49,26
DA:50,26
DA:51,26
DA:52,26
DA:53,26
DA:54,26
DA:55,26
DA:56,26
DA:57,26
DA:58,26
DA:59,26
DA:60,26
DA:61,26
DA:62,26
DA:63,1
DA:64,1
DA:65,1
DA:66,1
DA:67,1
DA:68,1
DA:69,1
DA:70,1
DA:71,1
DA:72,1
DA:73,1
DA:74,3
DA:75,1
DA:76,1
DA:77,1
DA:78,1
DA:79,0
DA:80,0
DA:81,0
DA:82,0
DA:83,1
DA:84,1
DA:85,1
DA:86,1
DA:87,1
DA:88,1
DA:89,1
DA:90,1
DA:91,1
DA:92,1
DA:93,1
DA:94,1
DA:95,1
DA:96,1
DA:97,1
DA:98,26
DA:99,26
DA:100,1
DA:101,1
DA:102,1
DA:103,1
DA:104,1
DA:105,1
DA:106,1
DA:107,0
DA:108,0
DA:109,1
DA:110,1
DA:111,1
DA:112,1
DA:113,1
DA:114,1
DA:115,1
DA:116,0
DA:117,0
DA:118,0
DA:119,0
DA:120,1
DA:121,1
DA:122,1
DA:123,26
DA:124,26
DA:125,26
LH:115
LF:125
end_of_record
SF:src/eslint/rules/satisfies-versions-in-dependency.ts
FN:49,checkPackage
FN:50,anonymous_1
FNDA:1,checkPackage
FNDA:1,anonymous_1
FNF:2
FNH:2
BRDA:1,0,0,26
BRDA:49,1,0,1
BRDA:50,2,0,1
BRF:3
BRH:3
DA:1,26
DA:2,26
DA:3,26
DA:4,26
DA:5,26
DA:6,26
DA:7,26
DA:8,26
DA:9,26
DA:10,26
DA:11,26
DA:12,26
DA:13,26
DA:14,26
DA:15,26
DA:16,26
DA:17,26
DA:18,26
DA:19,26
DA:20,26
DA:21,26
DA:22,26
DA:23,26
DA:24,26
DA:25,26
DA:26,26
DA:27,26
DA:28,26
DA:29,26
DA:30,26
DA:31,26
DA:32,26
DA:33,26
DA:34,26
DA:35,26
DA:36,26
DA:37,26
DA:38,26
DA:39,26
DA:40,26
DA:41,26
DA:42,26
DA:43,26
DA:44,26
DA:45,26
DA:46,26
DA:47,26
DA:48,26
DA:49,26
DA:50,1
DA:51,1
DA:52,1
DA:53,1
DA:54,26
DA:55,26
DA:56,26
LH:56
LF:56
end_of_record
SF:src/eslint/rules/satisfies-versions.ts
FN:45,checkPackage
FN:64,checkDependencyValue
FN:52,anonymous_2
FNDA:2,checkPackage
FNDA:2,checkDependencyValue
FNDA:6,anonymous_2
FNF:3
FNH:3
BRDA:1,0,0,26
BRDA:45,1,0,2
BRDA:46,2,0,0
BRDA:46,3,0,0
BRDA:64,4,0,2
BRDA:70,5,0,0
BRDA:74,6,0,1
BRDA:74,7,0,1
BRDA:76,8,0,0
BRDA:52,9,0,6
BRDA:53,10,0,2
BRF:11
BRH:7
DA:1,26
DA:2,26
DA:3,26
DA:4,26
DA:5,26
DA:6,26
DA:7,26
DA:8,26
DA:9,26
DA:10,26
DA:11,26
DA:12,26
DA:13,26
DA:14,26
DA:15,26
DA:16,26
DA:17,26
DA:18,26
DA:19,26
DA:20,26
DA:21,26
DA:22,26
DA:23,26
DA:24,26
DA:25,26
DA:26,26
DA:27,26
DA:28,26
DA:29,26
DA:30,26
DA:31,26
DA:32,26
DA:33,26
DA:34,26
DA:35,26
DA:36,26
DA:37,26
DA:38,26
DA:39,26
DA:40,26
DA:41,26
DA:42,26
DA:43,26
DA:44,26
DA:45,26
DA:46,2
DA:47,0
DA:48,0
DA:49,0
DA:50,0
DA:51,2
DA:52,2
DA:53,6
DA:54,2
DA:55,2
DA:56,2
DA:57,2
DA:58,2
DA:59,2
DA:60,2
DA:61,2
DA:62,2
DA:63,26
DA:64,26
DA:65,2
DA:66,2
DA:67,2
DA:68,2
DA:69,2
DA:70,2
DA:71,0
DA:72,0
DA:73,2
DA:74,2
DA:75,1
DA:76,1
DA:77,0
DA:78,0
DA:79,0
DA:80,0
DA:81,1
DA:82,1
DA:83,26
DA:84,26
DA:85,26
LH:75
LF:85
end_of_record
SF:src/eslint/source-code.ts
FN:10,PackageJsonSourceCode
FN:14,getParent
FN:18,getAncestors
FN:22,traverse
FN:29,anonymous_4
FN:49,getText
FN:58,getLoc
FNDA:67,PackageJsonSourceCode
FNDA:0,getParent
FNDA:0,getAncestors
FNDA:67,traverse
FNDA:98,anonymous_4
FNDA:0,getText
FNDA:0,getLoc
FNF:7
FNH:3
BRDA:1,0,0,26
BRDA:10,1,0,67
BRDA:22,2,0,67
BRDA:29,3,0,98
BRF:4
BRH:4
DA:1,26
DA:2,26
DA:3,26
DA:4,26
DA:5,26
DA:6,26
DA:7,26
DA:8,26
DA:9,26
DA:10,26
DA:11,67
DA:12,67
DA:13,26
DA:14,26
DA:15,0
DA:16,0
DA:17,26
DA:18,26
DA:19,0
DA:20,0
DA:21,26
DA:22,26
DA:23,67
DA:24,67
DA:25,67
DA:26,67
DA:27,67
DA:28,67
DA:29,67
DA:30,98
DA:31,98
DA:32,98
DA:33,98
DA:34,98
DA:35,98
DA:36,98
DA:37,98
DA:38,98
DA:39,98
DA:40,67
DA:41,67
DA:42,67
DA:43,67
DA:44,67
DA:45,67
DA:46,67
DA:47,67
DA:48,26
DA:49,26
DA:50,0
DA:51,0
DA:52,0
DA:53,0
DA:54,0
DA:55,0
DA:56,0
DA:57,26
DA:58,26
DA:59,0
DA:60,0
DA:61,0
DA:62,0
DA:63,0
DA:64,0
DA:65,0
DA:66,0
DA:67,0
DA:68,0
DA:69,0
DA:70,0
DA:71,0
DA:72,26
LH:48
LF:72
end_of_record
SF:src/index.ts
FNF:0
FNH:0
BRDA:1,0,0,1
BRF:1
BRH:1
DA:1,1
DA:2,1
DA:3,1
DA:4,1
DA:5,1
DA:6,1
DA:7,1
DA:8,1
DA:9,1
DA:10,1
DA:11,1
DA:12,1
DA:13,1
DA:14,1
DA:15,1
DA:16,1
LH:16
LF:16
end_of_record
SF:src/reporting/cliErrorReporting.ts
FN:33,formatErrorMessage
FN:66,logMessage
FN:75,displayMessagesForPath
FN:104,displayConclusion
FN:140,displayMessages
FN:149,createCliReportError
FN:183,reportNotWarnedFor
FN:198,reportNotWarnedForMapping
FN:213,resetMessages
FN:220,fromDependency
FN:227,inDependency
FN:203,anonymous_11
FN:192,anonymous_12
FN:153,reportError
FN:207,anonymous_14
FNDA:15,formatErrorMessage
FNDA:15,logMessage
FNDA:9,displayMessagesForPath
FNDA:10,displayConclusion
FNDA:10,displayMessages
FNDA:10,createCliReportError
FNDA:15,reportNotWarnedFor
FNDA:12,reportNotWarnedForMapping
FNDA:19,resetMessages
FNDA:16,fromDependency
FNDA:12,inDependency
FNDA:3,anonymous_11
FNDA:1,anonymous_12
FNDA:13,reportError
FNDA:3,anonymous_14
FNF:15
FNH:15
BRDA:1,0,0,36
BRDA:33,1,0,15
BRDA:44,2,0,5
BRDA:46,3,0,3
BRDA:46,4,0,0
BRDA:47,5,0,12
BRDA:49,6,0,4
BRDA:50,7,0,11
BRDA:52,8,0,5
BRDA:54,9,0,2
BRDA:54,10,0,3
BRDA:56,11,0,10
BRDA:57,12,0,2
BRDA:57,13,0,13
BRDA:59,14,0,4
BRDA:60,15,0,11
BRDA:62,16,0,14
BRDA:63,17,0,1
BRDA:63,18,0,14
BRDA:66,19,0,15
BRDA:67,20,0,4
BRDA:67,21,0,11
BRDA:70,22,0,14
BRDA:70,23,0,1
BRDA:75,24,0,9
BRDA:88,25,0,5
BRDA:89,26,0,6
BRDA:95,27,0,4
BRDA:96,28,0,5
BRDA:104,29,0,10
BRDA:105,30,0,8
BRDA:105,31,0,1
BRDA:108,32,0,9
BRDA:111,33,0,8
BRDA:115,34,0,7
BRDA:115,35,0,1
BRDA:118,36,0,9
BRDA:119,37,0,2
BRDA:123,38,0,0
BRDA:126,39,0,9
BRDA:130,40,0,1
BRDA:134,41,0,0
BRDA:140,42,0,10
BRDA:142,43,0,9
BRDA:149,44,0,10
BRDA:183,45,0,15
BRDA:188,46,0,1
BRDA:198,47,0,12
BRDA:213,48,0,19
BRDA:220,49,0,16
BRDA:224,50,0,0
BRDA:227,51,0,12
BRDA:231,52,0,0
BRDA:203,53,0,3
BRDA:192,54,0,1
BRDA:153,55,0,13
BRDA:155,56,0,10
BRDA:163,57,0,5
BRDA:165,58,0,2
BRDA:165,59,0,3
BRDA:168,60,0,4
BRDA:173,61,0,8
BRDA:177,62,0,10
BRDA:207,63,0,3
BRF:64
BRH:59
DA:1,36
DA:2,36
DA:3,36
DA:4,36
DA:5,36
DA:6,36
DA:7,36
DA:8,36
DA:9,36
DA:10,36
DA:11,36
DA:12,36
DA:13,36
DA:14,36
DA:15,36
DA:16,36
DA:17,36
DA:18,36
DA:19,36
DA:20,36
DA:21,36
DA:22,36
DA:23,36
DA:24,36
DA:25,36
DA:26,36
DA:27,36
DA:28,36
DA:29,36
DA:30,36
DA:31,36
DA:32,36
DA:33,15
DA:34,15
DA:35,15
DA:36,15
DA:37,15
DA:38,15
DA:39,15
DA:40,15
DA:41,15
DA:42,15
DA:43,15
DA:44,15
DA:45,15
DA:46,15
DA:47,15
DA:48,15
DA:49,15
DA:50,15
DA:51,15
DA:52,15
DA:53,5
DA:54,5
DA:55,5
DA:56,15
DA:57,15
DA:58,15
DA:59,15
DA:60,15
DA:61,15
DA:62,15
DA:63,15
DA:64,15
DA:65,36
DA:66,36
DA:67,15
DA:68,11
DA:69,15
DA:70,15
DA:71,15
DA:72,15
DA:73,15
DA:74,36
DA:75,9
DA:76,9
DA:77,9
DA:78,9
DA:79,9
DA:80,9
DA:81,9
DA:82,9
DA:83,9
DA:84,9
DA:85,9
DA:86,9
DA:87,9
DA:88,9
DA:89,5
DA:90,6
DA:91,6
DA:92,5
DA:93,9
DA:94,9
DA:95,9
DA:96,4
DA:97,5
DA:98,5
DA:99,4
DA:100,9
DA:101,9
DA:102,9
DA:103,36
DA:104,10
DA:105,10
DA:106,1
DA:107,1
DA:108,1
DA:109,9
DA:110,9
DA:111,10
DA:112,8
DA:113,8
DA:114,8
DA:115,8
DA:116,8
DA:117,8
DA:118,8
DA:119,10
DA:120,2
DA:121,2
DA:122,2
DA:123,2
DA:124,2
DA:125,2
DA:126,2
DA:127,9
DA:128,9
DA:129,9
DA:130,10
DA:131,1
DA:132,1
DA:133,1
DA:134,1
DA:135,1
DA:136,1
DA:137,1
DA:138,10
DA:139,36
DA:140,36
DA:141,10
DA:142,10
DA:143,9
DA:144,9
DA:145,10
DA:146,10
DA:147,10
DA:148,36
DA:149,36
DA:150,10
DA:151,10
DA:152,10
DA:153,10
DA:154,13
DA:155,13
DA:156,10
DA:157,10
DA:158,10
DA:159,10
DA:160,10
DA:161,10
DA:162,13
DA:163,13
DA:164,5
DA:165,5
DA:166,5
DA:167,5
DA:168,5
DA:169,4
DA:170,4
DA:171,4
DA:172,5
DA:173,13
DA:174,8
DA:175,8
DA:176,13
DA:177,13
DA:178,10
DA:179,10
DA:180,10
DA:181,10
DA:182,36
DA:183,36
DA:184,15
DA:185,15
DA:186,15
DA:187,15
DA:188,15
DA:189,1
DA:190,1
DA:191,1
DA:192,1
DA:193,1
DA:194,1
DA:195,1
DA:196,15
DA:197,36
DA:198,36
DA:199,12
DA:200,12
DA:201,12
DA:202,12
DA:203,12
DA:204,3
DA:205,3
DA:206,3
DA:207,3
DA:208,3
DA:209,3
DA:210,12
DA:211,12
DA:212,36
DA:213,36
DA:214,19
DA:215,19
DA:216,19
DA:217,19
DA:218,19
DA:219,36
DA:220,36
DA:221,16
DA:222,16
DA:223,16
DA:224,16
DA:225,16
DA:226,36
DA:227,36
DA:228,12
DA:229,12
DA:230,12
DA:231,12
DA:232,12
LH:232
LF:232
end_of_record
SF:src/reporting/ReportError.testUtils.ts
FN:17,createMockReportError
FN:23,anonymous_1
FN:24,anonymous_2
FN:36,anonymous_3
FN:44,assertNoMessages
FN:48,assertSingleMessage
FN:71,assertSeveralMessages
FN:135,assertDeepEqualIgnoringPrototypes
FN:79,anonymous_8
FN:88,anonymous_9
FNDA:14,createMockReportError
FNDA:71,anonymous_1
FNDA:8,anonymous_2
FNDA:141,anonymous_3
FNDA:68,assertNoMessages
FNDA:56,assertSingleMessage
FNDA:4,assertSeveralMessages
FNDA:17,assertDeepEqualIgnoringPrototypes
FNDA:12,anonymous_8
FNDA:8,anonymous_9
FNF:10
FNH:10
BRDA:1,0,0,14
BRDA:17,1,0,14
BRDA:23,2,0,71
BRDA:25,3,0,8
BRDA:27,4,0,16
BRDA:24,5,0,8
BRDA:36,6,0,141
BRDA:44,7,0,68
BRDA:48,8,0,56
BRDA:57,9,0,13
BRDA:58,10,0,24
BRDA:56,11,0,24
BRDA:71,12,0,4
BRDA:135,13,0,17
BRDA:79,14,0,12
BRDA:80,15,0,0
BRDA:88,16,0,8
BRF:17
BRH:16
DA:1,14
DA:2,14
DA:3,14
DA:4,14
DA:5,14
DA:6,14
DA:7,14
DA:8,14
DA:9,14
DA:10,14
DA:11,14
DA:12,14
DA:13,14
DA:14,14
DA:15,14
DA:16,14
DA:17,14
DA:18,14
DA:19,14
DA:20,14
DA:21,14
DA:22,14
DA:23,14
DA:24,71
DA:25,71
DA:26,8
DA:27,71
DA:28,16
DA:29,16
DA:30,16
DA:31,16
DA:32,16
DA:33,16
DA:34,14
DA:35,14
DA:36,14
DA:37,141
DA:38,141
DA:39,14
DA:40,14
DA:41,14
DA:42,14
DA:43,14
DA:44,14
DA:45,68
DA:46,68
DA:47,14
DA:48,14
DA:49,56
DA:50,56
DA:51,56
DA:52,56
DA:53,56
DA:54,56
DA:55,56
DA:56,56
DA:57,56
DA:58,56
DA:59,24
DA:60,24
DA:61,24
DA:62,24
DA:63,24
DA:64,24
DA:65,24
DA:66,24
DA:67,56
DA:68,56
DA:69,56
DA:70,14
DA:71,14
DA:72,4
DA:73,4
DA:74,4
DA:75,4
DA:76,4
DA:77,4
DA:78,4
DA:79,4
DA:80,12
DA:81,0
DA:82,0
DA:83,12
DA:84,12
DA:85,12
DA:86,12
DA:87,12
DA:88,12
DA:89,8
DA:90,8
DA:91,8
DA:92,8
DA:93,8
DA:94,8
DA:95,12
DA:96,12
DA:97,12
DA:98,12
DA:99,4
DA:100,4
DA:101,4
DA:102,4
DA:103,4
DA:104,4
DA:105,4
DA:106,4
DA:107,4
DA:108,4
DA:109,4
DA:110,4
DA:111,4
DA:112,4
DA:113,4
DA:114,4
DA:115,4
DA:116,4
DA:117,4
DA:118,4
DA:119,4
DA:120,4
DA:121,4
DA:122,4
DA:123,4
DA:124,4
DA:125,4
DA:126,4
DA:127,4
DA:128,4
DA:129,4
DA:130,4
DA:131,4
DA:132,4
DA:133,4
DA:134,14
DA:135,14
DA:136,17
DA:137,17
DA:138,17
DA:139,17
DA:140,17
DA:141,17
DA:142,17
DA:143,17
LH:141
LF:143
end_of_record
SF:src/reporting/ReportError.ts
FN:28,getLocFromDependency
FNDA:34,getLocFromDependency
FNF:1
FNH:1
BRDA:1,0,0,36
BRDA:28,1,0,34
BRDA:32,2,0,2
BRDA:34,3,0,3
BRDA:38,4,0,3
BRDA:41,5,0,3
BRDA:36,6,0,0
BRF:7
BRH:6
DA:1,36
DA:2,36
DA:3,36
DA:4,36
DA:5,36
DA:6,36
DA:7,36
DA:8,36
DA:9,36
DA:10,36
DA:11,36
DA:12,36
DA:13,36
DA:14,36
DA:15,36
DA:16,36
DA:17,36
DA:18,36
DA:19,36
DA:20,36
DA:21,36
DA:22,36
DA:23,36
DA:24,36
DA:25,36
DA:26,36
DA:27,36
DA:28,36
DA:29,34
DA:30,34
DA:31,34
DA:32,34
DA:33,2
DA:34,2
DA:35,3
DA:36,34
DA:37,0
DA:38,0
DA:39,34
DA:40,34
DA:41,34
DA:42,3
DA:43,36
LH:41
LF:43
end_of_record
SF:src/utils/createGetDependencyPackageJson.ts
FN:24,createGetDependencyPackageJson
FN:30,anonymous_1
FNDA:68,createGetDependencyPackageJson
FNDA:16,anonymous_1
FNF:2
FNH:2
BRDA:1,0,0,29
BRDA:24,1,0,68
BRDA:30,2,0,16
BRDA:32,3,0,1
BRDA:67,4,0,1
BRDA:45,5,0,0
BRDA:60,6,0,0
BRDA:63,7,0,0
BRF:8
BRH:5
DA:1,29
DA:2,29
DA:3,29
DA:4,29
DA:5,29
DA:6,29
DA:7,29
DA:8,29
DA:9,29
DA:10,29
DA:11,29
DA:12,29
DA:13,29
DA:14,29
DA:15,29
DA:16,29
DA:17,29
DA:18,29
DA:19,29
DA:20,29
DA:21,29
DA:22,29
DA:23,29
DA:24,29
DA:25,68
DA:26,68
DA:27,68
DA:28,68
DA:29,68
DA:30,68
DA:31,16
DA:32,16
DA:33,1
DA:34,1
DA:35,1
DA:36,1
DA:37,1
DA:38,16
DA:39,16
DA:40,16
DA:41,16
DA:42,16
DA:43,16
DA:44,16
DA:45,16
DA:46,16
DA:47,16
DA:48,16
DA:49,16
DA:50,16
DA:51,16
DA:52,16
DA:53,16
DA:54,16
DA:55,16
DA:56,16
DA:57,16
DA:58,16
DA:59,16
DA:60,16
DA:61,16
DA:62,16
DA:63,16
DA:64,0
DA:65,0
DA:66,16
DA:67,16
DA:68,1
DA:69,1
DA:70,68
DA:71,68
LH:69
LF:71
end_of_record
SF:src/utils/library.ts
FN:18,assertNoLegacyIsLibraryOption
FN:28,detectIsLibrary
FN:38,parsePackageNamePattern
FN:60,matchesPackageNamePatterns
FN:74,resolveIsLibrary
FN:43,matches
FN:49,anonymous_6
FN:52,matches
FNDA:6,assertNoLegacyIsLibraryOption
FNDA:78,detectIsLibrary
FNDA:20,parsePackageNamePattern
FNDA:17,matchesPackageNamePatterns
FNDA:145,resolveIsLibrary
FNDA:8,matches
FNDA:24,anonymous_6
FNDA:12,matches
FNF:8
FNH:8
BRDA:1,0,0,29
BRDA:18,1,0,6
BRDA:19,2,0,2
BRDA:28,3,0,78
BRDA:29,4,0,14
BRDA:29,5,0,19
BRDA:38,6,0,20
BRDA:40,7,0,12
BRDA:40,8,0,5
BRDA:42,9,0,8
BRDA:44,10,0,9
BRDA:60,11,0,17
BRDA:67,12,0,12
BRDA:65,13,0,17
BRDA:74,14,0,145
BRDA:78,15,0,33
BRDA:78,16,0,15
BRDA:78,17,0,28
BRDA:79,18,0,17
BRDA:81,19,0,11
BRDA:43,20,0,8
BRDA:49,21,0,24
BRDA:52,22,0,12
BRF:23
BRH:23
DA:1,29
DA:2,29
DA:3,29
DA:4,29
DA:5,29
DA:6,29
DA:7,29
DA:8,29
DA:9,29
DA:10,29
DA:11,29
DA:12,29
DA:13,29
DA:14,29
DA:15,29
DA:16,29
DA:17,29
DA:18,29
DA:19,6
DA:20,2
DA:21,2
DA:22,6
DA:23,29
DA:24,29
DA:25,29
DA:26,29
DA:27,29
DA:28,29
DA:29,78
DA:30,19
DA:31,78
DA:32,29
DA:33,29
DA:34,29
DA:35,29
DA:36,29
DA:37,29
DA:38,29
DA:39,20
DA:40,20
DA:41,20
DA:42,20
DA:43,8
DA:44,8
DA:45,9
DA:46,9
DA:47,9
DA:48,9
DA:49,9
DA:50,9
DA:51,9
DA:52,9
DA:53,29
DA:54,29
DA:55,29
DA:56,29
DA:57,29
DA:58,29
DA:59,29
DA:60,29
DA:61,17
DA:62,17
DA:63,17
DA:64,17
DA:65,17
DA:66,17
DA:67,17
DA:68,17
DA:69,17
DA:70,17
DA:71,17
DA:72,29
DA:73,29
DA:74,29
DA:75,145
DA:76,145
DA:77,145
DA:78,145
DA:79,145
DA:80,17
DA:81,17
DA:82,11
DA:83,145
LH:83
LF:83
end_of_record
SF:src/utils/object.ts
FN:1,getKeys
FN:4,getEntries
FNDA:50,getKeys
FNDA:328,getEntries
FNF:2
FNH:2
BRDA:1,0,0,40
BRDA:1,1,0,50
BRDA:4,2,0,328
BRF:3
BRH:3
DA:1,40
DA:2,40
DA:3,40
DA:4,40
DA:5,40
LH:5
LF:5
end_of_record
SF:src/utils/pkgJsonUtils.ts
FN:19,readPkgJson
FN:24,stringifyPkgJson
FN:28,writePkgJson
FN:32,getLocationFromOffset
FN:47,validateJsonParsing
FN:62,validatePackageName
FN:84,parseDependencyField
FN:161,parsePkg
FN:196,parsePkgValue
FN:203,readAndParsePkgJson
FN:208,internalLoadPackageJsonFromNodeModules
FN:97,anonymous_11
FN:98,anonymous_12
FN:145,changeValue
FN:149,toString
FN:180,anonymous_15
FN:184,change
FNDA:9,readPkgJson
FNDA:0,stringifyPkgJson
FNDA:0,writePkgJson
FNDA:686,getLocationFromOffset
FNDA:223,validateJsonParsing
FNDA:222,validatePackageName
FNDA:1110,parseDependencyField
FNDA:223,parsePkg
FNDA:132,parsePkgValue
FNDA:3,readAndParsePkgJson
FNDA:10,internalLoadPackageJsonFromNodeModules
FNDA:343,anonymous_11
FNDA:343,anonymous_12
FNDA:27,changeValue
FNDA:98,toString
FNDA:1110,anonymous_15
FNDA:4,change
FNF:17
FNH:15
BRDA:1,0,0,42
BRDA:14,1,0,0
BRDA:19,2,0,9
BRDA:32,3,0,686
BRDA:36,4,0,0
BRDA:44,5,0,0
BRDA:47,6,0,223
BRDA:52,7,0,1
BRDA:57,8,0,0
BRDA:62,9,0,222
BRDA:66,10,0,0
BRDA:69,11,0,0
BRDA:84,12,0,1110
BRDA:91,13,0,293
BRDA:91,14,0,782
BRDA:93,15,0,293
BRDA:161,16,0,223
BRDA:196,17,0,132
BRDA:203,18,0,3
BRDA:208,19,0,10
BRDA:216,20,0,0
BRDA:97,21,0,343
BRDA:98,22,0,343
BRDA:145,23,0,27
BRDA:149,24,0,98
BRDA:180,25,0,1110
BRDA:184,26,0,4
BRDA:185,27,0,3
BRDA:186,28,0,0
BRF:29
BRH:21
DA:1,42
DA:2,42
DA:3,42
DA:4,42
DA:5,42
DA:6,42
DA:7,42
DA:8,42
DA:9,42
DA:10,42
DA:11,42
DA:12,42
DA:13,42
DA:14,42
DA:15,0
DA:16,0
DA:17,0
DA:18,42
DA:19,42
DA:20,9
DA:21,9
DA:22,9
DA:23,42
DA:24,42
DA:25,0
DA:26,0
DA:27,42
DA:28,42
DA:29,0
DA:30,0
DA:31,42
DA:32,686
DA:33,686
DA:34,686
DA:35,686
DA:36,686
DA:37,0
DA:38,0
DA:39,0
DA:40,0
DA:41,686
DA:42,686
DA:43,686
DA:44,686
DA:45,686
DA:46,42
DA:47,223
DA:48,223
DA:49,223
DA:50,223
DA:51,223
DA:52,223
DA:53,1
DA:54,1
DA:55,1
DA:56,1
DA:57,223
DA:58,0
DA:59,0
DA:60,223
DA:61,42
DA:62,222
DA:63,222
DA:64,222
DA:65,222
DA:66,222
DA:67,0
DA:68,0
DA:69,222
DA:70,0
DA:71,0
DA:72,0
DA:73,0
DA:74,222
DA:75,42
DA:76,42
DA:77,42
DA:78,42
DA:79,42
DA:80,42
DA:81,42
DA:82,42
DA:83,42
DA:84,1110
DA:85,1110
DA:86,1110
DA:87,1110
DA:88,1110
DA:89,1110
DA:90,1110
DA:91,1110
DA:92,782
DA:93,782
DA:94,293
DA:95,293
DA:96,293
DA:97,293
DA:98,293
DA:99,343
DA:100,343
DA:101,343
DA:102,343
DA:103,343
DA:104,343
DA:105,343
DA:106,343
DA:107,343
DA:108,343
DA:109,343
DA:110,343
DA:111,343
DA:112,343
DA:113,343
DA:114,343
DA:115,343
DA:116,343
DA:117,343
DA:118,343
DA:119,343
DA:120,343
DA:121,343
DA:122,343
DA:123,343
DA:124,343
DA:125,343
DA:126,343
DA:127,343
DA:128,343
DA:129,343
DA:130,343
DA:131,343
DA:132,343
DA:133,343
DA:134,343
DA:135,343
DA:136,343
DA:137,343
DA:138,343
DA:139,343
DA:140,343
DA:141,343
DA:142,343
DA:143,343
DA:144,343
DA:145,343
DA:146,27
DA:147,27
DA:148,343
DA:149,343
DA:150,98
DA:151,343
DA:152,343
DA:153,343
DA:154,343
DA:155,293
DA:156,293
DA:157,293
DA:158,293
DA:159,1110
DA:160,42
DA:161,42
DA:162,223
DA:163,223
DA:164,223
DA:165,223
DA:166,223
DA:167,223
DA:168,223
DA:169,223
DA:170,223
DA:171,223
DA:172,223
DA:173,223
DA:174,223
DA:175,223
DA:176,223
DA:177,223
DA:178,223
DA:179,223
DA:180,223
DA:181,223
DA:182,223
DA:183,223
DA:184,223
DA:185,4
DA:186,4
DA:187,0
DA:188,4
DA:189,4
DA:190,4
DA:191,223
DA:192,223
DA:193,223
DA:194,42
DA:195,42
DA:196,42
DA:197,132
DA:198,132
DA:199,132
DA:200,132
DA:201,132
DA:202,42
DA:203,42
DA:204,3
DA:205,3
DA:206,42
DA:207,42
DA:208,42
DA:209,10
DA:210,10
DA:211,10
DA:212,10
DA:213,10
DA:214,10
DA:215,10
DA:216,10
DA:217,0
DA:218,0
DA:219,10
DA:220,10
LH:198
LF:220
end_of_record
SF:src/utils/pnpmWorkspaceYaml.ts
FN:5,stripListItemValue
FN:11,parseFlowSequence
FN:20,parsePnpmWorkspacePackages
FN:45,readPnpmWorkspacePackages
FN:61,resolveWorkspacesPackagesGlobs
FN:22,anonymous_5
FNDA:9,stripListItemValue
FNDA:0,parseFlowSequence
FNDA:142,parsePnpmWorkspacePackages
FNDA:224,readPnpmWorkspacePackages
FNDA:243,resolveWorkspacesPackagesGlobs
FNDA:1871,anonymous_5
FNF:6
FNH:5
BRDA:1,0,0,42
BRDA:5,1,0,9
BRDA:8,2,0,0
BRDA:20,3,0,142
BRDA:34,4,0,18
BRDA:36,5,0,9
BRDA:38,6,0,9
BRDA:29,7,0,0
BRDA:38,8,0,0
BRDA:45,9,0,224
BRDA:49,10,0,6
BRDA:49,11,0,14
BRDA:51,12,0,3
BRDA:61,13,0,243
BRDA:65,14,0,19
BRDA:67,15,0,40
BRDA:66,16,0,0
BRDA:22,17,0,1871
BRF:18
BRH:14
DA:1,42
DA:2,42
DA:3,42
DA:4,42
DA:5,42
DA:6,9
DA:7,9
DA:8,9
DA:9,42
DA:10,42
DA:11,42
DA:12,0
DA:13,0
DA:14,0
DA:15,0
DA:16,0
DA:17,42
DA:18,42
DA:19,42
DA:20,42
DA:21,142
DA:22,142
DA:23,142
DA:24,142
DA:25,142
DA:26,142
DA:27,142
DA:28,142
DA:29,142
DA:30,0
DA:31,0
DA:32,142
DA:33,142
DA:34,142
DA:35,18
DA:36,18
DA:37,9
DA:38,18
DA:39,9
DA:40,9
DA:41,18
DA:42,142
DA:43,42
DA:44,42
DA:45,42
DA:46,224
DA:47,224
DA:48,224
DA:49,224
DA:50,14
DA:51,14
DA:52,3
DA:53,3
DA:54,224
DA:55,42
DA:56,42
DA:57,42
DA:58,42
DA:59,42
DA:60,42
DA:61,42
DA:62,243
DA:63,243
DA:64,243
DA:65,243
DA:66,243
DA:67,243
DA:68,42
LH:61
LF:68
end_of_record
SF:src/utils/semverUtils.ts
FN:8,stringify
FN:27,getOperator
FN:33,changeOperator
FN:46,isExactParsedRange
FN:52,isExactRange
FN:65,parseNpmAlias
FN:79,getRealVersion
FNDA:3,stringify
FNDA:6,getOperator
FNDA:6,changeOperator
FNDA:0,isExactParsedRange
FNDA:0,isExactRange
FNDA:305,parseNpmAlias
FNDA:224,getRealVersion
FNF:7
FNH:5
BRDA:1,0,0,39
BRDA:8,1,0,3
BRDA:13,2,0,0
BRDA:15,3,0,0
BRDA:17,4,0,0
BRDA:18,5,0,1
BRDA:21,6,0,0
BRDA:27,7,0,6
BRDA:29,8,0,0
BRDA:30,9,0,4
BRDA:33,10,0,6
BRDA:37,11,0,3
BRDA:37,12,0,2
BRDA:39,13,0,0
BRDA:39,14,0,2
BRDA:41,15,0,0
BRDA:41,16,0,2
BRDA:42,17,0,0
BRDA:42,18,0,2
BRDA:65,19,0,305
BRDA:66,20,0,38
BRDA:66,21,0,33
BRDA:70,22,0,21
BRDA:70,23,0,12
BRDA:72,24,0,5
BRDA:72,25,0,28
BRDA:75,26,0,0
BRDA:79,27,0,224
BRDA:83,28,0,17
BRDA:89,29,0,173
BRDA:87,30,0,4
BRDA:87,31,0,3
BRDA:87,32,0,3
BRDA:81,33,0,4
BRDA:81,34,0,1
BRDA:81,35,0,17
BRF:36
BRH:27
DA:1,39
DA:2,39
DA:3,39
DA:4,39
DA:5,39
DA:6,39
DA:7,39
DA:8,3
DA:9,3
DA:10,3
DA:11,3
DA:12,3
DA:13,3
DA:14,3
DA:15,3
DA:16,3
DA:17,3
DA:18,3
DA:19,1
DA:20,1
DA:21,3
DA:22,0
DA:23,0
DA:24,3
DA:25,3
DA:26,39
DA:27,39
DA:28,6
DA:29,6
DA:30,6
DA:31,6
DA:32,39
DA:33,39
DA:34,6
DA:35,6
DA:36,6
DA:37,6
DA:38,2
DA:39,6
DA:40,2
DA:41,6
DA:42,6
DA:43,6
DA:44,6
DA:45,39
DA:46,39
DA:47,0
DA:48,0
DA:49,0
DA:50,0
DA:51,39
DA:52,39
DA:53,0
DA:54,0
DA:55,39
DA:56,39
DA:57,39
DA:58,39
DA:59,39
DA:60,39
DA:61,39
DA:62,39
DA:63,39
DA:64,39
DA:65,39
DA:66,305
DA:67,33
DA:68,33
DA:69,33
DA:70,305
DA:71,305
DA:72,305
DA:73,28
DA:74,28
DA:75,305
DA:76,305
DA:77,305
DA:78,39
DA:79,39
DA:80,224
DA:81,224
DA:82,17
DA:83,224
DA:84,17
DA:85,17
DA:86,17
DA:87,17
DA:88,3
DA:89,3
DA:90,173
DA:91,173
DA:92,224
LH:84
LF:92
end_of_record
SF:src/utils/warnForUtils.ts
FN:26,createOnlyWarnsForArrayCheck
FN:33,getNotWarnedFor
FN:34,shouldWarnsFor
FN:44,isMapping
FN:50,createOnlyWarnsForMappingCheck
FN:56,anonymous_5
FN:63,getNotWarnedFor
FN:66,anonymous_7
FN:67,anonymous_8
FN:69,createFor
FN:97,getNotWarnedFor
FN:104,createFor
FN:72,getNotWarnedFor
FN:75,shouldWarnsFor
FN:107,getNotWarnedFor
FN:110,shouldWarnsFor
FNDA:162,createOnlyWarnsForArrayCheck
FNDA:113,getNotWarnedFor
FNDA:52,shouldWarnsFor
FNDA:150,isMapping
FNDA:150,createOnlyWarnsForMappingCheck
FNDA:15,anonymous_5
FNDA:88,getNotWarnedFor
FNDA:15,anonymous_7
FNDA:12,anonymous_8
FNDA:31,createFor
FNDA:17,getNotWarnedFor
FNDA:48,createFor
FNDA:0,getNotWarnedFor
FNDA:25,shouldWarnsFor
FNDA:0,getNotWarnedFor
FNDA:11,shouldWarnsFor
FNF:16
FNH:14
BRDA:1,0,0,34
BRDA:26,1,0,162
BRDA:33,2,0,113
BRDA:34,3,0,52
BRDA:35,4,0,3
BRDA:38,5,0,22
BRDA:44,6,0,150
BRDA:47,7,0,17
BRDA:50,8,0,150
BRDA:54,9,0,3
BRDA:54,10,0,11
BRDA:89,11,0,7
BRDA:56,12,0,15
BRDA:63,13,0,88
BRDA:66,14,0,15
BRDA:67,15,0,12
BRDA:69,16,0,31
BRDA:97,17,0,17
BRDA:99,18,0,4
BRDA:104,19,0,48
BRDA:75,20,0,25
BRDA:76,21,0,13
BRDA:76,22,0,6
BRDA:79,23,0,11
BRDA:80,24,0,10
BRDA:80,25,0,9
BRDA:83,26,0,2
BRDA:110,27,0,11
BRF:28
BRH:28
DA:1,34
DA:2,34
DA:3,34
DA:4,34
DA:5,34
DA:6,34
DA:7,34
DA:8,34
DA:9,34
DA:10,34
DA:11,34
DA:12,34
DA:13,34
DA:14,34
DA:15,34
DA:16,34
DA:17,34
DA:18,34
DA:19,34
DA:20,34
DA:21,34
DA:22,34
DA:23,34
DA:24,34
DA:25,34
DA:26,34
DA:27,162
DA:28,162
DA:29,162
DA:30,162
DA:31,162
DA:32,162
DA:33,162
DA:34,162
DA:35,52
DA:36,3
DA:37,3
DA:38,3
DA:39,22
DA:40,162
DA:41,162
DA:42,34
DA:43,34
DA:44,34
DA:45,150
DA:46,150
DA:47,150
DA:48,34
DA:49,34
DA:50,34
DA:51,150
DA:52,150
DA:53,150
DA:54,150
DA:55,11
DA:56,11
DA:57,15
DA:58,15
DA:59,11
DA:60,11
DA:61,11
DA:62,11
DA:63,11
DA:64,88
DA:65,88
DA:66,88
DA:67,88
DA:68,11
DA:69,11
DA:70,31
DA:71,31
DA:72,31
DA:73,0
DA:74,31
DA:75,31
DA:76,25
DA:77,6
DA:78,6
DA:79,6
DA:80,25
DA:81,9
DA:82,9
DA:83,9
DA:84,2
DA:85,31
DA:86,31
DA:87,11
DA:88,11
DA:89,11
DA:90,7
DA:91,7
DA:92,7
DA:93,7
DA:94,7
DA:95,7
DA:96,7
DA:97,7
DA:98,17
DA:99,17
DA:100,4
DA:101,4
DA:102,4
DA:103,7
DA:104,7
DA:105,48
DA:106,48
DA:107,48
DA:108,0
DA:109,48
DA:110,48
DA:111,11
DA:112,48
DA:113,48
DA:114,7
DA:115,7
DA:116,34
LH:114
LF:116
end_of_record
SF:src/utils/workspaceMembers.ts
FN:7,readPackageJsonSafe
FN:28,findWorkspaceRootLocation
FN:53,findWorkspaceMemberNames
FN:73,findWorkspaceRootPackageJson
FNDA:53,readPackageJsonSafe
FNDA:39,findWorkspaceRootLocation
FNDA:12,findWorkspaceMemberNames
FNDA:4,findWorkspaceRootPackageJson
FNF:4
FNH:4
BRDA:1,0,0,26
BRDA:7,1,0,53
BRDA:13,2,0,19
BRDA:28,3,0,12
BRDA:31,4,0,39
BRDA:34,5,0,20
BRDA:42,6,0,2
BRDA:42,7,0,28
BRDA:36,8,0,9
BRDA:39,9,0,24
BRDA:44,10,0,0
BRDA:53,11,0,8
BRDA:57,12,0,1
BRDA:57,13,0,6
BRDA:60,14,0,12
BRDA:63,15,0,6
BRDA:73,16,0,4
BRF:17
BRH:16
DA:1,26
DA:2,26
DA:3,26
DA:4,26
DA:5,26
DA:6,26
DA:7,26
DA:8,53
DA:9,53
DA:10,53
DA:11,53
DA:12,53
DA:13,53
DA:14,19
DA:15,19
DA:16,26
DA:17,26
DA:18,26
DA:19,26
DA:20,26
DA:21,26
DA:22,26
DA:23,26
DA:24,26
DA:25,26
DA:26,26
DA:27,26
DA:28,26
DA:29,12
DA:30,12
DA:31,12
DA:32,39
DA:33,39
DA:34,39
DA:35,20
DA:36,20
DA:37,9
DA:38,9
DA:39,20
DA:40,24
DA:41,24
DA:42,39
DA:43,28
DA:44,28
DA:45,26
DA:46,26
DA:47,26
DA:48,26
DA:49,26
DA:50,26
DA:51,26
DA:52,26
DA:53,26
DA:54,8
DA:55,8
DA:56,8
DA:57,8
DA:58,6
DA:59,6
DA:60,8
DA:61,12
DA:62,12
DA:63,12
DA:64,6
DA:65,26
DA:66,26
DA:67,26
DA:68,26
DA:69,26
DA:70,26
DA:71,26
DA:72,26
DA:73,26
DA:74,4
DA:75,4
DA:76,4
DA:77,4
DA:78,4
DA:79,26
LH:79
LF:79
end_of_record
