{"/home/runner/work/check-package-dependencies/check-package-dependencies/src/check-package-with-workspaces.ts": {"path":"/home/runner/work/check-package-dependencies/check-package-dependencies/src/check-package-with-workspaces.ts","all":false,"statementMap":{"0":{"start":{"line":1,"column":0},"end":{"line":1,"column":40}},"1":{"start":{"line":2,"column":0},"end":{"line":2,"column":29}},"10":{"start":{"line":11,"column":0},"end":{"line":11,"column":53}},"11":{"start":{"line":12,"column":0},"end":{"line":12,"column":81}},"13":{"start":{"line":14,"column":0},"end":{"line":14,"column":8}},"20":{"start":{"line":21,"column":0},"end":{"line":21,"column":70}},"70":{"start":{"line":71,"column":0},"end":{"line":71,"column":49}},"71":{"start":{"line":72,"column":0},"end":{"line":72,"column":74}},"72":{"start":{"line":73,"column":0},"end":{"line":73,"column":34}},"73":{"start":{"line":74,"column":0},"end":{"line":74,"column":43}},"74":{"start":{"line":75,"column":0},"end":{"line":75,"column":33}},"75":{"start":{"line":76,"column":0},"end":{"line":76,"column":21}},"76":{"start":{"line":77,"column":0},"end":{"line":77,"column":5}},"77":{"start":{"line":78,"column":0},"end":{"line":78,"column":43}},"79":{"start":{"line":80,"column":0},"end":{"line":80,"column":45}},"80":{"start":{"line":81,"column":0},"end":{"line":81,"column":52}},"81":{"start":{"line":82,"column":0},"end":{"line":82,"column":31}},"82":{"start":{"line":83,"column":0},"end":{"line":83,"column":23}},"84":{"start":{"line":85,"column":0},"end":{"line":85,"column":23}},"85":{"start":{"line":86,"column":0},"end":{"line":86,"column":55}},"86":{"start":{"line":87,"column":0},"end":{"line":87,"column":3}},"88":{"start":{"line":89,"column":0},"end":{"line":89,"column":46}},"90":{"start":{"line":91,"column":0},"end":{"line":91,"column":64}},"91":{"start":{"line":92,"column":0},"end":{"line":92,"column":34}},"92":{"start":{"line":93,"column":0},"end":{"line":93,"column":9}},"93":{"start":{"line":94,"column":0},"end":{"line":94,"column":74}},"94":{"start":{"line":95,"column":0},"end":{"line":95,"column":13}},"95":{"start":{"line":96,"column":0},"end":{"line":96,"column":18}},"96":{"start":{"line":97,"column":0},"end":{"line":97,"column":75}},"97":{"start":{"line":98,"column":0},"end":{"line":98,"column":8}},"98":{"start":{"line":99,"column":0},"end":{"line":99,"column":15}},"99":{"start":{"line":100,"column":0},"end":{"line":100,"column":5}},"101":{"start":{"line":102,"column":0},"end":{"line":102,"column":72}},"102":{"start":{"line":103,"column":0},"end":{"line":103,"column":53}},"103":{"start":{"line":104,"column":0},"end":{"line":104,"column":3}},"105":{"start":{"line":106,"column":0},"end":{"line":106,"column":60}},"106":{"start":{"line":107,"column":0},"end":{"line":107,"column":57}},"107":{"start":{"line":108,"column":0},"end":{"line":108,"column":43}},"108":{"start":{"line":109,"column":0},"end":{"line":109,"column":37}},"109":{"start":{"line":110,"column":0},"end":{"line":110,"column":50}},"110":{"start":{"line":111,"column":0},"end":{"line":111,"column":42}},"111":{"start":{"line":112,"column":0},"end":{"line":112,"column":64}},"112":{"start":{"line":113,"column":0},"end":{"line":113,"column":9}},"113":{"start":{"line":114,"column":0},"end":{"line":114,"column":43}},"114":{"start":{"line":115,"column":0},"end":{"line":115,"column":7}},"115":{"start":{"line":116,"column":0},"end":{"line":116,"column":4}},"117":{"start":{"line":118,"column":0},"end":{"line":118,"column":10}},"118":{"start":{"line":119,"column":0},"end":{"line":119,"column":17}},"119":{"start":{"line":120,"column":0},"end":{"line":120,"column":37}},"120":{"start":{"line":121,"column":0},"end":{"line":121,"column":21}},"121":{"start":{"line":122,"column":0},"end":{"line":122,"column":37}},"122":{"start":{"line":123,"column":0},"end":{"line":123,"column":10}},"123":{"start":{"line":124,"column":0},"end":{"line":124,"column":67}},"124":{"start":{"line":125,"column":0},"end":{"line":125,"column":7}},"126":{"start":{"line":127,"column":0},"end":{"line":127,"column":26}},"127":{"start":{"line":128,"column":0},"end":{"line":128,"column":6}},"129":{"start":{"line":130,"column":0},"end":{"line":130,"column":22}},"130":{"start":{"line":131,"column":0},"end":{"line":131,"column":43}},"131":{"start":{"line":132,"column":0},"end":{"line":132,"column":32}},"132":{"start":{"line":133,"column":0},"end":{"line":133,"column":37}},"133":{"start":{"line":134,"column":0},"end":{"line":134,"column":37}},"134":{"start":{"line":135,"column":0},"end":{"line":135,"column":54}},"135":{"start":{"line":136,"column":0},"end":{"line":136,"column":54}},"136":{"start":{"line":137,"column":0},"end":{"line":137,"column":29}},"137":{"start":{"line":138,"column":0},"end":{"line":138,"column":13}},"138":{"start":{"line":139,"column":0},"end":{"line":139,"column":41}},"139":{"start":{"line":140,"column":0},"end":{"line":140,"column":37}},"140":{"start":{"line":141,"column":0},"end":{"line":141,"column":57}},"141":{"start":{"line":142,"column":0},"end":{"line":142,"column":67}},"142":{"start":{"line":143,"column":0},"end":{"line":143,"column":31}},"143":{"start":{"line":144,"column":0},"end":{"line":144,"column":9}},"145":{"start":{"line":146,"column":0},"end":{"line":146,"column":66}},"146":{"start":{"line":147,"column":0},"end":{"line":147,"column":39}},"147":{"start":{"line":148,"column":0},"end":{"line":148,"column":60}},"148":{"start":{"line":149,"column":0},"end":{"line":149,"column":58}},"149":{"start":{"line":150,"column":0},"end":{"line":150,"column":10}},"151":{"start":{"line":152,"column":0},"end":{"line":152,"column":75}},"152":{"start":{"line":153,"column":0},"end":{"line":153,"column":57}},"153":{"start":{"line":154,"column":0},"end":{"line":154,"column":42}},"154":{"start":{"line":155,"column":0},"end":{"line":155,"column":72}},"155":{"start":{"line":156,"column":0},"end":{"line":156,"column":43}},"156":{"start":{"line":157,"column":0},"end":{"line":157,"column":20}},"157":{"start":{"line":158,"column":0},"end":{"line":158,"column":63}},"158":{"start":{"line":159,"column":0},"end":{"line":159,"column":15}},"159":{"start":{"line":160,"column":0},"end":{"line":160,"column":55}},"160":{"start":{"line":161,"column":0},"end":{"line":161,"column":76}},"161":{"start":{"line":162,"column":0},"end":{"line":162,"column":15}},"162":{"start":{"line":163,"column":0},"end":{"line":163,"column":24}},"163":{"start":{"line":164,"column":0},"end":{"line":164,"column":39}},"164":{"start":{"line":165,"column":0},"end":{"line":165,"column":63}},"165":{"start":{"line":166,"column":0},"end":{"line":166,"column":58}},"166":{"start":{"line":167,"column":0},"end":{"line":167,"column":38}},"167":{"start":{"line":168,"column":0},"end":{"line":168,"column":14}},"168":{"start":{"line":169,"column":0},"end":{"line":169,"column":12}},"169":{"start":{"line":170,"column":0},"end":{"line":170,"column":68}},"170":{"start":{"line":171,"column":0},"end":{"line":171,"column":33}},"171":{"start":{"line":172,"column":0},"end":{"line":172,"column":11}},"173":{"start":{"line":174,"column":0},"end":{"line":174,"column":57}},"174":{"start":{"line":175,"column":0},"end":{"line":175,"column":51}},"175":{"start":{"line":176,"column":0},"end":{"line":176,"column":38}},"176":{"start":{"line":177,"column":0},"end":{"line":177,"column":10}},"178":{"start":{"line":179,"column":0},"end":{"line":179,"column":35}},"179":{"start":{"line":180,"column":0},"end":{"line":180,"column":33}},"180":{"start":{"line":181,"column":0},"end":{"line":181,"column":30}},"181":{"start":{"line":182,"column":0},"end":{"line":182,"column":39}},"182":{"start":{"line":183,"column":0},"end":{"line":183,"column":28}},"183":{"start":{"line":184,"column":0},"end":{"line":184,"column":46}},"184":{"start":{"line":185,"column":0},"end":{"line":185,"column":14}},"185":{"start":{"line":186,"column":0},"end":{"line":186,"column":73}},"186":{"start":{"line":187,"column":0},"end":{"line":187,"column":37}},"187":{"start":{"line":188,"column":0},"end":{"line":188,"column":12}},"188":{"start":{"line":189,"column":0},"end":{"line":189,"column":10}},"190":{"start":{"line":191,"column":0},"end":{"line":191,"column":72}},"191":{"start":{"line":192,"column":0},"end":{"line":192,"column":37}},"192":{"start":{"line":193,"column":0},"end":{"line":193,"column":35}},"193":{"start":{"line":194,"column":0},"end":{"line":194,"column":32}},"194":{"start":{"line":195,"column":0},"end":{"line":195,"column":41}},"195":{"start":{"line":196,"column":0},"end":{"line":196,"column":30}},"196":{"start":{"line":197,"column":0},"end":{"line":197,"column":48}},"197":{"start":{"line":198,"column":0},"end":{"line":198,"column":40}},"198":{"start":{"line":199,"column":0},"end":{"line":199,"column":75}},"199":{"start":{"line":200,"column":0},"end":{"line":200,"column":39}},"200":{"start":{"line":201,"column":0},"end":{"line":201,"column":14}},"201":{"start":{"line":202,"column":0},"end":{"line":202,"column":12}},"202":{"start":{"line":203,"column":0},"end":{"line":203,"column":37}},"203":{"start":{"line":204,"column":0},"end":{"line":204,"column":35}},"204":{"start":{"line":205,"column":0},"end":{"line":205,"column":32}},"205":{"start":{"line":206,"column":0},"end":{"line":206,"column":41}},"206":{"start":{"line":207,"column":0},"end":{"line":207,"column":27}},"207":{"start":{"line":208,"column":0},"end":{"line":208,"column":48}},"208":{"start":{"line":209,"column":0},"end":{"line":209,"column":40}},"209":{"start":{"line":210,"column":0},"end":{"line":210,"column":75}},"210":{"start":{"line":211,"column":0},"end":{"line":211,"column":39}},"211":{"start":{"line":212,"column":0},"end":{"line":212,"column":14}},"212":{"start":{"line":213,"column":0},"end":{"line":213,"column":12}},"213":{"start":{"line":214,"column":0},"end":{"line":214,"column":37}},"214":{"start":{"line":215,"column":0},"end":{"line":215,"column":35}},"215":{"start":{"line":216,"column":0},"end":{"line":216,"column":32}},"216":{"start":{"line":217,"column":0},"end":{"line":217,"column":41}},"217":{"start":{"line":218,"column":0},"end":{"line":218,"column":31}},"218":{"start":{"line":219,"column":0},"end":{"line":219,"column":33}},"219":{"start":{"line":220,"column":0},"end":{"line":220,"column":40}},"220":{"start":{"line":221,"column":0},"end":{"line":221,"column":75}},"221":{"start":{"line":222,"column":0},"end":{"line":222,"column":39}},"222":{"start":{"line":223,"column":0},"end":{"line":223,"column":14}},"223":{"start":{"line":224,"column":0},"end":{"line":224,"column":12}},"224":{"start":{"line":225,"column":0},"end":{"line":225,"column":11}},"226":{"start":{"line":227,"column":0},"end":{"line":227,"column":59}},"227":{"start":{"line":228,"column":0},"end":{"line":228,"column":9}},"228":{"start":{"line":229,"column":0},"end":{"line":229,"column":32}},"229":{"start":{"line":230,"column":0},"end":{"line":230,"column":26}},"230":{"start":{"line":231,"column":0},"end":{"line":231,"column":51}},"231":{"start":{"line":232,"column":0},"end":{"line":232,"column":35}},"232":{"start":{"line":233,"column":0},"end":{"line":233,"column":10}},"233":{"start":{"line":234,"column":0},"end":{"line":234,"column":61}},"234":{"start":{"line":235,"column":0},"end":{"line":235,"column":8}},"236":{"start":{"line":237,"column":0},"end":{"line":237,"column":18}},"237":{"start":{"line":238,"column":0},"end":{"line":238,"column":6}},"239":{"start":{"line":240,"column":0},"end":{"line":240,"column":23}},"240":{"start":{"line":241,"column":0},"end":{"line":241,"column":29}},"241":{"start":{"line":242,"column":0},"end":{"line":242,"column":18}},"242":{"start":{"line":243,"column":0},"end":{"line":243,"column":6}},"244":{"start":{"line":245,"column":0},"end":{"line":245,"column":23}},"245":{"start":{"line":246,"column":0},"end":{"line":246,"column":53}},"246":{"start":{"line":247,"column":0},"end":{"line":247,"column":34}},"247":{"start":{"line":248,"column":0},"end":{"line":248,"column":9}},"248":{"start":{"line":249,"column":0},"end":{"line":249,"column":18}},"249":{"start":{"line":250,"column":0},"end":{"line":250,"column":6}},"251":{"start":{"line":252,"column":0},"end":{"line":252,"column":23}},"252":{"start":{"line":253,"column":0},"end":{"line":253,"column":52}},"253":{"start":{"line":254,"column":0},"end":{"line":254,"column":26}},"254":{"start":{"line":255,"column":0},"end":{"line":255,"column":24}},"255":{"start":{"line":256,"column":0},"end":{"line":256,"column":65}},"256":{"start":{"line":257,"column":0},"end":{"line":257,"column":39}},"257":{"start":{"line":258,"column":0},"end":{"line":258,"column":27}},"258":{"start":{"line":259,"column":0},"end":{"line":259,"column":10}},"259":{"start":{"line":260,"column":0},"end":{"line":260,"column":7}},"260":{"start":{"line":261,"column":0},"end":{"line":261,"column":29}},"261":{"start":{"line":262,"column":0},"end":{"line":262,"column":18}},"262":{"start":{"line":263,"column":0},"end":{"line":263,"column":6}},"263":{"start":{"line":264,"column":0},"end":{"line":264,"column":4}},"264":{"start":{"line":265,"column":0},"end":{"line":265,"column":1}}},"s":{"0":1,"1":1,"10":1,"11":1,"13":1,"20":1,"70":1,"71":0,"72":0,"73":0,"74":0,"75":0,"76":0,"77":0,"79":0,"80":0,"81":0,"82":0,"84":0,"85":0,"86":0,"88":0,"90":0,"91":0,"92":0,"93":0,"94":0,"95":0,"96":0,"97":0,"98":0,"99":0,"101":0,"102":0,"103":0,"105":0,"106":0,"107":0,"108":0,"109":0,"110":0,"111":0,"112":0,"113":0,"114":0,"115":0,"117":0,"118":0,"119":0,"120":0,"121":0,"122":0,"123":0,"124":0,"126":0,"127":0,"129":0,"130":0,"131":0,"132":0,"133":0,"134":0,"135":0,"136":0,"137":0,"138":0,"139":0,"140":0,"141":0,"142":0,"143":0,"145":0,"146":0,"147":0,"148":0,"149":0,"151":0,"152":0,"153":0,"154":0,"155":0,"156":0,"157":0,"158":0,"159":0,"160":0,"161":0,"162":0,"163":0,"164":0,"165":0,"166":0,"167":0,"168":0,"169":0,"170":0,"171":0,"173":0,"174":0,"175":0,"176":0,"178":0,"179":0,"180":0,"181":0,"182":0,"183":0,"184":0,"185":0,"186":0,"187":0,"188":0,"190":0,"191":0,"192":0,"193":0,"194":0,"195":0,"196":0,"197":0,"198":0,"199":0,"200":0,"201":0,"202":0,"203":0,"204":0,"205":0,"206":0,"207":0,"208":0,"209":0,"210":0,"211":0,"212":0,"213":0,"214":0,"215":0,"216":0,"217":0,"218":0,"219":0,"220":0,"221":0,"222":0,"223":0,"224":0,"226":0,"227":0,"228":0,"229":0,"230":0,"231":0,"232":0,"233":0,"234":0,"236":0,"237":0,"239":0,"240":0,"241":0,"242":0,"244":0,"245":0,"246":0,"247":0,"248":0,"249":0,"251":0,"252":0,"253":0,"254":0,"255":0,"256":0,"257":0,"258":0,"259":0,"260":0,"261":0,"262":0,"263":0,"264":0},"branchMap":{},"b":{},"fnMap":{"0":{"name":"createCheckPackageWithWorkspaces","decl":{"start":{"line":71,"column":7},"end":{"line":265,"column":1}},"loc":{"start":{"line":71,"column":7},"end":{"line":265,"column":1}},"line":71}},"f":{"0":0}}
,"/home/runner/work/check-package-dependencies/check-package-dependencies/src/check-package.ts": {"path":"/home/runner/work/check-package-dependencies/check-package-dependencies/src/check-package.ts","all":false,"statementMap":{"0":{"start":{"line":1,"column":0},"end":{"line":1,"column":29}},"1":{"start":{"line":2,"column":0},"end":{"line":2,"column":29}},"2":{"start":{"line":3,"column":0},"end":{"line":3,"column":93}},"3":{"start":{"line":4,"column":0},"end":{"line":4,"column":83}},"4":{"start":{"line":5,"column":0},"end":{"line":5,"column":65}},"5":{"start":{"line":6,"column":0},"end":{"line":6,"column":73}},"6":{"start":{"line":7,"column":0},"end":{"line":7,"column":101}},"7":{"start":{"line":8,"column":0},"end":{"line":8,"column":73}},"8":{"start":{"line":9,"column":0},"end":{"line":9,"column":67}},"10":{"start":{"line":11,"column":0},"end":{"line":11,"column":89}},"11":{"start":{"line":12,"column":0},"end":{"line":12,"column":87}},"12":{"start":{"line":13,"column":0},"end":{"line":13,"column":73}},"13":{"start":{"line":14,"column":0},"end":{"line":14,"column":101}},"14":{"start":{"line":15,"column":0},"end":{"line":15,"column":97}},"16":{"start":{"line":17,"column":0},"end":{"line":17,"column":88}},"17":{"start":{"line":18,"column":0},"end":{"line":18,"column":62}},"18":{"start":{"line":19,"column":0},"end":{"line":19,"column":44}},"25":{"start":{"line":26,"column":0},"end":{"line":26,"column":65}},"31":{"start":{"line":32,"column":0},"end":{"line":32,"column":8}},"283":{"start":{"line":284,"column":0},"end":{"line":284,"column":36}},"284":{"start":{"line":285,"column":0},"end":{"line":285,"column":29}},"285":{"start":{"line":286,"column":0},"end":{"line":286,"column":36}},"286":{"start":{"line":287,"column":0},"end":{"line":287,"column":20}},"287":{"start":{"line":288,"column":0},"end":{"line":288,"column":53}},"288":{"start":{"line":289,"column":0},"end":{"line":289,"column":56}},"289":{"start":{"line":290,"column":0},"end":{"line":290,"column":47}},"290":{"start":{"line":291,"column":0},"end":{"line":291,"column":61}},"291":{"start":{"line":292,"column":0},"end":{"line":292,"column":35}},"292":{"start":{"line":293,"column":0},"end":{"line":293,"column":78}},"293":{"start":{"line":294,"column":0},"end":{"line":294,"column":22}},"294":{"start":{"line":295,"column":0},"end":{"line":295,"column":65}},"295":{"start":{"line":296,"column":0},"end":{"line":296,"column":71}},"296":{"start":{"line":297,"column":0},"end":{"line":297,"column":57}},"298":{"start":{"line":299,"column":0},"end":{"line":299,"column":27}},"300":{"start":{"line":301,"column":0},"end":{"line":301,"column":48}},"301":{"start":{"line":302,"column":0},"end":{"line":302,"column":24}},"302":{"start":{"line":303,"column":0},"end":{"line":303,"column":3}},"304":{"start":{"line":305,"column":0},"end":{"line":305,"column":45}},"305":{"start":{"line":306,"column":0},"end":{"line":306,"column":30}},"306":{"start":{"line":307,"column":0},"end":{"line":307,"column":53}},"307":{"start":{"line":308,"column":0},"end":{"line":308,"column":31}},"308":{"start":{"line":309,"column":0},"end":{"line":309,"column":4}},"310":{"start":{"line":311,"column":0},"end":{"line":311,"column":67}},"311":{"start":{"line":312,"column":0},"end":{"line":312,"column":15}},"312":{"start":{"line":313,"column":0},"end":{"line":313,"column":5}},"314":{"start":{"line":315,"column":0},"end":{"line":315,"column":24}},"316":{"start":{"line":317,"column":0},"end":{"line":317,"column":43}},"317":{"start":{"line":318,"column":0},"end":{"line":318,"column":36}},"318":{"start":{"line":319,"column":0},"end":{"line":319,"column":23}},"319":{"start":{"line":320,"column":0},"end":{"line":320,"column":61}},"320":{"start":{"line":321,"column":0},"end":{"line":321,"column":7}},"321":{"start":{"line":322,"column":0},"end":{"line":322,"column":7}},"322":{"start":{"line":323,"column":0},"end":{"line":323,"column":3}},"324":{"start":{"line":325,"column":0},"end":{"line":325,"column":13}},"325":{"start":{"line":326,"column":0},"end":{"line":326,"column":17}},"327":{"start":{"line":328,"column":0},"end":{"line":328,"column":35}},"329":{"start":{"line":330,"column":0},"end":{"line":330,"column":63}},"330":{"start":{"line":331,"column":0},"end":{"line":331,"column":23}},"331":{"start":{"line":332,"column":0},"end":{"line":332,"column":19}},"332":{"start":{"line":333,"column":0},"end":{"line":333,"column":5}},"334":{"start":{"line":335,"column":0},"end":{"line":335,"column":32}},"335":{"start":{"line":336,"column":0},"end":{"line":336,"column":11}},"336":{"start":{"line":337,"column":0},"end":{"line":337,"column":24}},"337":{"start":{"line":338,"column":0},"end":{"line":338,"column":23}},"338":{"start":{"line":339,"column":0},"end":{"line":339,"column":76}},"339":{"start":{"line":340,"column":0},"end":{"line":340,"column":7}},"340":{"start":{"line":341,"column":0},"end":{"line":341,"column":5}},"341":{"start":{"line":342,"column":0},"end":{"line":342,"column":3}},"343":{"start":{"line":344,"column":0},"end":{"line":344,"column":25}},"345":{"start":{"line":346,"column":0},"end":{"line":346,"column":10}},"346":{"start":{"line":347,"column":0},"end":{"line":347,"column":15}},"347":{"start":{"line":348,"column":0},"end":{"line":348,"column":36}},"348":{"start":{"line":349,"column":0},"end":{"line":349,"column":40}},"349":{"start":{"line":350,"column":0},"end":{"line":350,"column":23}},"351":{"start":{"line":352,"column":0},"end":{"line":352,"column":31}},"352":{"start":{"line":353,"column":0},"end":{"line":353,"column":24}},"353":{"start":{"line":354,"column":0},"end":{"line":354,"column":7}},"354":{"start":{"line":355,"column":0},"end":{"line":355,"column":30}},"355":{"start":{"line":356,"column":0},"end":{"line":356,"column":35}},"356":{"start":{"line":357,"column":0},"end":{"line":357,"column":28}},"357":{"start":{"line":358,"column":0},"end":{"line":358,"column":7}},"358":{"start":{"line":359,"column":0},"end":{"line":359,"column":6}},"360":{"start":{"line":361,"column":0},"end":{"line":361,"column":8}},"361":{"start":{"line":362,"column":0},"end":{"line":362,"column":15}},"362":{"start":{"line":363,"column":0},"end":{"line":363,"column":16}},"363":{"start":{"line":364,"column":0},"end":{"line":364,"column":17}},"364":{"start":{"line":365,"column":0},"end":{"line":365,"column":29}},"365":{"start":{"line":366,"column":0},"end":{"line":366,"column":24}},"366":{"start":{"line":367,"column":0},"end":{"line":367,"column":19}},"367":{"start":{"line":368,"column":0},"end":{"line":368,"column":34}},"368":{"start":{"line":369,"column":0},"end":{"line":369,"column":46}},"369":{"start":{"line":370,"column":0},"end":{"line":370,"column":13}},"370":{"start":{"line":371,"column":0},"end":{"line":371,"column":16}},"371":{"start":{"line":372,"column":0},"end":{"line":372,"column":59}},"372":{"start":{"line":373,"column":0},"end":{"line":373,"column":65}},"373":{"start":{"line":374,"column":0},"end":{"line":374,"column":46}},"374":{"start":{"line":375,"column":0},"end":{"line":375,"column":25}},"375":{"start":{"line":376,"column":0},"end":{"line":376,"column":12}},"376":{"start":{"line":377,"column":0},"end":{"line":377,"column":35}},"377":{"start":{"line":378,"column":0},"end":{"line":378,"column":16}},"378":{"start":{"line":379,"column":0},"end":{"line":379,"column":24}},"379":{"start":{"line":380,"column":0},"end":{"line":380,"column":45}},"380":{"start":{"line":381,"column":0},"end":{"line":381,"column":66}},"381":{"start":{"line":382,"column":0},"end":{"line":382,"column":51}},"382":{"start":{"line":383,"column":0},"end":{"line":383,"column":13}},"383":{"start":{"line":384,"column":0},"end":{"line":384,"column":32}},"384":{"start":{"line":385,"column":0},"end":{"line":385,"column":42}},"385":{"start":{"line":386,"column":0},"end":{"line":386,"column":39}},"386":{"start":{"line":387,"column":0},"end":{"line":387,"column":27}},"387":{"start":{"line":388,"column":0},"end":{"line":388,"column":14}},"388":{"start":{"line":389,"column":0},"end":{"line":389,"column":12}},"389":{"start":{"line":390,"column":0},"end":{"line":390,"column":11}},"390":{"start":{"line":391,"column":0},"end":{"line":391,"column":8}},"391":{"start":{"line":392,"column":0},"end":{"line":392,"column":18}},"392":{"start":{"line":393,"column":0},"end":{"line":393,"column":6}},"394":{"start":{"line":395,"column":0},"end":{"line":395,"column":37}},"395":{"start":{"line":396,"column":0},"end":{"line":396,"column":55}},"396":{"start":{"line":397,"column":0},"end":{"line":397,"column":21}},"397":{"start":{"line":398,"column":0},"end":{"line":398,"column":9}},"398":{"start":{"line":399,"column":0},"end":{"line":399,"column":18}},"399":{"start":{"line":400,"column":0},"end":{"line":400,"column":6}},"401":{"start":{"line":402,"column":0},"end":{"line":402,"column":50}},"402":{"start":{"line":403,"column":0},"end":{"line":403,"column":16}},"403":{"start":{"line":404,"column":0},"end":{"line":404,"column":62}},"404":{"start":{"line":405,"column":0},"end":{"line":405,"column":65}},"405":{"start":{"line":406,"column":0},"end":{"line":406,"column":49}},"406":{"start":{"line":407,"column":0},"end":{"line":407,"column":25}},"407":{"start":{"line":408,"column":0},"end":{"line":408,"column":12}},"408":{"start":{"line":409,"column":0},"end":{"line":409,"column":75}},"409":{"start":{"line":410,"column":0},"end":{"line":410,"column":30}},"410":{"start":{"line":411,"column":0},"end":{"line":411,"column":25}},"411":{"start":{"line":412,"column":0},"end":{"line":412,"column":37}},"412":{"start":{"line":413,"column":0},"end":{"line":413,"column":13}},"413":{"start":{"line":414,"column":0},"end":{"line":414,"column":11}},"414":{"start":{"line":415,"column":0},"end":{"line":415,"column":8}},"415":{"start":{"line":416,"column":0},"end":{"line":416,"column":18}},"416":{"start":{"line":417,"column":0},"end":{"line":417,"column":6}},"418":{"start":{"line":419,"column":0},"end":{"line":419,"column":24}},"419":{"start":{"line":420,"column":0},"end":{"line":420,"column":28}},"420":{"start":{"line":421,"column":0},"end":{"line":421,"column":43}},"421":{"start":{"line":422,"column":0},"end":{"line":422,"column":7}},"422":{"start":{"line":423,"column":0},"end":{"line":423,"column":68}},"423":{"start":{"line":424,"column":0},"end":{"line":424,"column":18}},"424":{"start":{"line":425,"column":0},"end":{"line":425,"column":6}},"426":{"start":{"line":427,"column":0},"end":{"line":427,"column":33}},"427":{"start":{"line":428,"column":0},"end":{"line":428,"column":26}},"428":{"start":{"line":429,"column":0},"end":{"line":429,"column":26}},"429":{"start":{"line":430,"column":0},"end":{"line":430,"column":56}},"430":{"start":{"line":431,"column":0},"end":{"line":431,"column":56}},"431":{"start":{"line":432,"column":0},"end":{"line":432,"column":13}},"432":{"start":{"line":433,"column":0},"end":{"line":433,"column":16}},"433":{"start":{"line":434,"column":0},"end":{"line":434,"column":62}},"434":{"start":{"line":435,"column":0},"end":{"line":435,"column":74}},"435":{"start":{"line":436,"column":0},"end":{"line":436,"column":38}},"436":{"start":{"line":437,"column":0},"end":{"line":437,"column":32}},"437":{"start":{"line":438,"column":0},"end":{"line":438,"column":12}},"438":{"start":{"line":439,"column":0},"end":{"line":439,"column":42}},"439":{"start":{"line":440,"column":0},"end":{"line":440,"column":67}},"440":{"start":{"line":441,"column":0},"end":{"line":441,"column":40}},"441":{"start":{"line":442,"column":0},"end":{"line":442,"column":47}},"442":{"start":{"line":443,"column":0},"end":{"line":443,"column":44}},"443":{"start":{"line":444,"column":0},"end":{"line":444,"column":38}},"444":{"start":{"line":445,"column":0},"end":{"line":445,"column":18}},"445":{"start":{"line":446,"column":0},"end":{"line":446,"column":38}},"446":{"start":{"line":447,"column":0},"end":{"line":447,"column":25}},"447":{"start":{"line":448,"column":0},"end":{"line":448,"column":16}},"448":{"start":{"line":449,"column":0},"end":{"line":449,"column":24}},"449":{"start":{"line":450,"column":0},"end":{"line":450,"column":37}},"450":{"start":{"line":451,"column":0},"end":{"line":451,"column":37}},"451":{"start":{"line":452,"column":0},"end":{"line":452,"column":37}},"452":{"start":{"line":453,"column":0},"end":{"line":453,"column":12}},"453":{"start":{"line":454,"column":0},"end":{"line":454,"column":11}},"454":{"start":{"line":455,"column":0},"end":{"line":455,"column":8}},"455":{"start":{"line":456,"column":0},"end":{"line":456,"column":18}},"456":{"start":{"line":457,"column":0},"end":{"line":457,"column":6}},"458":{"start":{"line":459,"column":0},"end":{"line":459,"column":38}},"459":{"start":{"line":460,"column":0},"end":{"line":460,"column":19}},"460":{"start":{"line":461,"column":0},"end":{"line":461,"column":42}},"461":{"start":{"line":462,"column":0},"end":{"line":462,"column":13}},"462":{"start":{"line":463,"column":0},"end":{"line":463,"column":16}},"463":{"start":{"line":464,"column":0},"end":{"line":464,"column":67}},"464":{"start":{"line":465,"column":0},"end":{"line":465,"column":43}},"465":{"start":{"line":466,"column":0},"end":{"line":466,"column":16}},"466":{"start":{"line":467,"column":0},"end":{"line":467,"column":24}},"467":{"start":{"line":468,"column":0},"end":{"line":468,"column":25}},"468":{"start":{"line":469,"column":0},"end":{"line":469,"column":27}},"469":{"start":{"line":470,"column":0},"end":{"line":470,"column":37}},"470":{"start":{"line":471,"column":0},"end":{"line":471,"column":77}},"471":{"start":{"line":472,"column":0},"end":{"line":472,"column":12}},"472":{"start":{"line":473,"column":0},"end":{"line":473,"column":11}},"473":{"start":{"line":474,"column":0},"end":{"line":474,"column":8}},"474":{"start":{"line":475,"column":0},"end":{"line":475,"column":18}},"475":{"start":{"line":476,"column":0},"end":{"line":476,"column":6}},"477":{"start":{"line":478,"column":0},"end":{"line":478,"column":35}},"478":{"start":{"line":479,"column":0},"end":{"line":479,"column":76}},"479":{"start":{"line":480,"column":0},"end":{"line":480,"column":7}},"480":{"start":{"line":481,"column":0},"end":{"line":481,"column":37}},"481":{"start":{"line":482,"column":0},"end":{"line":482,"column":12}},"482":{"start":{"line":483,"column":0},"end":{"line":483,"column":20}},"483":{"start":{"line":484,"column":0},"end":{"line":484,"column":21}},"484":{"start":{"line":485,"column":0},"end":{"line":485,"column":33}},"485":{"start":{"line":486,"column":0},"end":{"line":486,"column":8}},"486":{"start":{"line":487,"column":0},"end":{"line":487,"column":18}},"487":{"start":{"line":488,"column":0},"end":{"line":488,"column":6}},"489":{"start":{"line":490,"column":0},"end":{"line":490,"column":22}},"490":{"start":{"line":491,"column":0},"end":{"line":491,"column":28}},"491":{"start":{"line":492,"column":0},"end":{"line":492,"column":33}},"492":{"start":{"line":493,"column":0},"end":{"line":493,"column":54}},"493":{"start":{"line":494,"column":0},"end":{"line":494,"column":34}},"494":{"start":{"line":495,"column":0},"end":{"line":495,"column":29}},"495":{"start":{"line":496,"column":0},"end":{"line":496,"column":13}},"496":{"start":{"line":497,"column":0},"end":{"line":497,"column":94}},"497":{"start":{"line":498,"column":0},"end":{"line":498,"column":11}},"498":{"start":{"line":499,"column":0},"end":{"line":499,"column":94}},"499":{"start":{"line":500,"column":0},"end":{"line":500,"column":11}},"500":{"start":{"line":501,"column":0},"end":{"line":501,"column":98}},"501":{"start":{"line":502,"column":0},"end":{"line":502,"column":11}},"503":{"start":{"line":504,"column":0},"end":{"line":504,"column":39}},"504":{"start":{"line":505,"column":0},"end":{"line":505,"column":51}},"506":{"start":{"line":507,"column":0},"end":{"line":507,"column":39}},"507":{"start":{"line":508,"column":0},"end":{"line":508,"column":61}},"508":{"start":{"line":509,"column":0},"end":{"line":509,"column":57}},"509":{"start":{"line":510,"column":0},"end":{"line":510,"column":57}},"511":{"start":{"line":512,"column":0},"end":{"line":512,"column":55}},"512":{"start":{"line":513,"column":0},"end":{"line":513,"column":64}},"513":{"start":{"line":514,"column":0},"end":{"line":514,"column":62}},"514":{"start":{"line":515,"column":0},"end":{"line":515,"column":15}},"515":{"start":{"line":516,"column":0},"end":{"line":516,"column":96}},"516":{"start":{"line":517,"column":0},"end":{"line":517,"column":45}},"517":{"start":{"line":518,"column":0},"end":{"line":518,"column":60}},"518":{"start":{"line":519,"column":0},"end":{"line":519,"column":13}},"519":{"start":{"line":520,"column":0},"end":{"line":520,"column":58}},"520":{"start":{"line":521,"column":0},"end":{"line":521,"column":15}},"521":{"start":{"line":522,"column":0},"end":{"line":522,"column":92}},"522":{"start":{"line":523,"column":0},"end":{"line":523,"column":45}},"523":{"start":{"line":524,"column":0},"end":{"line":524,"column":56}},"524":{"start":{"line":525,"column":0},"end":{"line":525,"column":13}},"525":{"start":{"line":526,"column":0},"end":{"line":526,"column":65}},"526":{"start":{"line":527,"column":0},"end":{"line":527,"column":15}},"527":{"start":{"line":528,"column":0},"end":{"line":528,"column":92}},"528":{"start":{"line":529,"column":0},"end":{"line":529,"column":45}},"529":{"start":{"line":530,"column":0},"end":{"line":530,"column":63}},"530":{"start":{"line":531,"column":0},"end":{"line":531,"column":13}},"531":{"start":{"line":532,"column":0},"end":{"line":532,"column":12}},"532":{"start":{"line":533,"column":0},"end":{"line":533,"column":10}},"533":{"start":{"line":534,"column":0},"end":{"line":534,"column":7}},"535":{"start":{"line":536,"column":0},"end":{"line":536,"column":31}},"536":{"start":{"line":537,"column":0},"end":{"line":537,"column":41}},"537":{"start":{"line":538,"column":0},"end":{"line":538,"column":48}},"538":{"start":{"line":539,"column":0},"end":{"line":539,"column":36}},"539":{"start":{"line":540,"column":0},"end":{"line":540,"column":9}},"541":{"start":{"line":542,"column":0},"end":{"line":542,"column":43}},"542":{"start":{"line":543,"column":0},"end":{"line":543,"column":66}},"544":{"start":{"line":545,"column":0},"end":{"line":545,"column":40}},"545":{"start":{"line":546,"column":0},"end":{"line":546,"column":73}},"546":{"start":{"line":547,"column":0},"end":{"line":547,"column":73}},"547":{"start":{"line":548,"column":0},"end":{"line":548,"column":34}},"548":{"start":{"line":549,"column":0},"end":{"line":549,"column":61}},"549":{"start":{"line":550,"column":0},"end":{"line":550,"column":34}},"550":{"start":{"line":551,"column":0},"end":{"line":551,"column":68}},"551":{"start":{"line":552,"column":0},"end":{"line":552,"column":9}},"553":{"start":{"line":554,"column":0},"end":{"line":554,"column":45}},"554":{"start":{"line":555,"column":0},"end":{"line":555,"column":70}},"555":{"start":{"line":556,"column":0},"end":{"line":556,"column":27}},"556":{"start":{"line":557,"column":0},"end":{"line":557,"column":65}},"557":{"start":{"line":558,"column":0},"end":{"line":558,"column":9}},"559":{"start":{"line":560,"column":0},"end":{"line":560,"column":25}},"560":{"start":{"line":561,"column":0},"end":{"line":561,"column":65}},"561":{"start":{"line":562,"column":0},"end":{"line":562,"column":66}},"562":{"start":{"line":563,"column":0},"end":{"line":563,"column":7}},"564":{"start":{"line":565,"column":0},"end":{"line":565,"column":18}},"565":{"start":{"line":566,"column":0},"end":{"line":566,"column":6}},"567":{"start":{"line":568,"column":0},"end":{"line":568,"column":41}},"568":{"start":{"line":569,"column":0},"end":{"line":569,"column":14}},"569":{"start":{"line":570,"column":0},"end":{"line":570,"column":53}},"570":{"start":{"line":571,"column":0},"end":{"line":571,"column":7}},"571":{"start":{"line":572,"column":0},"end":{"line":572,"column":16}},"572":{"start":{"line":573,"column":0},"end":{"line":573,"column":71}},"573":{"start":{"line":574,"column":0},"end":{"line":574,"column":59}},"574":{"start":{"line":575,"column":0},"end":{"line":575,"column":28}},"575":{"start":{"line":576,"column":0},"end":{"line":576,"column":49}},"576":{"start":{"line":577,"column":0},"end":{"line":577,"column":18}},"577":{"start":{"line":578,"column":0},"end":{"line":578,"column":26}},"578":{"start":{"line":579,"column":0},"end":{"line":579,"column":28}},"579":{"start":{"line":580,"column":0},"end":{"line":580,"column":26}},"580":{"start":{"line":581,"column":0},"end":{"line":581,"column":21}},"581":{"start":{"line":582,"column":0},"end":{"line":582,"column":34}},"582":{"start":{"line":583,"column":0},"end":{"line":583,"column":14}},"583":{"start":{"line":584,"column":0},"end":{"line":584,"column":11}},"584":{"start":{"line":585,"column":0},"end":{"line":585,"column":29}},"585":{"start":{"line":586,"column":0},"end":{"line":586,"column":49}},"586":{"start":{"line":587,"column":0},"end":{"line":587,"column":18}},"587":{"start":{"line":588,"column":0},"end":{"line":588,"column":26}},"588":{"start":{"line":589,"column":0},"end":{"line":589,"column":29}},"589":{"start":{"line":590,"column":0},"end":{"line":590,"column":27}},"590":{"start":{"line":591,"column":0},"end":{"line":591,"column":21}},"591":{"start":{"line":592,"column":0},"end":{"line":592,"column":34}},"592":{"start":{"line":593,"column":0},"end":{"line":593,"column":14}},"593":{"start":{"line":594,"column":0},"end":{"line":594,"column":11}},"594":{"start":{"line":595,"column":0},"end":{"line":595,"column":32}},"595":{"start":{"line":596,"column":0},"end":{"line":596,"column":49}},"596":{"start":{"line":597,"column":0},"end":{"line":597,"column":18}},"597":{"start":{"line":598,"column":0},"end":{"line":598,"column":26}},"598":{"start":{"line":599,"column":0},"end":{"line":599,"column":32}},"599":{"start":{"line":600,"column":0},"end":{"line":600,"column":30}},"600":{"start":{"line":601,"column":0},"end":{"line":601,"column":21}},"601":{"start":{"line":602,"column":0},"end":{"line":602,"column":34}},"602":{"start":{"line":603,"column":0},"end":{"line":603,"column":14}},"603":{"start":{"line":604,"column":0},"end":{"line":604,"column":11}},"604":{"start":{"line":605,"column":0},"end":{"line":605,"column":11}},"605":{"start":{"line":606,"column":0},"end":{"line":606,"column":8}},"606":{"start":{"line":607,"column":0},"end":{"line":607,"column":18}},"607":{"start":{"line":608,"column":0},"end":{"line":608,"column":6}},"609":{"start":{"line":610,"column":0},"end":{"line":610,"column":56}},"610":{"start":{"line":611,"column":0},"end":{"line":611,"column":14}},"611":{"start":{"line":612,"column":0},"end":{"line":612,"column":53}},"612":{"start":{"line":613,"column":0},"end":{"line":613,"column":7}},"613":{"start":{"line":614,"column":0},"end":{"line":614,"column":16}},"614":{"start":{"line":615,"column":0},"end":{"line":615,"column":71}},"615":{"start":{"line":616,"column":0},"end":{"line":616,"column":59}},"616":{"start":{"line":617,"column":0},"end":{"line":617,"column":28}},"617":{"start":{"line":618,"column":0},"end":{"line":618,"column":49}},"618":{"start":{"line":619,"column":0},"end":{"line":619,"column":18}},"619":{"start":{"line":620,"column":0},"end":{"line":620,"column":26}},"620":{"start":{"line":621,"column":0},"end":{"line":621,"column":28}},"621":{"start":{"line":622,"column":0},"end":{"line":622,"column":26}},"622":{"start":{"line":623,"column":0},"end":{"line":623,"column":21}},"623":{"start":{"line":624,"column":0},"end":{"line":624,"column":37}},"624":{"start":{"line":625,"column":0},"end":{"line":625,"column":14}},"625":{"start":{"line":626,"column":0},"end":{"line":626,"column":11}},"626":{"start":{"line":627,"column":0},"end":{"line":627,"column":29}},"627":{"start":{"line":628,"column":0},"end":{"line":628,"column":49}},"628":{"start":{"line":629,"column":0},"end":{"line":629,"column":18}},"629":{"start":{"line":630,"column":0},"end":{"line":630,"column":26}},"630":{"start":{"line":631,"column":0},"end":{"line":631,"column":29}},"631":{"start":{"line":632,"column":0},"end":{"line":632,"column":27}},"632":{"start":{"line":633,"column":0},"end":{"line":633,"column":21}},"633":{"start":{"line":634,"column":0},"end":{"line":634,"column":37}},"634":{"start":{"line":635,"column":0},"end":{"line":635,"column":14}},"635":{"start":{"line":636,"column":0},"end":{"line":636,"column":11}},"636":{"start":{"line":637,"column":0},"end":{"line":637,"column":32}},"637":{"start":{"line":638,"column":0},"end":{"line":638,"column":49}},"638":{"start":{"line":639,"column":0},"end":{"line":639,"column":18}},"639":{"start":{"line":640,"column":0},"end":{"line":640,"column":26}},"640":{"start":{"line":641,"column":0},"end":{"line":641,"column":32}},"641":{"start":{"line":642,"column":0},"end":{"line":642,"column":30}},"642":{"start":{"line":643,"column":0},"end":{"line":643,"column":21}},"643":{"start":{"line":644,"column":0},"end":{"line":644,"column":37}},"644":{"start":{"line":645,"column":0},"end":{"line":645,"column":14}},"645":{"start":{"line":646,"column":0},"end":{"line":646,"column":11}},"646":{"start":{"line":647,"column":0},"end":{"line":647,"column":11}},"647":{"start":{"line":648,"column":0},"end":{"line":648,"column":8}},"648":{"start":{"line":649,"column":0},"end":{"line":649,"column":18}},"649":{"start":{"line":650,"column":0},"end":{"line":650,"column":6}},"651":{"start":{"line":652,"column":0},"end":{"line":652,"column":42}},"652":{"start":{"line":653,"column":0},"end":{"line":653,"column":43}},"653":{"start":{"line":654,"column":0},"end":{"line":654,"column":51}},"654":{"start":{"line":655,"column":0},"end":{"line":655,"column":33}},"655":{"start":{"line":656,"column":0},"end":{"line":656,"column":16}},"656":{"start":{"line":657,"column":0},"end":{"line":657,"column":24}},"657":{"start":{"line":658,"column":0},"end":{"line":658,"column":46}},"658":{"start":{"line":659,"column":0},"end":{"line":659,"column":31}},"659":{"start":{"line":660,"column":0},"end":{"line":660,"column":12}},"660":{"start":{"line":661,"column":0},"end":{"line":661,"column":10}},"661":{"start":{"line":662,"column":0},"end":{"line":662,"column":8}},"662":{"start":{"line":663,"column":0},"end":{"line":663,"column":18}},"663":{"start":{"line":664,"column":0},"end":{"line":664,"column":6}},"665":{"start":{"line":666,"column":0},"end":{"line":666,"column":41}},"666":{"start":{"line":667,"column":0},"end":{"line":667,"column":14}},"667":{"start":{"line":668,"column":0},"end":{"line":668,"column":53}},"668":{"start":{"line":669,"column":0},"end":{"line":669,"column":7}},"669":{"start":{"line":670,"column":0},"end":{"line":670,"column":16}},"670":{"start":{"line":671,"column":0},"end":{"line":671,"column":71}},"671":{"start":{"line":672,"column":0},"end":{"line":672,"column":59}},"672":{"start":{"line":673,"column":0},"end":{"line":673,"column":28}},"673":{"start":{"line":674,"column":0},"end":{"line":674,"column":49}},"674":{"start":{"line":675,"column":0},"end":{"line":675,"column":18}},"675":{"start":{"line":676,"column":0},"end":{"line":676,"column":26}},"676":{"start":{"line":677,"column":0},"end":{"line":677,"column":28}},"677":{"start":{"line":678,"column":0},"end":{"line":678,"column":26}},"678":{"start":{"line":679,"column":0},"end":{"line":679,"column":21}},"679":{"start":{"line":680,"column":0},"end":{"line":680,"column":29}},"680":{"start":{"line":681,"column":0},"end":{"line":681,"column":56}},"681":{"start":{"line":682,"column":0},"end":{"line":682,"column":14}},"682":{"start":{"line":683,"column":0},"end":{"line":683,"column":11}},"683":{"start":{"line":684,"column":0},"end":{"line":684,"column":29}},"684":{"start":{"line":685,"column":0},"end":{"line":685,"column":49}},"685":{"start":{"line":686,"column":0},"end":{"line":686,"column":18}},"686":{"start":{"line":687,"column":0},"end":{"line":687,"column":26}},"687":{"start":{"line":688,"column":0},"end":{"line":688,"column":29}},"688":{"start":{"line":689,"column":0},"end":{"line":689,"column":27}},"689":{"start":{"line":690,"column":0},"end":{"line":690,"column":21}},"690":{"start":{"line":691,"column":0},"end":{"line":691,"column":29}},"691":{"start":{"line":692,"column":0},"end":{"line":692,"column":56}},"692":{"start":{"line":693,"column":0},"end":{"line":693,"column":14}},"693":{"start":{"line":694,"column":0},"end":{"line":694,"column":11}},"694":{"start":{"line":695,"column":0},"end":{"line":695,"column":32}},"695":{"start":{"line":696,"column":0},"end":{"line":696,"column":49}},"696":{"start":{"line":697,"column":0},"end":{"line":697,"column":18}},"697":{"start":{"line":698,"column":0},"end":{"line":698,"column":26}},"698":{"start":{"line":699,"column":0},"end":{"line":699,"column":32}},"699":{"start":{"line":700,"column":0},"end":{"line":700,"column":30}},"700":{"start":{"line":701,"column":0},"end":{"line":701,"column":21}},"701":{"start":{"line":702,"column":0},"end":{"line":702,"column":29}},"702":{"start":{"line":703,"column":0},"end":{"line":703,"column":56}},"703":{"start":{"line":704,"column":0},"end":{"line":704,"column":14}},"704":{"start":{"line":705,"column":0},"end":{"line":705,"column":11}},"705":{"start":{"line":706,"column":0},"end":{"line":706,"column":11}},"706":{"start":{"line":707,"column":0},"end":{"line":707,"column":8}},"707":{"start":{"line":708,"column":0},"end":{"line":708,"column":18}},"708":{"start":{"line":709,"column":0},"end":{"line":709,"column":6}},"710":{"start":{"line":711,"column":0},"end":{"line":711,"column":56}},"711":{"start":{"line":712,"column":0},"end":{"line":712,"column":14}},"712":{"start":{"line":713,"column":0},"end":{"line":713,"column":53}},"713":{"start":{"line":714,"column":0},"end":{"line":714,"column":7}},"714":{"start":{"line":715,"column":0},"end":{"line":715,"column":16}},"715":{"start":{"line":716,"column":0},"end":{"line":716,"column":16}},"716":{"start":{"line":717,"column":0},"end":{"line":717,"column":72}},"717":{"start":{"line":718,"column":0},"end":{"line":718,"column":17}},"718":{"start":{"line":719,"column":0},"end":{"line":719,"column":61}},"719":{"start":{"line":720,"column":0},"end":{"line":720,"column":30}},"720":{"start":{"line":721,"column":0},"end":{"line":721,"column":51}},"721":{"start":{"line":722,"column":0},"end":{"line":722,"column":20}},"722":{"start":{"line":723,"column":0},"end":{"line":723,"column":28}},"723":{"start":{"line":724,"column":0},"end":{"line":724,"column":30}},"724":{"start":{"line":725,"column":0},"end":{"line":725,"column":28}},"725":{"start":{"line":726,"column":0},"end":{"line":726,"column":23}},"726":{"start":{"line":727,"column":0},"end":{"line":727,"column":34}},"727":{"start":{"line":728,"column":0},"end":{"line":728,"column":58}},"728":{"start":{"line":729,"column":0},"end":{"line":729,"column":16}},"729":{"start":{"line":730,"column":0},"end":{"line":730,"column":13}},"730":{"start":{"line":731,"column":0},"end":{"line":731,"column":31}},"731":{"start":{"line":732,"column":0},"end":{"line":732,"column":51}},"732":{"start":{"line":733,"column":0},"end":{"line":733,"column":20}},"733":{"start":{"line":734,"column":0},"end":{"line":734,"column":28}},"734":{"start":{"line":735,"column":0},"end":{"line":735,"column":31}},"735":{"start":{"line":736,"column":0},"end":{"line":736,"column":29}},"736":{"start":{"line":737,"column":0},"end":{"line":737,"column":23}},"737":{"start":{"line":738,"column":0},"end":{"line":738,"column":34}},"738":{"start":{"line":739,"column":0},"end":{"line":739,"column":58}},"739":{"start":{"line":740,"column":0},"end":{"line":740,"column":16}},"740":{"start":{"line":741,"column":0},"end":{"line":741,"column":13}},"741":{"start":{"line":742,"column":0},"end":{"line":742,"column":34}},"742":{"start":{"line":743,"column":0},"end":{"line":743,"column":51}},"743":{"start":{"line":744,"column":0},"end":{"line":744,"column":20}},"744":{"start":{"line":745,"column":0},"end":{"line":745,"column":28}},"745":{"start":{"line":746,"column":0},"end":{"line":746,"column":34}},"746":{"start":{"line":747,"column":0},"end":{"line":747,"column":32}},"747":{"start":{"line":748,"column":0},"end":{"line":748,"column":23}},"748":{"start":{"line":749,"column":0},"end":{"line":749,"column":34}},"749":{"start":{"line":750,"column":0},"end":{"line":750,"column":58}},"750":{"start":{"line":751,"column":0},"end":{"line":751,"column":16}},"751":{"start":{"line":752,"column":0},"end":{"line":752,"column":13}},"752":{"start":{"line":753,"column":0},"end":{"line":753,"column":12}},"753":{"start":{"line":754,"column":0},"end":{"line":754,"column":10}},"754":{"start":{"line":755,"column":0},"end":{"line":755,"column":8}},"755":{"start":{"line":756,"column":0},"end":{"line":756,"column":18}},"756":{"start":{"line":757,"column":0},"end":{"line":757,"column":6}},"758":{"start":{"line":759,"column":0},"end":{"line":759,"column":76}},"759":{"start":{"line":760,"column":0},"end":{"line":760,"column":24}},"760":{"start":{"line":761,"column":0},"end":{"line":761,"column":77}},"761":{"start":{"line":762,"column":0},"end":{"line":762,"column":7}},"762":{"start":{"line":763,"column":0},"end":{"line":763,"column":25}},"763":{"start":{"line":764,"column":0},"end":{"line":764,"column":79}},"764":{"start":{"line":765,"column":0},"end":{"line":765,"column":7}},"765":{"start":{"line":766,"column":0},"end":{"line":766,"column":28}},"766":{"start":{"line":767,"column":0},"end":{"line":767,"column":31}},"767":{"start":{"line":768,"column":0},"end":{"line":768,"column":14}},"768":{"start":{"line":769,"column":0},"end":{"line":769,"column":22}},"769":{"start":{"line":770,"column":0},"end":{"line":770,"column":28}},"770":{"start":{"line":771,"column":0},"end":{"line":771,"column":26}},"771":{"start":{"line":772,"column":0},"end":{"line":772,"column":10}},"772":{"start":{"line":773,"column":0},"end":{"line":773,"column":7}},"773":{"start":{"line":774,"column":0},"end":{"line":774,"column":18}},"774":{"start":{"line":775,"column":0},"end":{"line":775,"column":6}},"776":{"start":{"line":777,"column":0},"end":{"line":777,"column":46}},"777":{"start":{"line":778,"column":0},"end":{"line":778,"column":15}},"778":{"start":{"line":779,"column":0},"end":{"line":779,"column":15}},"779":{"start":{"line":780,"column":0},"end":{"line":780,"column":40}},"780":{"start":{"line":781,"column":0},"end":{"line":781,"column":7}},"781":{"start":{"line":782,"column":0},"end":{"line":782,"column":16}},"782":{"start":{"line":783,"column":0},"end":{"line":783,"column":16}},"783":{"start":{"line":784,"column":0},"end":{"line":784,"column":62}},"784":{"start":{"line":785,"column":0},"end":{"line":785,"column":23}},"785":{"start":{"line":786,"column":0},"end":{"line":786,"column":58}},"786":{"start":{"line":787,"column":0},"end":{"line":787,"column":49}},"787":{"start":{"line":788,"column":0},"end":{"line":788,"column":49}},"788":{"start":{"line":789,"column":0},"end":{"line":789,"column":15}},"790":{"start":{"line":791,"column":0},"end":{"line":791,"column":31}},"791":{"start":{"line":792,"column":0},"end":{"line":792,"column":51}},"792":{"start":{"line":793,"column":0},"end":{"line":793,"column":24}},"793":{"start":{"line":794,"column":0},"end":{"line":794,"column":28}},"794":{"start":{"line":795,"column":0},"end":{"line":795,"column":31}},"795":{"start":{"line":796,"column":0},"end":{"line":796,"column":29}},"796":{"start":{"line":797,"column":0},"end":{"line":797,"column":24}},"797":{"start":{"line":798,"column":0},"end":{"line":798,"column":31}},"798":{"start":{"line":799,"column":0},"end":{"line":799,"column":58}},"799":{"start":{"line":800,"column":0},"end":{"line":800,"column":16}},"800":{"start":{"line":801,"column":0},"end":{"line":801,"column":13}},"801":{"start":{"line":802,"column":0},"end":{"line":802,"column":34}},"802":{"start":{"line":803,"column":0},"end":{"line":803,"column":51}},"803":{"start":{"line":804,"column":0},"end":{"line":804,"column":24}},"804":{"start":{"line":805,"column":0},"end":{"line":805,"column":28}},"805":{"start":{"line":806,"column":0},"end":{"line":806,"column":34}},"806":{"start":{"line":807,"column":0},"end":{"line":807,"column":32}},"807":{"start":{"line":808,"column":0},"end":{"line":808,"column":24}},"808":{"start":{"line":809,"column":0},"end":{"line":809,"column":31}},"809":{"start":{"line":810,"column":0},"end":{"line":810,"column":58}},"810":{"start":{"line":811,"column":0},"end":{"line":811,"column":16}},"811":{"start":{"line":812,"column":0},"end":{"line":812,"column":13}},"812":{"start":{"line":813,"column":0},"end":{"line":813,"column":12}},"813":{"start":{"line":814,"column":0},"end":{"line":814,"column":10}},"814":{"start":{"line":815,"column":0},"end":{"line":815,"column":8}},"815":{"start":{"line":816,"column":0},"end":{"line":816,"column":18}},"816":{"start":{"line":817,"column":0},"end":{"line":817,"column":6}},"818":{"start":{"line":819,"column":0},"end":{"line":819,"column":69}},"819":{"start":{"line":820,"column":0},"end":{"line":820,"column":16}},"820":{"start":{"line":821,"column":0},"end":{"line":821,"column":69}},"821":{"start":{"line":822,"column":0},"end":{"line":822,"column":59}},"822":{"start":{"line":823,"column":0},"end":{"line":823,"column":45}},"823":{"start":{"line":824,"column":0},"end":{"line":824,"column":24}},"824":{"start":{"line":825,"column":0},"end":{"line":825,"column":19}},"825":{"start":{"line":826,"column":0},"end":{"line":826,"column":31}},"826":{"start":{"line":827,"column":0},"end":{"line":827,"column":12}},"827":{"start":{"line":828,"column":0},"end":{"line":828,"column":11}},"828":{"start":{"line":829,"column":0},"end":{"line":829,"column":8}},"829":{"start":{"line":830,"column":0},"end":{"line":830,"column":18}},"830":{"start":{"line":831,"column":0},"end":{"line":831,"column":6}},"832":{"start":{"line":833,"column":0},"end":{"line":833,"column":57}},"833":{"start":{"line":834,"column":0},"end":{"line":834,"column":16}},"834":{"start":{"line":835,"column":0},"end":{"line":835,"column":69}},"835":{"start":{"line":836,"column":0},"end":{"line":836,"column":33}},"836":{"start":{"line":837,"column":0},"end":{"line":837,"column":24}},"837":{"start":{"line":838,"column":0},"end":{"line":838,"column":16}},"838":{"start":{"line":839,"column":0},"end":{"line":839,"column":27}},"839":{"start":{"line":840,"column":0},"end":{"line":840,"column":30}},"840":{"start":{"line":841,"column":0},"end":{"line":841,"column":29}},"841":{"start":{"line":842,"column":0},"end":{"line":842,"column":12}},"842":{"start":{"line":843,"column":0},"end":{"line":843,"column":11}},"843":{"start":{"line":844,"column":0},"end":{"line":844,"column":8}},"844":{"start":{"line":845,"column":0},"end":{"line":845,"column":18}},"845":{"start":{"line":846,"column":0},"end":{"line":846,"column":6}},"847":{"start":{"line":848,"column":0},"end":{"line":848,"column":58}},"848":{"start":{"line":849,"column":0},"end":{"line":849,"column":16}},"849":{"start":{"line":850,"column":0},"end":{"line":850,"column":69}},"850":{"start":{"line":851,"column":0},"end":{"line":851,"column":33}},"851":{"start":{"line":852,"column":0},"end":{"line":852,"column":24}},"852":{"start":{"line":853,"column":0},"end":{"line":853,"column":16}},"853":{"start":{"line":854,"column":0},"end":{"line":854,"column":31}},"854":{"start":{"line":855,"column":0},"end":{"line":855,"column":27}},"855":{"start":{"line":856,"column":0},"end":{"line":856,"column":29}},"856":{"start":{"line":857,"column":0},"end":{"line":857,"column":12}},"857":{"start":{"line":858,"column":0},"end":{"line":858,"column":11}},"858":{"start":{"line":859,"column":0},"end":{"line":859,"column":8}},"859":{"start":{"line":860,"column":0},"end":{"line":860,"column":18}},"860":{"start":{"line":861,"column":0},"end":{"line":861,"column":6}},"861":{"start":{"line":862,"column":0},"end":{"line":862,"column":4}},"862":{"start":{"line":863,"column":0},"end":{"line":863,"column":1}}},"s":{"0":1,"1":1,"2":1,"3":1,"4":1,"5":1,"6":1,"7":1,"8":1,"10":1,"11":1,"12":1,"13":1,"14":1,"16":1,"17":1,"18":1,"25":1,"31":1,"283":1,"284":0,"285":0,"286":0,"287":0,"288":0,"289":0,"290":0,"291":0,"292":0,"293":0,"294":0,"295":0,"296":0,"298":0,"300":0,"301":0,"302":0,"304":0,"305":0,"306":0,"307":0,"308":0,"310":0,"311":0,"312":0,"314":0,"316":0,"317":0,"318":0,"319":0,"320":0,"321":0,"322":0,"324":0,"325":0,"327":0,"329":0,"330":0,"331":0,"332":0,"334":0,"335":0,"336":0,"337":0,"338":0,"339":0,"340":0,"341":0,"343":0,"345":0,"346":0,"347":0,"348":0,"349":0,"351":0,"352":0,"353":0,"354":0,"355":0,"356":0,"357":0,"358":0,"360":0,"361":0,"362":0,"363":0,"364":0,"365":0,"366":0,"367":0,"368":0,"369":0,"370":0,"371":0,"372":0,"373":0,"374":0,"375":0,"376":0,"377":0,"378":0,"379":0,"380":0,"381":0,"382":0,"383":0,"384":0,"385":0,"386":0,"387":0,"388":0,"389":0,"390":0,"391":0,"392":0,"394":0,"395":0,"396":0,"397":0,"398":0,"399":0,"401":0,"402":0,"403":0,"404":0,"405":0,"406":0,"407":0,"408":0,"409":0,"410":0,"411":0,"412":0,"413":0,"414":0,"415":0,"416":0,"418":0,"419":0,"420":0,"421":0,"422":0,"423":0,"424":0,"426":0,"427":0,"428":0,"429":0,"430":0,"431":0,"432":0,"433":0,"434":0,"435":0,"436":0,"437":0,"438":0,"439":0,"440":0,"441":0,"442":0,"443":0,"444":0,"445":0,"446":0,"447":0,"448":0,"449":0,"450":0,"451":0,"452":0,"453":0,"454":0,"455":0,"456":0,"458":0,"459":0,"460":0,"461":0,"462":0,"463":0,"464":0,"465":0,"466":0,"467":0,"468":0,"469":0,"470":0,"471":0,"472":0,"473":0,"474":0,"475":0,"477":0,"478":0,"479":0,"480":0,"481":0,"482":0,"483":0,"484":0,"485":0,"486":0,"487":0,"489":0,"490":0,"491":0,"492":0,"493":0,"494":0,"495":0,"496":0,"497":0,"498":0,"499":0,"500":0,"501":0,"503":0,"504":0,"506":0,"507":0,"508":0,"509":0,"511":0,"512":0,"513":0,"514":0,"515":0,"516":0,"517":0,"518":0,"519":0,"520":0,"521":0,"522":0,"523":0,"524":0,"525":0,"526":0,"527":0,"528":0,"529":0,"530":0,"531":0,"532":0,"533":0,"535":0,"536":0,"537":0,"538":0,"539":0,"541":0,"542":0,"544":0,"545":0,"546":0,"547":0,"548":0,"549":0,"550":0,"551":0,"553":0,"554":0,"555":0,"556":0,"557":0,"559":0,"560":0,"561":0,"562":0,"564":0,"565":0,"567":0,"568":0,"569":0,"570":0,"571":0,"572":0,"573":0,"574":0,"575":0,"576":0,"577":0,"578":0,"579":0,"580":0,"581":0,"582":0,"583":0,"584":0,"585":0,"586":0,"587":0,"588":0,"589":0,"590":0,"591":0,"592":0,"593":0,"594":0,"595":0,"596":0,"597":0,"598":0,"599":0,"600":0,"601":0,"602":0,"603":0,"604":0,"605":0,"606":0,"607":0,"609":0,"610":0,"611":0,"612":0,"613":0,"614":0,"615":0,"616":0,"617":0,"618":0,"619":0,"620":0,"621":0,"622":0,"623":0,"624":0,"625":0,"626":0,"627":0,"628":0,"629":0,"630":0,"631":0,"632":0,"633":0,"634":0,"635":0,"636":0,"637":0,"638":0,"639":0,"640":0,"641":0,"642":0,"643":0,"644":0,"645":0,"646":0,"647":0,"648":0,"649":0,"651":0,"652":0,"653":0,"654":0,"655":0,"656":0,"657":0,"658":0,"659":0,"660":0,"661":0,"662":0,"663":0,"665":0,"666":0,"667":0,"668":0,"669":0,"670":0,"671":0,"672":0,"673":0,"674":0,"675":0,"676":0,"677":0,"678":0,"679":0,"680":0,"681":0,"682":0,"683":0,"684":0,"685":0,"686":0,"687":0,"688":0,"689":0,"690":0,"691":0,"692":0,"693":0,"694":0,"695":0,"696":0,"697":0,"698":0,"699":0,"700":0,"701":0,"702":0,"703":0,"704":0,"705":0,"706":0,"707":0,"708":0,"710":0,"711":0,"712":0,"713":0,"714":0,"715":0,"716":0,"717":0,"718":0,"719":0,"720":0,"721":0,"722":0,"723":0,"724":0,"725":0,"726":0,"727":0,"728":0,"729":0,"730":0,"731":0,"732":0,"733":0,"734":0,"735":0,"736":0,"737":0,"738":0,"739":0,"740":0,"741":0,"742":0,"743":0,"744":0,"745":0,"746":0,"747":0,"748":0,"749":0,"750":0,"751":0,"752":0,"753":0,"754":0,"755":0,"756":0,"758":0,"759":0,"760":0,"761":0,"762":0,"763":0,"764":0,"765":0,"766":0,"767":0,"768":0,"769":0,"770":0,"771":0,"772":0,"773":0,"774":0,"776":0,"777":0,"778":0,"779":0,"780":0,"781":0,"782":0,"783":0,"784":0,"785":0,"786":0,"787":0,"788":0,"790":0,"791":0,"792":0,"793":0,"794":0,"795":0,"796":0,"797":0,"798":0,"799":0,"800":0,"801":0,"802":0,"803":0,"804":0,"805":0,"806":0,"807":0,"808":0,"809":0,"810":0,"811":0,"812":0,"813":0,"814":0,"815":0,"816":0,"818":0,"819":0,"820":0,"821":0,"822":0,"823":0,"824":0,"825":0,"826":0,"827":0,"828":0,"829":0,"830":0,"832":0,"833":0,"834":0,"835":0,"836":0,"837":0,"838":0,"839":0,"840":0,"841":0,"842":0,"843":0,"844":0,"845":0,"847":0,"848":0,"849":0,"850":0,"851":0,"852":0,"853":0,"854":0,"855":0,"856":0,"857":0,"858":0,"859":0,"860":0,"861":0,"862":0},"branchMap":{},"b":{},"fnMap":{"0":{"name":"createCheckPackage","decl":{"start":{"line":284,"column":7},"end":{"line":863,"column":1}},"loc":{"start":{"line":284,"column":7},"end":{"line":863,"column":1}},"line":284}},"f":{"0":0}}
,"/home/runner/work/check-package-dependencies/check-package-dependencies/src/index.test.ts": {"path":"/home/runner/work/check-package-dependencies/check-package-dependencies/src/index.test.ts","all":false,"statementMap":{"0":{"start":{"line":1,"column":0},"end":{"line":1,"column":36}},"1":{"start":{"line":2,"column":0},"end":{"line":2,"column":79}},"3":{"start":{"line":4,"column":0},"end":{"line":4,"column":9}},"4":{"start":{"line":5,"column":0},"end":{"line":5,"column":45}},"5":{"start":{"line":6,"column":0},"end":{"line":6,"column":73}},"6":{"start":{"line":7,"column":0},"end":{"line":7,"column":39}},"7":{"start":{"line":8,"column":0},"end":{"line":8,"column":27}},"8":{"start":{"line":9,"column":0},"end":{"line":9,"column":3}}},"s":{"0":1,"1":1,"3":1,"4":1,"5":1,"6":1,"7":2,"8":2},"branchMap":{"0":{"type":"branch","line":7,"loc":{"start":{"line":7,"column":27},"end":{"line":9,"column":3}},"locations":[{"start":{"line":7,"column":27},"end":{"line":9,"column":3}}]}},"b":{"0":[2]},"fnMap":{},"f":{}}
,"/home/runner/work/check-package-dependencies/check-package-dependencies/src/index.ts": {"path":"/home/runner/work/check-package-dependencies/check-package-dependencies/src/index.ts","all":false,"statementMap":{"0":{"start":{"line":1,"column":0},"end":{"line":1,"column":32}},"1":{"start":{"line":2,"column":0},"end":{"line":2,"column":48}}},"s":{"0":1,"1":1},"branchMap":{},"b":{},"fnMap":{},"f":{}}
,"/home/runner/work/check-package-dependencies/check-package-dependencies/src/checks/checkDirectDuplicateDependencies.ts": {"path":"/home/runner/work/check-package-dependencies/check-package-dependencies/src/checks/checkDirectDuplicateDependencies.ts","all":false,"statementMap":{"1":{"start":{"line":2,"column":0},"end":{"line":2,"column":8}},"5":{"start":{"line":6,"column":0},"end":{"line":6,"column":42}},"8":{"start":{"line":9,"column":0},"end":{"line":9,"column":74}},"10":{"start":{"line":11,"column":0},"end":{"line":11,"column":49}},"11":{"start":{"line":12,"column":0},"end":{"line":12,"column":19}},"12":{"start":{"line":13,"column":0},"end":{"line":13,"column":22}},"13":{"start":{"line":14,"column":0},"end":{"line":14,"column":29}},"14":{"start":{"line":15,"column":0},"end":{"line":15,"column":27}},"15":{"start":{"line":16,"column":0},"end":{"line":16,"column":53}},"16":{"start":{"line":17,"column":0},"end":{"line":17,"column":46}},"17":{"start":{"line":18,"column":0},"end":{"line":18,"column":29}},"18":{"start":{"line":19,"column":0},"end":{"line":19,"column":46}},"19":{"start":{"line":20,"column":0},"end":{"line":20,"column":9}},"20":{"start":{"line":21,"column":0},"end":{"line":21,"column":46}},"21":{"start":{"line":22,"column":0},"end":{"line":22,"column":60}},"22":{"start":{"line":23,"column":0},"end":{"line":23,"column":16}},"23":{"start":{"line":24,"column":0},"end":{"line":24,"column":4}},"25":{"start":{"line":26,"column":0},"end":{"line":26,"column":17}},"28":{"start":{"line":29,"column":0},"end":{"line":29,"column":9}},"29":{"start":{"line":30,"column":0},"end":{"line":30,"column":5}},"30":{"start":{"line":31,"column":0},"end":{"line":31,"column":30}},"31":{"start":{"line":32,"column":0},"end":{"line":32,"column":52}},"32":{"start":{"line":33,"column":0},"end":{"line":33,"column":6}},"33":{"start":{"line":34,"column":0},"end":{"line":34,"column":76}},"34":{"start":{"line":35,"column":0},"end":{"line":35,"column":4}},"36":{"start":{"line":37,"column":0},"end":{"line":37,"column":42}},"37":{"start":{"line":38,"column":0},"end":{"line":38,"column":35}},"39":{"start":{"line":40,"column":0},"end":{"line":40,"column":30}},"40":{"start":{"line":41,"column":0},"end":{"line":41,"column":50}},"41":{"start":{"line":42,"column":0},"end":{"line":42,"column":55}},"42":{"start":{"line":43,"column":0},"end":{"line":43,"column":33}},"43":{"start":{"line":44,"column":0},"end":{"line":44,"column":20}},"44":{"start":{"line":45,"column":0},"end":{"line":45,"column":12}},"45":{"start":{"line":46,"column":0},"end":{"line":46,"column":26}},"46":{"start":{"line":47,"column":0},"end":{"line":47,"column":16}},"47":{"start":{"line":48,"column":0},"end":{"line":48,"column":17}},"48":{"start":{"line":49,"column":0},"end":{"line":49,"column":15}},"49":{"start":{"line":50,"column":0},"end":{"line":50,"column":45}},"50":{"start":{"line":51,"column":0},"end":{"line":51,"column":8}},"51":{"start":{"line":52,"column":0},"end":{"line":52,"column":5}},"52":{"start":{"line":53,"column":0},"end":{"line":53,"column":5}},"54":{"start":{"line":55,"column":0},"end":{"line":55,"column":60}},"55":{"start":{"line":56,"column":0},"end":{"line":56,"column":1}}},"s":{"1":1,"5":1,"8":1,"10":1,"11":0,"12":0,"13":0,"14":0,"15":0,"16":0,"17":0,"18":0,"19":0,"20":0,"21":0,"22":0,"23":0,"25":0,"28":0,"29":0,"30":0,"31":0,"32":0,"33":0,"34":0,"36":0,"37":0,"39":0,"40":0,"41":0,"42":0,"43":0,"44":0,"45":0,"46":0,"47":0,"48":0,"49":0,"50":0,"51":0,"52":0,"54":0,"55":0},"branchMap":{},"b":{},"fnMap":{"0":{"name":"checkDirectDuplicateDependencies","decl":{"start":{"line":11,"column":7},"end":{"line":56,"column":1}},"loc":{"start":{"line":11,"column":7},"end":{"line":56,"column":1}},"line":11}},"f":{"0":0}}
,"/home/runner/work/check-package-dependencies/check-package-dependencies/src/checks/checkDirectPeerDependencies.test.ts": {"path":"/home/runner/work/check-package-dependencies/check-package-dependencies/src/checks/checkDirectPeerDependencies.test.ts","all":false,"statementMap":{"0":{"start":{"line":1,"column":0},"end":{"line":1,"column":62}},"1":{"start":{"line":2,"column":0},"end":{"line":2,"column":71}},"2":{"start":{"line":3,"column":0},"end":{"line":3,"column":76}},"4":{"start":{"line":5,"column":0},"end":{"line":5,"column":47}},"5":{"start":{"line":6,"column":0},"end":{"line":6,"column":34}},"6":{"start":{"line":7,"column":0},"end":{"line":7,"column":69}},"7":{"start":{"line":8,"column":0},"end":{"line":8,"column":20}},"8":{"start":{"line":9,"column":0},"end":{"line":9,"column":32}},"9":{"start":{"line":10,"column":0},"end":{"line":10,"column":5}},"11":{"start":{"line":12,"column":0},"end":{"line":12,"column":67}},"12":{"start":{"line":13,"column":0},"end":{"line":13,"column":32}},"13":{"start":{"line":14,"column":0},"end":{"line":14,"column":12}},"14":{"start":{"line":15,"column":0},"end":{"line":15,"column":7}},"15":{"start":{"line":16,"column":0},"end":{"line":16,"column":21}},"16":{"start":{"line":17,"column":0},"end":{"line":17,"column":62}},"17":{"start":{"line":18,"column":0},"end":{"line":18,"column":8}},"18":{"start":{"line":19,"column":0},"end":{"line":19,"column":13}},"19":{"start":{"line":20,"column":0},"end":{"line":20,"column":45}},"20":{"start":{"line":21,"column":0},"end":{"line":21,"column":38}},"21":{"start":{"line":22,"column":0},"end":{"line":22,"column":47}},"22":{"start":{"line":23,"column":0},"end":{"line":23,"column":10}},"23":{"start":{"line":24,"column":0},"end":{"line":24,"column":49}},"24":{"start":{"line":25,"column":0},"end":{"line":25,"column":49}},"25":{"start":{"line":26,"column":0},"end":{"line":26,"column":24}},"26":{"start":{"line":27,"column":0},"end":{"line":27,"column":6}},"27":{"start":{"line":28,"column":0},"end":{"line":28,"column":49}},"28":{"start":{"line":29,"column":0},"end":{"line":29,"column":89}},"29":{"start":{"line":30,"column":0},"end":{"line":30,"column":79}},"30":{"start":{"line":31,"column":0},"end":{"line":31,"column":12}},"31":{"start":{"line":32,"column":0},"end":{"line":32,"column":6}},"32":{"start":{"line":33,"column":0},"end":{"line":33,"column":5}},"34":{"start":{"line":35,"column":0},"end":{"line":35,"column":82}},"35":{"start":{"line":36,"column":0},"end":{"line":36,"column":32}},"36":{"start":{"line":37,"column":0},"end":{"line":37,"column":12}},"37":{"start":{"line":38,"column":0},"end":{"line":38,"column":7}},"38":{"start":{"line":39,"column":0},"end":{"line":39,"column":21}},"39":{"start":{"line":40,"column":0},"end":{"line":40,"column":80}},"40":{"start":{"line":41,"column":0},"end":{"line":41,"column":8}},"41":{"start":{"line":42,"column":0},"end":{"line":42,"column":13}},"42":{"start":{"line":43,"column":0},"end":{"line":43,"column":8}},"43":{"start":{"line":44,"column":0},"end":{"line":44,"column":13}},"44":{"start":{"line":45,"column":0},"end":{"line":45,"column":40}},"45":{"start":{"line":46,"column":0},"end":{"line":46,"column":25}},"46":{"start":{"line":47,"column":0},"end":{"line":47,"column":11}},"47":{"start":{"line":48,"column":0},"end":{"line":48,"column":40}},"48":{"start":{"line":49,"column":0},"end":{"line":49,"column":40}},"49":{"start":{"line":50,"column":0},"end":{"line":50,"column":49}},"50":{"start":{"line":51,"column":0},"end":{"line":51,"column":12}},"51":{"start":{"line":52,"column":0},"end":{"line":52,"column":49}},"52":{"start":{"line":53,"column":0},"end":{"line":53,"column":49}},"53":{"start":{"line":54,"column":0},"end":{"line":54,"column":24}},"54":{"start":{"line":55,"column":0},"end":{"line":55,"column":6}},"55":{"start":{"line":56,"column":0},"end":{"line":56,"column":51}},"56":{"start":{"line":57,"column":0},"end":{"line":57,"column":5}},"58":{"start":{"line":59,"column":0},"end":{"line":59,"column":71}},"59":{"start":{"line":60,"column":0},"end":{"line":60,"column":32}},"60":{"start":{"line":61,"column":0},"end":{"line":61,"column":12}},"61":{"start":{"line":62,"column":0},"end":{"line":62,"column":7}},"62":{"start":{"line":63,"column":0},"end":{"line":63,"column":21}},"63":{"start":{"line":64,"column":0},"end":{"line":64,"column":80}},"64":{"start":{"line":65,"column":0},"end":{"line":65,"column":8}},"65":{"start":{"line":66,"column":0},"end":{"line":66,"column":13}},"66":{"start":{"line":67,"column":0},"end":{"line":67,"column":8}},"67":{"start":{"line":68,"column":0},"end":{"line":68,"column":13}},"68":{"start":{"line":69,"column":0},"end":{"line":69,"column":40}},"69":{"start":{"line":70,"column":0},"end":{"line":70,"column":25}},"70":{"start":{"line":71,"column":0},"end":{"line":71,"column":11}},"71":{"start":{"line":72,"column":0},"end":{"line":72,"column":40}},"72":{"start":{"line":73,"column":0},"end":{"line":73,"column":40}},"73":{"start":{"line":74,"column":0},"end":{"line":74,"column":44}},"74":{"start":{"line":75,"column":0},"end":{"line":75,"column":12}},"75":{"start":{"line":76,"column":0},"end":{"line":76,"column":49}},"76":{"start":{"line":77,"column":0},"end":{"line":77,"column":49}},"77":{"start":{"line":78,"column":0},"end":{"line":78,"column":24}},"78":{"start":{"line":79,"column":0},"end":{"line":79,"column":6}},"79":{"start":{"line":80,"column":0},"end":{"line":80,"column":51}},"80":{"start":{"line":81,"column":0},"end":{"line":81,"column":5}},"82":{"start":{"line":83,"column":0},"end":{"line":83,"column":75}},"83":{"start":{"line":84,"column":0},"end":{"line":84,"column":32}},"84":{"start":{"line":85,"column":0},"end":{"line":85,"column":12}},"85":{"start":{"line":86,"column":0},"end":{"line":86,"column":7}},"86":{"start":{"line":87,"column":0},"end":{"line":87,"column":21}},"87":{"start":{"line":88,"column":0},"end":{"line":88,"column":26}},"88":{"start":{"line":89,"column":0},"end":{"line":89,"column":34}},"89":{"start":{"line":90,"column":0},"end":{"line":90,"column":43}},"90":{"start":{"line":91,"column":0},"end":{"line":91,"column":10}},"91":{"start":{"line":92,"column":0},"end":{"line":92,"column":8}},"92":{"start":{"line":93,"column":0},"end":{"line":93,"column":13}},"93":{"start":{"line":94,"column":0},"end":{"line":94,"column":8}},"94":{"start":{"line":95,"column":0},"end":{"line":95,"column":13}},"95":{"start":{"line":96,"column":0},"end":{"line":96,"column":40}},"96":{"start":{"line":97,"column":0},"end":{"line":97,"column":25}},"97":{"start":{"line":98,"column":0},"end":{"line":98,"column":11}},"98":{"start":{"line":99,"column":0},"end":{"line":99,"column":40}},"99":{"start":{"line":100,"column":0},"end":{"line":100,"column":40}},"100":{"start":{"line":101,"column":0},"end":{"line":101,"column":44}},"101":{"start":{"line":102,"column":0},"end":{"line":102,"column":12}},"102":{"start":{"line":103,"column":0},"end":{"line":103,"column":49}},"103":{"start":{"line":104,"column":0},"end":{"line":104,"column":49}},"104":{"start":{"line":105,"column":0},"end":{"line":105,"column":24}},"105":{"start":{"line":106,"column":0},"end":{"line":106,"column":6}},"106":{"start":{"line":107,"column":0},"end":{"line":107,"column":51}},"107":{"start":{"line":108,"column":0},"end":{"line":108,"column":5}},"109":{"start":{"line":110,"column":0},"end":{"line":110,"column":95}},"110":{"start":{"line":111,"column":0},"end":{"line":111,"column":32}},"111":{"start":{"line":112,"column":0},"end":{"line":112,"column":12}},"112":{"start":{"line":113,"column":0},"end":{"line":113,"column":7}},"113":{"start":{"line":114,"column":0},"end":{"line":114,"column":21}},"114":{"start":{"line":115,"column":0},"end":{"line":115,"column":26}},"115":{"start":{"line":116,"column":0},"end":{"line":116,"column":34}},"116":{"start":{"line":117,"column":0},"end":{"line":117,"column":43}},"117":{"start":{"line":118,"column":0},"end":{"line":118,"column":10}},"118":{"start":{"line":119,"column":0},"end":{"line":119,"column":8}},"119":{"start":{"line":120,"column":0},"end":{"line":120,"column":13}},"120":{"start":{"line":121,"column":0},"end":{"line":121,"column":8}},"121":{"start":{"line":122,"column":0},"end":{"line":122,"column":13}},"122":{"start":{"line":123,"column":0},"end":{"line":123,"column":40}},"123":{"start":{"line":124,"column":0},"end":{"line":124,"column":25}},"124":{"start":{"line":125,"column":0},"end":{"line":125,"column":11}},"125":{"start":{"line":126,"column":0},"end":{"line":126,"column":40}},"126":{"start":{"line":127,"column":0},"end":{"line":127,"column":40}},"127":{"start":{"line":128,"column":0},"end":{"line":128,"column":57}},"128":{"start":{"line":129,"column":0},"end":{"line":129,"column":12}},"129":{"start":{"line":130,"column":0},"end":{"line":130,"column":49}},"130":{"start":{"line":131,"column":0},"end":{"line":131,"column":49}},"131":{"start":{"line":132,"column":0},"end":{"line":132,"column":24}},"132":{"start":{"line":133,"column":0},"end":{"line":133,"column":6}},"133":{"start":{"line":134,"column":0},"end":{"line":134,"column":51}},"134":{"start":{"line":135,"column":0},"end":{"line":135,"column":5}},"136":{"start":{"line":137,"column":0},"end":{"line":137,"column":87}},"137":{"start":{"line":138,"column":0},"end":{"line":138,"column":32}},"138":{"start":{"line":139,"column":0},"end":{"line":139,"column":11}},"139":{"start":{"line":140,"column":0},"end":{"line":140,"column":7}},"140":{"start":{"line":141,"column":0},"end":{"line":141,"column":21}},"141":{"start":{"line":142,"column":0},"end":{"line":142,"column":47}},"142":{"start":{"line":143,"column":0},"end":{"line":143,"column":43}},"143":{"start":{"line":144,"column":0},"end":{"line":144,"column":62}},"144":{"start":{"line":145,"column":0},"end":{"line":145,"column":8}},"145":{"start":{"line":146,"column":0},"end":{"line":146,"column":13}},"146":{"start":{"line":147,"column":0},"end":{"line":147,"column":8}},"147":{"start":{"line":148,"column":0},"end":{"line":148,"column":13}},"148":{"start":{"line":149,"column":0},"end":{"line":149,"column":40}},"149":{"start":{"line":150,"column":0},"end":{"line":150,"column":25}},"150":{"start":{"line":151,"column":0},"end":{"line":151,"column":11}},"151":{"start":{"line":152,"column":0},"end":{"line":152,"column":40}},"152":{"start":{"line":153,"column":0},"end":{"line":153,"column":40}},"153":{"start":{"line":154,"column":0},"end":{"line":154,"column":49}},"154":{"start":{"line":155,"column":0},"end":{"line":155,"column":12}},"155":{"start":{"line":156,"column":0},"end":{"line":156,"column":49}},"156":{"start":{"line":157,"column":0},"end":{"line":157,"column":49}},"157":{"start":{"line":158,"column":0},"end":{"line":158,"column":24}},"158":{"start":{"line":159,"column":0},"end":{"line":159,"column":6}},"159":{"start":{"line":160,"column":0},"end":{"line":160,"column":51}},"160":{"start":{"line":161,"column":0},"end":{"line":161,"column":5}},"162":{"start":{"line":163,"column":0},"end":{"line":163,"column":66}},"163":{"start":{"line":164,"column":0},"end":{"line":164,"column":32}},"164":{"start":{"line":165,"column":0},"end":{"line":165,"column":12}},"165":{"start":{"line":166,"column":0},"end":{"line":166,"column":7}},"166":{"start":{"line":167,"column":0},"end":{"line":167,"column":21}},"167":{"start":{"line":168,"column":0},"end":{"line":168,"column":62}},"168":{"start":{"line":169,"column":0},"end":{"line":169,"column":8}},"169":{"start":{"line":170,"column":0},"end":{"line":170,"column":13}},"170":{"start":{"line":171,"column":0},"end":{"line":171,"column":45}},"171":{"start":{"line":172,"column":0},"end":{"line":172,"column":38}},"172":{"start":{"line":173,"column":0},"end":{"line":173,"column":47}},"173":{"start":{"line":174,"column":0},"end":{"line":174,"column":31}},"174":{"start":{"line":175,"column":0},"end":{"line":175,"column":37}},"175":{"start":{"line":176,"column":0},"end":{"line":176,"column":10}},"176":{"start":{"line":177,"column":0},"end":{"line":177,"column":10}},"177":{"start":{"line":178,"column":0},"end":{"line":178,"column":49}},"178":{"start":{"line":179,"column":0},"end":{"line":179,"column":49}},"179":{"start":{"line":180,"column":0},"end":{"line":180,"column":24}},"180":{"start":{"line":181,"column":0},"end":{"line":181,"column":6}},"181":{"start":{"line":182,"column":0},"end":{"line":182,"column":51}},"182":{"start":{"line":183,"column":0},"end":{"line":183,"column":5}},"184":{"start":{"line":185,"column":0},"end":{"line":185,"column":82}},"185":{"start":{"line":186,"column":0},"end":{"line":186,"column":32}},"186":{"start":{"line":187,"column":0},"end":{"line":187,"column":12}},"187":{"start":{"line":188,"column":0},"end":{"line":188,"column":7}},"188":{"start":{"line":189,"column":0},"end":{"line":189,"column":21}},"189":{"start":{"line":190,"column":0},"end":{"line":190,"column":23}},"190":{"start":{"line":191,"column":0},"end":{"line":191,"column":42}},"191":{"start":{"line":192,"column":0},"end":{"line":192,"column":10}},"192":{"start":{"line":193,"column":0},"end":{"line":193,"column":26}},"193":{"start":{"line":194,"column":0},"end":{"line":194,"column":30}},"194":{"start":{"line":195,"column":0},"end":{"line":195,"column":10}},"195":{"start":{"line":196,"column":0},"end":{"line":196,"column":8}},"196":{"start":{"line":197,"column":0},"end":{"line":197,"column":13}},"197":{"start":{"line":198,"column":0},"end":{"line":198,"column":8}},"198":{"start":{"line":199,"column":0},"end":{"line":199,"column":13}},"199":{"start":{"line":200,"column":0},"end":{"line":200,"column":40}},"200":{"start":{"line":201,"column":0},"end":{"line":201,"column":27}},"201":{"start":{"line":202,"column":0},"end":{"line":202,"column":11}},"202":{"start":{"line":203,"column":0},"end":{"line":203,"column":40}},"203":{"start":{"line":204,"column":0},"end":{"line":204,"column":39}},"204":{"start":{"line":205,"column":0},"end":{"line":205,"column":53}},"205":{"start":{"line":206,"column":0},"end":{"line":206,"column":12}},"206":{"start":{"line":207,"column":0},"end":{"line":207,"column":49}},"207":{"start":{"line":208,"column":0},"end":{"line":208,"column":49}},"208":{"start":{"line":209,"column":0},"end":{"line":209,"column":24}},"209":{"start":{"line":210,"column":0},"end":{"line":210,"column":6}},"210":{"start":{"line":211,"column":0},"end":{"line":211,"column":51}},"211":{"start":{"line":212,"column":0},"end":{"line":212,"column":5}},"213":{"start":{"line":214,"column":0},"end":{"line":214,"column":106}},"214":{"start":{"line":215,"column":0},"end":{"line":215,"column":32}},"215":{"start":{"line":216,"column":0},"end":{"line":216,"column":11}},"216":{"start":{"line":217,"column":0},"end":{"line":217,"column":7}},"217":{"start":{"line":218,"column":0},"end":{"line":218,"column":21}},"218":{"start":{"line":219,"column":0},"end":{"line":219,"column":23}},"219":{"start":{"line":220,"column":0},"end":{"line":220,"column":42}},"220":{"start":{"line":221,"column":0},"end":{"line":221,"column":10}},"221":{"start":{"line":222,"column":0},"end":{"line":222,"column":26}},"222":{"start":{"line":223,"column":0},"end":{"line":223,"column":30}},"223":{"start":{"line":224,"column":0},"end":{"line":224,"column":10}},"224":{"start":{"line":225,"column":0},"end":{"line":225,"column":8}},"225":{"start":{"line":226,"column":0},"end":{"line":226,"column":13}},"226":{"start":{"line":227,"column":0},"end":{"line":227,"column":8}},"227":{"start":{"line":228,"column":0},"end":{"line":228,"column":13}},"228":{"start":{"line":229,"column":0},"end":{"line":229,"column":40}},"229":{"start":{"line":230,"column":0},"end":{"line":230,"column":27}},"230":{"start":{"line":231,"column":0},"end":{"line":231,"column":11}},"231":{"start":{"line":232,"column":0},"end":{"line":232,"column":40}},"232":{"start":{"line":233,"column":0},"end":{"line":233,"c
[...]
":1,"227":1,"228":1,"229":1,"230":1},"branchMap":{"0":{"type":"branch","line":7,"loc":{"start":{"line":7,"column":41},"end":{"line":44,"column":3}},"locations":[{"start":{"line":7,"column":41},"end":{"line":44,"column":3}}]},"1":{"type":"branch","line":8,"loc":{"start":{"line":8,"column":21},"end":{"line":11,"column":3}},"locations":[{"start":{"line":8,"column":21},"end":{"line":11,"column":3}}]},"2":{"type":"branch","line":12,"loc":{"start":{"line":12,"column":20},"end":{"line":15,"column":3}},"locations":[{"start":{"line":12,"column":20},"end":{"line":15,"column":3}}]},"3":{"type":"branch","line":17,"loc":{"start":{"line":17,"column":22},"end":{"line":20,"column":3}},"locations":[{"start":{"line":17,"column":22},"end":{"line":20,"column":3}}]},"4":{"type":"branch","line":22,"loc":{"start":{"line":22,"column":31},"end":{"line":25,"column":3}},"locations":[{"start":{"line":22,"column":31},"end":{"line":25,"column":3}}]},"5":{"type":"branch","line":27,"loc":{"start":{"line":27,"column":32},"end":{"line":30,"column":3}},"locations":[{"start":{"line":27,"column":32},"end":{"line":30,"column":3}}]},"6":{"type":"branch","line":32,"loc":{"start":{"line":32,"column":48},"end":{"line":36,"column":3}},"locations":[{"start":{"line":32,"column":48},"end":{"line":36,"column":3}}]},"7":{"type":"branch","line":38,"loc":{"start":{"line":38,"column":46},"end":{"line":43,"column":3}},"locations":[{"start":{"line":38,"column":46},"end":{"line":43,"column":3}}]},"8":{"type":"branch","line":45,"loc":{"start":{"line":45,"column":43},"end":{"line":231,"column":3}},"locations":[{"start":{"line":45,"column":43},"end":{"line":231,"column":3}}]},"9":{"type":"branch","line":46,"loc":{"start":{"line":46,"column":21},"end":{"line":52,"column":3}},"locations":[{"start":{"line":46,"column":21},"end":{"line":52,"column":3}}]},"10":{"type":"branch","line":54,"loc":{"start":{"line":54,"column":20},"end":{"line":60,"column":3}},"locations":[{"start":{"line":54,"column":20},"end":{"line":60,"column":3}}]},"11":{"type":"branch","line":62,"loc":{"start":{"line":62,"column":22},"end":{"line":65,"column":3}},"locations":[{"start":{"line":62,"column":22},"end":{"line":65,"column":3}}]},"12":{"type":"branch","line":67,"loc":{"start":{"line":67,"column":31},"end":{"line":74,"column":3}},"locations":[{"start":{"line":67,"column":31},"end":{"line":74,"column":3}}]},"13":{"type":"branch","line":76,"loc":{"start":{"line":76,"column":32},"end":{"line":84,"column":3}},"locations":[{"start":{"line":76,"column":32},"end":{"line":84,"column":3}}]},"14":{"type":"branch","line":86,"loc":{"start":{"line":86,"column":48},"end":{"line":96,"column":3}},"locations":[{"start":{"line":86,"column":48},"end":{"line":96,"column":3}}]},"15":{"type":"branch","line":98,"loc":{"start":{"line":98,"column":46},"end":{"line":107,"column":3}},"locations":[{"start":{"line":98,"column":46},"end":{"line":107,"column":3}}]},"16":{"type":"branch","line":109,"loc":{"start":{"line":109,"column":23},"end":{"line":112,"column":3}},"locations":[{"start":{"line":109,"column":23},"end":{"line":112,"column":3}}]},"17":{"type":"branch","line":114,"loc":{"start":{"line":114,"column":37},"end":{"line":121,"column":3}},"locations":[{"start":{"line":114,"column":37},"end":{"line":121,"column":3}}]},"18":{"type":"branch","line":123,"loc":{"start":{"line":123,"column":38},"end":{"line":130,"column":3}},"locations":[{"start":{"line":123,"column":38},"end":{"line":130,"column":3}}]},"19":{"type":"branch","line":132,"loc":{"start":{"line":132,"column":54},"end":{"line":141,"column":3}},"locations":[{"start":{"line":132,"column":54},"end":{"line":141,"column":3}}]},"20":{"type":"branch","line":143,"loc":{"start":{"line":143,"column":52},"end":{"line":151,"column":3}},"locations":[{"start":{"line":143,"column":52},"end":{"line":151,"column":3}}]},"21":{"type":"branch","line":153,"loc":{"start":{"line":153,"column":32},"end":{"line":160,"column":3}},"locations":[{"start":{"line":153,"column":32},"end":{"line":160,"column":3}}]},"22":{"type":"branch","line":162,"loc":{"start":{"line":162,"column":33},"end":{"line":169,"column":3}},"locations":[{"start":{"line":162,"column":33},"end":{"line":169,"column":3}}]},"23":{"type":"branch","line":171,"loc":{"start":{"line":171,"column":49},"end":{"line":180,"column":3}},"locations":[{"start":{"line":171,"column":49},"end":{"line":180,"column":3}}]},"24":{"type":"branch","line":182,"loc":{"start":{"line":182,"column":53},"end":{"line":191,"column":3}},"locations":[{"start":{"line":182,"column":53},"end":{"line":191,"column":3}}]},"25":{"type":"branch","line":193,"loc":{"start":{"line":193,"column":47},"end":{"line":201,"column":3}},"locations":[{"start":{"line":193,"column":47},"end":{"line":201,"column":3}}]},"26":{"type":"branch","line":203,"loc":{"start":{"line":203,"column":25},"end":{"line":230,"column":3}},"locations":[{"start":{"line":203,"column":25},"end":{"line":230,"column":3}}]}},"b":{"0":[1],"1":[1],"2":[1],"3":[1],"4":[1],"5":[1],"6":[1],"7":[1],"8":[1],"9":[1],"10":[1],"11":[1],"12":[1],"13":[1],"14":[1],"15":[1],"16":[1],"17":[1],"18":[1],"19":[1],"20":[1],"21":[1],"22":[1],"23":[1],"24":[1],"25":[1],"26":[1]},"fnMap":{},"f":{}}
,"/home/runner/work/check-package-dependencies/check-package-dependencies/src/utils/warnForUtils.ts": {"path":"/home/runner/work/check-package-dependencies/check-package-dependencies/src/utils/warnForUtils.ts","all":false,"statementMap":{"0":{"start":{"line":1,"column":0},"end":{"line":1,"column":38}},"22":{"start":{"line":23,"column":0},"end":{"line":23,"column":45}},"23":{"start":{"line":24,"column":0},"end":{"line":24,"column":21}},"24":{"start":{"line":25,"column":0},"end":{"line":25,"column":34}},"25":{"start":{"line":26,"column":0},"end":{"line":26,"column":25}},"26":{"start":{"line":27,"column":0},"end":{"line":27,"column":45}},"27":{"start":{"line":28,"column":0},"end":{"line":28,"column":10}},"28":{"start":{"line":29,"column":0},"end":{"line":29,"column":15}},"29":{"start":{"line":30,"column":0},"end":{"line":30,"column":45}},"30":{"start":{"line":31,"column":0},"end":{"line":31,"column":36}},"31":{"start":{"line":32,"column":0},"end":{"line":32,"column":50}},"32":{"start":{"line":33,"column":0},"end":{"line":33,"column":44}},"33":{"start":{"line":34,"column":0},"end":{"line":34,"column":20}},"34":{"start":{"line":35,"column":0},"end":{"line":35,"column":7}},"35":{"start":{"line":36,"column":0},"end":{"line":36,"column":19}},"36":{"start":{"line":37,"column":0},"end":{"line":37,"column":6}},"37":{"start":{"line":38,"column":0},"end":{"line":38,"column":4}},"38":{"start":{"line":39,"column":0},"end":{"line":39,"column":2}},"40":{"start":{"line":41,"column":0},"end":{"line":41,"column":19}},"41":{"start":{"line":42,"column":0},"end":{"line":42,"column":54}},"42":{"start":{"line":43,"column":0},"end":{"line":43,"column":53}},"43":{"start":{"line":44,"column":0},"end":{"line":44,"column":74}},"44":{"start":{"line":45,"column":0},"end":{"line":45,"column":2}},"46":{"start":{"line":47,"column":0},"end":{"line":47,"column":47}},"47":{"start":{"line":48,"column":0},"end":{"line":48,"column":21}},"48":{"start":{"line":49,"column":0},"end":{"line":49,"column":54}},"49":{"start":{"line":50,"column":0},"end":{"line":50,"column":32}},"50":{"start":{"line":51,"column":0},"end":{"line":51,"column":32}},"51":{"start":{"line":52,"column":0},"end":{"line":52,"column":44}},"52":{"start":{"line":53,"column":0},"end":{"line":53,"column":64}},"53":{"start":{"line":54,"column":0},"end":{"line":54,"column":17}},"54":{"start":{"line":55,"column":0},"end":{"line":55,"column":28}},"55":{"start":{"line":56,"column":0},"end":{"line":56,"column":9}},"56":{"start":{"line":57,"column":0},"end":{"line":57,"column":6}},"57":{"start":{"line":58,"column":0},"end":{"line":58,"column":12}},"58":{"start":{"line":59,"column":0},"end":{"line":59,"column":17}},"59":{"start":{"line":60,"column":0},"end":{"line":60,"column":28}},"60":{"start":{"line":61,"column":0},"end":{"line":61,"column":27}},"61":{"start":{"line":62,"column":0},"end":{"line":62,"column":34}},"62":{"start":{"line":63,"column":0},"end":{"line":63,"column":49}},"63":{"start":{"line":64,"column":0},"end":{"line":64,"column":50}},"64":{"start":{"line":65,"column":0},"end":{"line":65,"column":10}},"65":{"start":{"line":66,"column":0},"end":{"line":66,"column":39}},"66":{"start":{"line":67,"column":0},"end":{"line":67,"column":16}},"67":{"start":{"line":68,"column":0},"end":{"line":68,"column":21}},"68":{"start":{"line":69,"column":0},"end":{"line":69,"column":29}},"69":{"start":{"line":70,"column":0},"end":{"line":70,"column":65}},"70":{"start":{"line":71,"column":0},"end":{"line":71,"column":12}},"71":{"start":{"line":72,"column":0},"end":{"line":72,"column":42}},"72":{"start":{"line":73,"column":0},"end":{"line":73,"column":62}},"73":{"start":{"line":74,"column":0},"end":{"line":74,"column":55}},"74":{"start":{"line":75,"column":0},"end":{"line":75,"column":26}},"75":{"start":{"line":76,"column":0},"end":{"line":76,"column":13}},"76":{"start":{"line":77,"column":0},"end":{"line":77,"column":79}},"77":{"start":{"line":78,"column":0},"end":{"line":78,"column":72}},"78":{"start":{"line":79,"column":0},"end":{"line":79,"column":26}},"79":{"start":{"line":80,"column":0},"end":{"line":80,"column":13}},"80":{"start":{"line":81,"column":0},"end":{"line":81,"column":25}},"81":{"start":{"line":82,"column":0},"end":{"line":82,"column":12}},"82":{"start":{"line":83,"column":0},"end":{"line":83,"column":10}},"83":{"start":{"line":84,"column":0},"end":{"line":84,"column":8}},"84":{"start":{"line":85,"column":0},"end":{"line":85,"column":6}},"85":{"start":{"line":86,"column":0},"end":{"line":86,"column":3}},"87":{"start":{"line":88,"column":0},"end":{"line":88,"column":62}},"88":{"start":{"line":89,"column":0},"end":{"line":89,"column":15}},"89":{"start":{"line":90,"column":0},"end":{"line":90,"column":17}},"90":{"start":{"line":91,"column":0},"end":{"line":91,"column":4}},"91":{"start":{"line":92,"column":0},"end":{"line":92,"column":10}},"92":{"start":{"line":93,"column":0},"end":{"line":93,"column":15}},"93":{"start":{"line":94,"column":0},"end":{"line":94,"column":54}},"94":{"start":{"line":95,"column":0},"end":{"line":95,"column":68}},"95":{"start":{"line":96,"column":0},"end":{"line":96,"column":36}},"96":{"start":{"line":97,"column":0},"end":{"line":97,"column":37}},"97":{"start":{"line":98,"column":0},"end":{"line":98,"column":7}},"98":{"start":{"line":99,"column":0},"end":{"line":99,"column":16}},"99":{"start":{"line":100,"column":0},"end":{"line":100,"column":6}},"100":{"start":{"line":101,"column":0},"end":{"line":101,"column":17}},"101":{"start":{"line":102,"column":0},"end":{"line":102,"column":14}},"102":{"start":{"line":103,"column":0},"end":{"line":103,"column":19}},"103":{"start":{"line":104,"column":0},"end":{"line":104,"column":27}},"104":{"start":{"line":105,"column":0},"end":{"line":105,"column":63}},"105":{"start":{"line":106,"column":0},"end":{"line":106,"column":10}},"106":{"start":{"line":107,"column":0},"end":{"line":107,"column":40}},"107":{"start":{"line":108,"column":0},"end":{"line":108,"column":71}},"108":{"start":{"line":109,"column":0},"end":{"line":109,"column":10}},"109":{"start":{"line":110,"column":0},"end":{"line":110,"column":8}},"110":{"start":{"line":111,"column":0},"end":{"line":111,"column":6}},"111":{"start":{"line":112,"column":0},"end":{"line":112,"column":4}},"112":{"start":{"line":113,"column":0},"end":{"line":113,"column":2}}},"s":{"0":1,"22":1,"23":57,"24":57,"25":57,"26":57,"27":57,"28":57,"29":57,"30":57,"31":30,"32":8,"33":8,"34":8,"35":22,"36":30,"37":57,"38":57,"40":1,"41":54,"42":54,"43":54,"44":54,"46":1,"47":54,"48":54,"49":54,"50":54,"51":13,"52":13,"53":15,"54":15,"55":13,"56":13,"57":13,"58":13,"59":13,"60":13,"61":13,"62":13,"63":13,"64":13,"65":13,"66":7,"67":7,"68":7,"69":0,"70":0,"71":7,"72":17,"73":6,"74":6,"75":6,"76":17,"77":9,"78":9,"79":9,"80":2,"81":17,"82":7,"83":7,"84":13,"85":13,"87":41,"88":41,"89":41,"90":41,"91":41,"92":41,"93":41,"94":40,"95":40,"96":4,"97":4,"98":36,"99":40,"100":41,"101":34,"102":34,"103":34,"104":0,"105":0,"106":34,"107":9,"108":9,"109":34,"110":34,"111":41,"112":41},"branchMap":{"0":{"type":"branch","line":23,"loc":{"start":{"line":23,"column":44},"end":{"line":39,"column":2}},"locations":[{"start":{"line":23,"column":44},"end":{"line":39,"column":2}}]},"1":{"type":"branch","line":30,"loc":{"start":{"line":30,"column":21},"end":{"line":30,"column":45}},"locations":[{"start":{"line":30,"column":21},"end":{"line":30,"column":45}}]},"2":{"type":"branch","line":31,"loc":{"start":{"line":31,"column":4},"end":{"line":37,"column":6}},"locations":[{"start":{"line":31,"column":4},"end":{"line":37,"column":6}}]},"3":{"type":"branch","line":32,"loc":{"start":{"line":32,"column":49},"end":{"line":35,"column":7}},"locations":[{"start":{"line":32,"column":49},"end":{"line":35,"column":7}}]},"4":{"type":"branch","line":35,"loc":{"start":{"line":35,"column":6},"end":{"line":36,"column":19}},"locations":[{"start":{"line":35,"column":6},"end":{"line":36,"column":19}}]},"5":{"type":"branch","line":41,"loc":{"start":{"line":41,"column":18},"end":{"line":45,"column":2}},"locations":[{"start":{"line":41,"column":18},"end":{"line":45,"column":2}}]},"6":{"type":"branch","line":44,"loc":{"start":{"line":44,"column":33},"end":{"line":44,"column":74}},"locations":[{"start":{"line":44,"column":33},"end":{"line":44,"column":74}}]},"7":{"type":"branch","line":47,"loc":{"start":{"line":47,"column":46},"end":{"line":113,"column":2}},"locations":[{"start":{"line":47,"column":46},"end":{"line":113,"column":2}}]},"8":{"type":"branch","line":51,"loc":{"start":{"line":51,"column":31},"end":{"line":113,"column":2}},"locations":[{"start":{"line":51,"column":31},"end":{"line":113,"column":2}}]},"9":{"type":"branch","line":51,"loc":{"start":{"line":51,"column":31},"end":{"line":86,"column":3}},"locations":[{"start":{"line":51,"column":31},"end":{"line":86,"column":3}}]},"10":{"type":"branch","line":86,"loc":{"start":{"line":86,"column":2},"end":{"line":113,"column":2}},"locations":[{"start":{"line":86,"column":2},"end":{"line":113,"column":2}}]},"11":{"type":"branch","line":53,"loc":{"start":{"line":53,"column":35},"end":{"line":56,"column":7}},"locations":[{"start":{"line":53,"column":35},"end":{"line":56,"column":7}}]},"12":{"type":"branch","line":60,"loc":{"start":{"line":60,"column":23},"end":{"line":65,"column":10}},"locations":[{"start":{"line":60,"column":23},"end":{"line":65,"column":10}}]},"13":{"type":"branch","line":63,"loc":{"start":{"line":63,"column":20},"end":{"line":63,"column":48}},"locations":[{"start":{"line":63,"column":20},"end":{"line":63,"column":48}}]},"14":{"type":"branch","line":64,"loc":{"start":{"line":64,"column":17},"end":{"line":64,"column":48}},"locations":[{"start":{"line":64,"column":17},"end":{"line":64,"column":48}}]},"15":{"type":"branch","line":66,"loc":{"start":{"line":66,"column":6},"end":{"line":84,"column":8}},"locations":[{"start":{"line":66,"column":6},"end":{"line":84,"column":8}}]},"16":{"type":"branch","line":72,"loc":{"start":{"line":72,"column":10},"end":{"line":82,"column":12}},"locations":[{"start":{"line":72,"column":10},"end":{"line":82,"column":12}}]},"17":{"type":"branch","line":73,"loc":{"start":{"line":73,"column":32},"end":{"line":73,"column":44}},"locations":[{"start":{"line":73,"column":32},"end":{"line":73,"column":44}}]},"18":{"type":"branch","line":73,"loc":{"start":{"line":73,"column":61},"end":{"line":76,"column":13}},"locations":[{"start":{"line":73,"column":61},"end":{"line":76,"column":13}}]},"19":{"type":"branch","line":76,"loc":{"start":{"line":76,"column":12},"end":{"line":77,"column":52}},"locations":[{"start":{"line":76,"column":12},"end":{"line":77,"column":52}}]},"20":{"type":"branch","line":77,"loc":{"start":{"line":77,"column":49},"end":{"line":77,"column":61}},"locations":[{"start":{"line":77,"column":49},"end":{"line":77,"column":61}}]},"21":{"type":"branch","line":77,"loc":{"start":{"line":77,"column":78},"end":{"line":80,"column":13}},"locations":[{"start":{"line":77,"column":78},"end":{"line":80,"column":13}}]},"22":{"type":"branch","line":80,"loc":{"start":{"line":80,"column":12},"end":{"line":81,"column":25}},"locations":[{"start":{"line":80,"column":12},"end":{"line":81,"column":25}}]},"23":{"type":"branch","line":94,"loc":{"start":{"line":94,"column":21},"end":{"line":100,"column":6}},"locations":[{"start":{"line":94,"column":21},"end":{"line":100,"column":6}}]},"24":{"type":"branch","line":96,"loc":{"start":{"line":96,"column":35},"end":{"line":99,"column":16}},"locations":[{"start":{"line":96,"column":35},"end":{"line":99,"column":16}}]},"25":{"type":"branch","line":96,"loc":{"start":{"line":96,"column":35},"end":{"line":98,"column":7}},"locations":[{"start":{"line":96,"column":35},"end":{"line":98,"column":7}}]},"26":{"type":"branch","line":101,"loc":{"start":{"line":101,"column":4},"end":{"line":111,"column":6}},"locations":[{"start":{"line":101,"column":4},"end":{"line":111,"column":6}}]},"27":{"type":"branch","line":107,"loc":{"start":{"line":107,"column":8},"end":{"line":109,"column":10}},"locations":[{"start":{"line":107,"column":8},"end":{"line":109,"column":10}}]}},"b":{"0":[57],"1":[61],"2":[30],"3":[8],"4":[22],"5":[54],"6":[52],"7":[54],"8":[52],"9":[13],"10":[41],"11":[15],"12":[13],"13":[15],"14":[12],"15":[7],"16":[17],"17":[13],"18":[6],"19":[11],"20":[10],"21":[9],"22":[2],"23":[40],"24":[36],"25":[4],"26":[34],"27":[9]},"fnMap":{"0":{"name":"createOnlyWarnsForArrayCheck","decl":{"start":{"line":23,"column":44},"end":{"line":39,"column":2}},"loc":{"start":{"line":23,"column":44},"end":{"line":39,"column":2}},"line":23},"1":{"name":"getNotWarnedFor","decl":{"start":{"line":30,"column":21},"end":{"line":30,"column":45}},"loc":{"start":{"line":30,"column":21},"end":{"line":30,"column":45}},"line":30},"2":{"name":"shouldWarnsFor","decl":{"start":{"line":31,"column":4},"end":{"line":37,"column":6}},"loc":{"start":{"line":31,"column":4},"end":{"line":37,"column":6}},"line":31},"3":{"name":"isMapping","decl":{"start":{"line":41,"column":18},"end":{"line":45,"column":2}},"loc":{"start":{"line":41,"column":18},"end":{"line":45,"column":2}},"line":41},"4":{"name":"createOnlyWarnsForMappingCheck","decl":{"start":{"line":47,"column":46},"end":{"line":113,"column":2}},"loc":{"start":{"line":47,"column":46},"end":{"line":113,"column":2}},"line":47},"5":{"name":"getNotWarnedFor","decl":{"start":{"line":60,"column":23},"end":{"line":65,"column":10}},"loc":{"start":{"line":60,"column":23},"end":{"line":65,"column":10}},"line":60},"6":{"name":"createFor","decl":{"start":{"line":66,"column":6},"end":{"line":84,"column":8}},"loc":{"start":{"line":66,"column":6},"end":{"line":84,"column":8}},"line":66},"7":{"name":"getNotWarnedFor","decl":{"start":{"line":69,"column":10},"end":{"line":71,"column":12}},"loc":{"start":{"line":69,"column":10},"end":{"line":71,"column":12}},"line":69},"8":{"name":"shouldWarnsFor","decl":{"start":{"line":72,"column":10},"end":{"line":82,"column":12}},"loc":{"start":{"line":72,"column":10},"end":{"line":82,"column":12}},"line":72},"9":{"name":"getNotWarnedFor","decl":{"start":{"line":94,"column":21},"end":{"line":100,"column":6}},"loc":{"start":{"line":94,"column":21},"end":{"line":100,"column":6}},"line":94},"10":{"name":"createFor","decl":{"start":{"line":101,"column":4},"end":{"line":111,"column":6}},"loc":{"start":{"line":101,"column":4},"end":{"line":111,"column":6}},"line":101},"11":{"name":"getNotWarnedFor","decl":{"start":{"line":104,"column":8},"end":{"line":106,"column":10}},"loc":{"start":{"line":104,"column":8},"end":{"line":106,"column":10}},"line":104},"12":{"name":"shouldWarnsFor","decl":{"start":{"line":107,"column":8},"end":{"line":109,"column":10}},"loc":{"start":{"line":107,"column":8},"end":{"line":109,"column":10}},"line":107}},"f":{"0":57,"1":61,"2":30,"3":54,"4":54,"5":13,"6":7,"7":0,"8":17,"9":40,"10":34,"11":0,"12":9}}
}
