TN:
SF:src/checks/checkDirectDuplicateDependencies.ts
FN:6,checkWarnedFor
FN:11,(anonymous_1)
FN:20,checkDirectDuplicateDependencies
FN:38,(anonymous_3)
FN:41,(anonymous_4)
FN:48,(anonymous_5)
FN:50,(anonymous_6)
FNF:7
FNH:6
FNDA:3,checkWarnedFor
FNDA:0,(anonymous_1)
FNDA:3,checkDirectDuplicateDependencies
FNDA:3,(anonymous_3)
FNDA:3,(anonymous_4)
FNDA:3,(anonymous_5)
FNDA:3,(anonymous_6)
DA:11,3
DA:12,0
DA:13,0
DA:29,3
DA:30,3
DA:32,3
DA:34,3
DA:38,3
DA:40,3
DA:41,3
DA:43,3
DA:44,0
DA:48,3
DA:50,3
DA:51,3
DA:53,3
DA:57,0
DA:60,3
DA:68,2
DA:72,1
DA:73,0
DA:76,1
DA:77,1
DA:78,1
DA:80,1
DA:89,3
DA:90,3
LF:27
LH:22
BRDA:9,0,0,0
BRDA:12,1,0,0
BRDA:12,1,1,0
BRDA:26,2,0,3
BRDA:30,3,0,0
BRDA:30,3,1,3
BRDA:32,4,0,3
BRDA:32,4,1,3
BRDA:43,5,0,0
BRDA:43,5,1,3
BRDA:51,6,0,0
BRDA:51,6,1,3
BRDA:51,7,0,3
BRDA:51,7,1,3
BRDA:53,8,0,0
BRDA:53,8,1,3
BRDA:54,9,0,3
BRDA:54,9,1,3
BRDA:60,10,0,2
BRDA:60,10,1,1
BRDA:61,11,0,3
BRDA:61,11,1,2
BRDA:72,12,0,0
BRDA:72,12,1,1
BRDA:78,13,0,0
BRDA:78,13,1,1
BRDA:89,14,0,3
BRDA:89,14,1,0
BRF:28
BRH:18
end_of_record
TN:
SF:src/checks/checkDirectPeerDependencies.ts
FN:8,(anonymous_0)
FN:23,checkDirectPeerDependencies
FNF:2
FNH:2
FNDA:7,(anonymous_0)
FNDA:7,checkDirectPeerDependencies
DA:8,1
DA:12,7
DA:14,7
DA:17,0
DA:31,7
DA:32,7
LF:6
LH:5
BRDA:12,0,0,7
BRDA:12,0,1,0
BRDA:12,0,2,0
BRDA:17,1,0,0
BRDA:17,1,1,0
BRDA:29,2,0,7
BRDA:31,3,0,7
BRDA:31,3,1,0
BRF:8
BRH:3
end_of_record
TN:
SF:src/checks/checkExactVersions.ts
FN:9,checkExactVersions
FNF:1
FNH:1
FNDA:5,checkExactVersions
DA:15,5
DA:16,5
DA:18,5
DA:20,5
DA:21,6
DA:22,5
DA:23,5
DA:24,0
DA:26,5
LF:9
LH:8
BRDA:13,0,0,4
BRDA:13,1,0,4
BRDA:13,2,0,5
BRDA:16,3,0,0
BRDA:16,3,1,5
BRDA:21,4,0,5
BRDA:21,4,1,1
BRDA:21,5,0,6
BRDA:21,5,1,4
BRDA:23,6,0,0
BRDA:23,6,1,5
BRDA:23,7,0,5
BRDA:23,7,1,4
BRF:13
BRH:11
end_of_record
TN:
SF:src/checks/checkIdenticalVersions.ts
FN:5,checkIdenticalVersions
FN:15,(anonymous_1)
FN:27,(anonymous_2)
FN:29,(anonymous_3)
FNF:4
FNH:4
FNDA:4,checkIdenticalVersions
FNDA:4,(anonymous_1)
FNDA:6,(anonymous_2)
FNDA:6,(anonymous_3)
DA:12,4
DA:13,4
DA:15,4
DA:16,4
DA:17,4
DA:18,0
DA:19,0
DA:22,4
DA:23,4
DA:27,4
DA:28,6
DA:29,6
DA:30,6
DA:31,6
DA:32,0
DA:39,6
DA:40,3
LF:17
LH:14
BRDA:10,0,0,4
BRDA:12,1,0,4
BRDA:12,1,1,0
BRDA:17,2,0,0
BRDA:17,2,1,4
BRDA:23,3,0,2
BRDA:23,3,1,2
BRDA:28,4,0,6
BRDA:28,4,1,0
BRDA:31,5,0,0
BRDA:31,5,1,6
BRDA:39,6,0,3
BRDA:39,6,1,3
BRF:13
BRH:9
end_of_record
TN:
SF:src/checks/checkNoDependencies.ts
FN:4,checkNoDependencies
FNF:1
FNH:1
FNDA:4,checkNoDependencies
DA:10,4
DA:11,4
DA:13,2
DA:14,2
LF:4
LH:4
BRDA:7,0,0,2
BRDA:8,1,0,3
BRDA:11,2,0,2
BRDA:11,2,1,2
BRF:4
BRH:4
end_of_record
TN:
SF:src/checks/checkPeerDependencies.ts
FN:5,checkPeerDependencies
FN:18,(anonymous_1)
FN:23,(anonymous_2)
FN:40,(anonymous_3)
FN:43,(anonymous_4)
FNF:5
FNH:5
FNDA:7,checkPeerDependencies
FNDA:14,(anonymous_1)
FNDA:8,(anonymous_2)
FNDA:5,(anonymous_3)
FNDA:5,(anonymous_4)
DA:13,7
DA:14,7
DA:15,7
DA:17,7
DA:18,14
DA:21,7
DA:22,7
DA:24,8
DA:26,7
DA:27,2
DA:28,2
DA:29,1
DA:31,1
DA:39,5
DA:40,5
DA:43,5
DA:44,5
DA:45,5
DA:51,0
LF:19
LH:18
BRDA:11,0,0,0
BRDA:14,1,0,0
BRDA:14,1,1,7
BRDA:26,2,0,2
BRDA:26,2,1,5
BRDA:28,3,0,1
BRDA:28,3,1,1
BRDA:45,4,0,0
BRDA:45,4,1,5
BRDA:46,5,0,5
BRDA:46,5,1,5
BRF:11
BRH:8
end_of_record
TN:
SF:src/utils/createReportError.ts
FN:14,logMessage
FN:26,createReportError
FN:30,reportError
FNF:3
FNH:1
FNDA:4,logMessage
FNDA:0,createReportError
FNDA:0,reportError
DA:11,1
DA:12,1
DA:19,4
DA:30,0
DA:31,0
DA:32,0
DA:33,0
DA:34,0
DA:35,0
DA:37,0
DA:39,0
DA:41,0
LF:12
LH:3
BRDA:21,0,0,2
BRDA:21,0,1,2
BRDA:22,1,0,2
BRDA:22,1,1,2
BRDA:31,2,0,0
BRDA:31,2,1,0
BRDA:31,3,0,0
BRDA:31,3,1,0
BRDA:32,4,0,0
BRDA:32,4,1,0
BRDA:39,5,0,0
BRDA:39,5,1,0
BRF:12
BRH:4
end_of_record
TN:
SF:src/utils/object.ts
FN:1,(anonymous_0)
FNF:1
FNH:1
FNDA:8,(anonymous_0)
DA:1,8
LF:1
LH:1
BRF:0
BRH:0
end_of_record
