TN:
SF:src/checks/checkDirectPeerDependencies.ts
FN:21,(anonymous_0)
FN:39,checkDirectPeerDependencies
FN:51,(anonymous_2)
FNF:3
FNH:3
FNDA:9,(anonymous_0)
FNDA:9,checkDirectPeerDependencies
FNDA:27,(anonymous_2)
DA:15,1
DA:21,1
DA:25,9
DA:27,6
DA:29,3
DA:33,0
DA:48,9
DA:50,9
DA:52,27
DA:53,27
DA:54,12
DA:55,16
DA:57,16
DA:58,9
DA:72,9
DA:73,9
DA:74,9
LF:17
LH:16
BRDA:25,0,0,6
BRDA:25,0,1,3
BRDA:25,0,2,0
BRDA:29,1,0,2
BRDA:29,1,1,1
BRDA:33,2,0,0
BRDA:33,2,1,0
BRDA:46,3,0,0
BRDA:53,4,0,15
BRDA:53,4,1,12
BRDA:57,5,0,9
BRDA:57,5,1,7
BRDA:73,6,0,9
BRDA:73,6,1,0
BRF:14
BRH:9
end_of_record
TN:
SF:src/checks/checkDuplicateDependencies.ts
FN:6,checkDuplicateDependencies
FN:18,(anonymous_1)
FN:21,(anonymous_2)
FN:52,(anonymous_3)
FN:54,(anonymous_4)
FNF:5
FNH:5
FNDA:5,checkDuplicateDependencies
FNDA:7,(anonymous_1)
FNDA:7,(anonymous_2)
FNDA:3,(anonymous_3)
FNDA:3,(anonymous_4)
DA:15,5
DA:16,5
DA:18,7
DA:20,5
DA:21,7
DA:23,5
DA:24,5
DA:30,1
DA:31,1
DA:33,1
DA:34,1
DA:38,1
DA:40,0
DA:43,4
DA:47,1
DA:52,3
DA:54,3
DA:55,3
DA:57,3
DA:61,0
DA:64,3
DA:72,2
DA:76,1
DA:77,0
DA:80,1
DA:82,1
LF:26
LH:23
BRDA:16,0,0,0
BRDA:16,0,1,5
BRDA:24,1,0,1
BRDA:24,1,1,4
BRDA:25,2,0,5
BRDA:25,2,1,2
BRDA:25,2,2,1
BRDA:25,2,3,1
BRDA:33,3,0,1
BRDA:33,3,1,0
BRDA:33,4,0,1
BRDA:33,4,1,1
BRDA:43,5,0,1
BRDA:43,5,1,3
BRDA:44,6,0,4
BRDA:44,6,1,4
BRDA:44,6,2,1
BRDA:55,7,0,0
BRDA:55,7,1,3
BRDA:55,8,0,3
BRDA:55,8,1,3
BRDA:57,9,0,0
BRDA:57,9,1,3
BRDA:58,10,0,3
BRDA:58,10,1,3
BRDA:64,11,0,2
BRDA:64,11,1,1
BRDA:65,12,0,3
BRDA:65,12,1,2
BRDA:76,13,0,0
BRDA:76,13,1,1
BRF:31
BRH:26
end_of_record
TN:
SF:src/checks/checkExactVersions.ts
FN:18,(anonymous_0)
FN:21,checkExactVersions
FNF:2
FNH:2
FNDA:12,(anonymous_0)
FNDA:11,checkExactVersions
DA:18,1
DA:19,12
DA:33,11
DA:35,11
DA:36,11
DA:37,11
DA:39,10
DA:42,12
DA:43,12
DA:44,1
DA:45,1
DA:46,1
DA:47,1
DA:50,12
DA:51,11
DA:52,0
DA:54,11
DA:55,11
DA:57,3
DA:58,3
DA:60,1
DA:62,3
DA:63,1
DA:68,2
DA:73,1
DA:79,1
DA:82,8
DA:92,11
LF:28
LH:27
BRDA:19,0,0,12
BRDA:19,0,1,9
BRDA:29,1,0,8
BRDA:30,2,0,0
BRDA:37,3,0,1
BRDA:37,3,1,10
BRDA:43,4,0,1
BRDA:43,4,1,11
BRDA:45,5,0,0
BRDA:45,5,1,1
BRDA:50,6,0,11
BRDA:50,6,1,1
BRDA:51,7,0,0
BRDA:51,7,1,11
BRDA:55,8,0,3
BRDA:55,8,1,8
BRDA:55,9,0,11
BRDA:55,9,1,9
BRDA:55,9,2,3
BRDA:62,10,0,1
BRDA:62,10,1,2
BRDA:62,11,0,3
BRDA:62,11,1,2
BRDA:68,12,0,1
BRDA:68,12,1,1
BRF:25
BRH:22
end_of_record
TN:
SF:src/checks/checkIdenticalVersions.ts
FN:6,checkIdenticalVersions
FN:20,(anonymous_1)
FN:32,(anonymous_2)
FN:34,(anonymous_3)
FNF:4
FNH:4
FNDA:4,checkIdenticalVersions
FNDA:4,(anonymous_1)
FNDA:6,(anonymous_2)
FNDA:6,(anonymous_3)
DA:14,4
DA:15,4
DA:20,4
DA:21,4
DA:22,4
DA:23,0
DA:24,0
DA:27,4
DA:28,4
DA:32,4
DA:33,6
DA:34,6
DA:35,6
DA:36,6
DA:37,0
DA:44,6
DA:45,3
LF:17
LH:14
BRDA:12,0,0,0
BRDA:14,1,0,4
BRDA:14,1,1,0
BRDA:22,2,0,0
BRDA:22,2,1,4
BRDA:28,3,0,2
BRDA:28,3,1,2
BRDA:33,4,0,6
BRDA:33,4,1,0
BRDA:36,5,0,0
BRDA:36,5,1,6
BRDA:44,6,0,3
BRDA:44,6,1,3
BRF:13
BRH:8
end_of_record
TN:
SF:src/checks/checkMinRangeSatisfies.ts
FN:13,checkMinRangeSatisfies
FNF:1
FNH:1
FNDA:20,checkMinRangeSatisfies
DA:23,20
DA:24,20
DA:26,20
DA:27,1
DA:30,19
DA:35,19
DA:36,19
DA:37,19
DA:39,19
DA:41,19
DA:46,14
DA:47,7
DA:48,7
DA:52,7
LF:14
LH:14
BRDA:16,0,0,1
BRDA:17,1,0,1
BRDA:18,2,0,1
BRDA:19,3,0,13
BRDA:20,4,0,8
BRDA:26,5,0,1
BRDA:26,5,1,19
BRDA:26,6,0,20
BRDA:26,6,1,19
BRDA:37,7,0,0
BRDA:37,7,1,19
BRDA:37,8,0,19
BRDA:37,8,1,19
BRDA:39,9,0,19
BRDA:39,9,1,0
BRDA:41,10,0,14
BRDA:41,10,1,5
BRDA:46,11,0,7
BRDA:46,11,1,7
BRDA:49,12,0,7
BRDA:49,12,1,1
BRDA:50,13,0,7
BRDA:50,13,1,0
BRF:23
BRH:20
end_of_record
TN:
SF:src/checks/checkNoDependencies.ts
FN:4,checkNoDependencies
FNF:1
FNH:1
FNDA:4,checkNoDependencies
DA:11,4
DA:12,4
DA:14,2
DA:15,2
LF:4
LH:4
BRDA:7,0,0,2
BRDA:8,1,0,3
BRDA:9,2,0,0
BRDA:12,3,0,2
BRDA:12,3,1,2
BRF:5
BRH:4
end_of_record
TN:
SF:src/checks/checkPeerDependencies.ts
FN:6,checkPeerDependencies
FN:19,(anonymous_1)
FN:24,(anonymous_2)
FN:41,(anonymous_3)
FN:44,(anonymous_4)
FNF:5
FNH:5
FNDA:9,checkPeerDependencies
FNDA:18,(anonymous_1)
FNDA:11,(anonymous_2)
FNDA:7,(anonymous_3)
FNDA:7,(anonymous_4)
DA:15,9
DA:16,9
DA:18,9
DA:19,18
DA:22,9
DA:23,9
DA:25,11
DA:27,9
DA:28,3
DA:29,3
DA:30,1
DA:32,2
DA:40,6
DA:41,7
DA:44,6
DA:45,7
DA:46,0
DA:49,7
DA:50,7
DA:56,0
LF:20
LH:18
BRDA:16,0,0,0
BRDA:16,0,1,9
BRDA:27,1,0,3
BRDA:27,1,1,6
BRDA:29,2,0,1
BRDA:29,2,1,2
BRDA:45,3,0,0
BRDA:45,3,1,7
BRDA:50,4,0,0
BRDA:50,4,1,7
BRDA:51,5,0,7
BRDA:51,5,1,7
BRF:12
BRH:9
end_of_record
TN:
SF:src/checks/checkResolutionsVersionsMatch.ts
FN:10,checkResolutionsVersionsMatch
FN:24,(anonymous_1)
FN:25,(anonymous_2)
FNF:3
FNH:3
FNDA:5,checkResolutionsVersionsMatch
FNDA:8,(anonymous_1)
FNDA:16,(anonymous_2)
DA:18,5
DA:19,5
DA:24,5
DA:25,8
DA:26,16
DA:28,16
DA:30,7
DA:35,4
DA:36,2
DA:38,2
LF:10
LH:10
BRDA:13,0,0,0
BRDA:15,1,0,0
BRDA:18,2,0,5
BRDA:18,2,1,1
BRDA:28,3,0,9
BRDA:28,3,1,7
BRDA:30,4,0,4
BRDA:30,4,1,3
BRDA:35,5,0,2
BRDA:35,5,1,2
BRF:10
BRH:8
end_of_record
TN:
SF:src/checks/checkSatisfiesVersions.ts
FN:10,checkSatisfiesVersions
FN:26,(anonymous_1)
FNF:2
FNH:2
FNDA:3,checkSatisfiesVersions
FNDA:3,(anonymous_1)
DA:20,3
DA:21,3
DA:26,3
DA:27,3
DA:29,3
DA:30,1
DA:36,2
DA:37,2
DA:43,1
LF:9
LH:9
BRDA:16,0,0,0
BRDA:17,1,0,0
BRDA:20,2,0,3
BRDA:20,2,1,0
BRDA:29,3,0,1
BRDA:29,3,1,2
BRDA:37,4,0,1
BRDA:37,4,1,1
BRDA:38,5,0,2
BRDA:38,5,1,2
BRF:10
BRH:7
end_of_record
TN:
SF:src/checks/checkSatisfiesVersionsInDependency.ts
FN:10,checkSatisfiesVersionsInDependency
FNF:1
FNH:1
FNDA:18,checkSatisfiesVersionsInDependency
DA:18,18
DA:23,18
DA:26,17
DA:27,17
DA:29,17
DA:32,17
DA:33,10
DA:34,3
DA:39,7
DA:40,2
DA:44,5
DA:45,1
DA:49,4
DA:57,1
LF:14
LH:14
BRDA:14,0,0,0
BRDA:15,1,0,0
BRDA:26,2,0,0
BRDA:26,2,1,17
BRDA:32,3,0,10
BRDA:32,3,1,7
BRDA:33,4,0,3
BRDA:33,4,1,7
BRDA:39,5,0,2
BRDA:39,5,1,5
BRDA:44,6,0,1
BRDA:44,6,1,4
BRDA:49,7,0,1
BRDA:49,7,1,3
BRDA:50,8,0,4
BRDA:50,8,1,2
BRF:16
BRH:13
end_of_record
TN:
SF:src/utils/createGetDependencyPackageJson.ts
FN:22,createGetDependencyPackageJson
FN:28,(anonymous_1)
FNF:2
FNH:2
FNDA:1,createGetDependencyPackageJson
FNDA:1,(anonymous_1)
DA:28,1
DA:29,1
DA:30,1
DA:32,1
DA:33,0
DA:34,0
DA:36,1
DA:37,1
DA:42,1
DA:44,1
DA:48,0
DA:51,1
DA:55,1
DA:56,1
DA:57,1
DA:59,0
DA:63,1
DA:64,1
LF:18
LH:14
BRDA:24,0,0,1
BRDA:25,1,0,0
BRDA:26,2,0,0
BRDA:30,3,0,0
BRDA:30,3,1,1
BRDA:32,4,0,0
BRDA:32,4,1,1
BRDA:42,5,0,0
BRDA:42,5,1,1
BRDA:44,6,0,0
BRDA:44,6,1,1
BRDA:55,7,0,1
BRDA:55,7,1,0
BRF:13
BRH:6
end_of_record
TN:
SF:src/utils/createReportError.ts
FN:19,logMessage
FN:31,createReportError
FN:35,reportError
FN:51,reportNotWarnedFor
FN:60,(anonymous_4)
FN:67,reportNotWarnedForMapping
FN:72,(anonymous_6)
FN:76,(anonymous_7)
FNF:8
FNH:7
FNDA:4,logMessage
FNDA:7,createReportError
FNDA:0,reportError
FNDA:11,reportNotWarnedFor
FNDA:1,(anonymous_4)
FNDA:22,reportNotWarnedForMapping
FNDA:3,(anonymous_6)
FNDA:3,(anonymous_7)
DA:16,9
DA:17,9
DA:24,4
DA:35,7
DA:36,0
DA:37,0
DA:38,0
DA:39,0
DA:40,0
DA:42,0
DA:44,0
DA:46,0
DA:55,11
DA:56,11
DA:57,1
DA:60,1
DA:71,22
DA:72,22
DA:73,3
DA:76,3
LF:20
LH:12
BRDA:26,0,0,2
BRDA:26,0,1,2
BRDA:27,1,0,2
BRDA:27,1,1,2
BRDA:36,2,0,0
BRDA:36,2,1,0
BRDA:36,3,0,0
BRDA:36,3,1,0
BRDA:37,4,0,0
BRDA:37,4,1,0
BRDA:44,5,0,0
BRDA:44,5,1,0
BRDA:56,6,0,1
BRDA:56,6,1,10
BRF:14
BRH:6
end_of_record
TN:
SF:src/utils/object.ts
FN:1,(anonymous_0)
FN:4,(anonymous_1)
FNF:2
FNH:2
FNDA:20,(anonymous_0)
FNDA:102,(anonymous_1)
DA:1,11
DA:2,20
DA:4,11
DA:5,102
LF:4
LH:4
BRF:0
BRH:0
end_of_record
TN:
SF:src/utils/pkgJsonUtils.ts
FN:5,readPkgJson
FN:9,writePkgJson
FN:14,internalLoadPackageJsonFromNodeModules
FNF:3
FNH:0
FNDA:0,readPkgJson
FNDA:0,writePkgJson
FNDA:0,internalLoadPackageJsonFromNodeModules
DA:6,0
DA:10,0
DA:18,0
DA:22,0
LF:4
LH:0
BRDA:24,0,0,0
BRDA:24,0,1,0
BRF:2
BRH:0
end_of_record
TN:
SF:src/utils/warnForUtils.ts
FN:23,(anonymous_0)
FN:30,(anonymous_1)
FN:31,(anonymous_2)
FN:41,(anonymous_3)
FN:47,(anonymous_4)
FN:53,(anonymous_5)
FN:60,(anonymous_6)
FN:63,(anonymous_7)
FN:64,(anonymous_8)
FN:66,(anonymous_9)
FN:69,(anonymous_10)
FN:72,(anonymous_11)
FN:94,(anonymous_12)
FN:101,(anonymous_13)
FN:104,(anonymous_14)
FN:107,(anonymous_15)
FNF:16
FNH:14
FNDA:43,(anonymous_0)
FNDA:43,(anonymous_1)
FNDA:20,(anonymous_2)
FNDA:40,(anonymous_3)
FNDA:40,(anonymous_4)
FNDA:15,(anonymous_5)
FNDA:13,(anonymous_6)
FNDA:15,(anonymous_7)
FNDA:12,(anonymous_8)
FNDA:7,(anonymous_9)
FNDA:0,(anonymous_10)
FNDA:17,(anonymous_11)
FNDA:26,(anonymous_12)
FNDA:20,(anonymous_13)
FNDA:0,(anonymous_14)
FNDA:5,(anonymous_15)
DA:23,5
DA:27,43
DA:28,43
DA:30,43
DA:32,20
DA:33,8
DA:34,8
DA:36,12
DA:41,5
DA:44,40
DA:47,5
DA:51,40
DA:52,13
DA:53,15
DA:58,13
DA:61,13
DA:63,15
DA:64,12
DA:67,7
DA:70,0
DA:73,17
DA:74,6
DA:75,6
DA:77,11
DA:78,9
DA:79,9
DA:81,2
DA:88,27
DA:92,27
DA:95,26
DA:96,26
DA:97,4
DA:99,22
DA:102,20
DA:105,0
DA:108,5
LF:36
LH:34
BRDA:25,0,0,4
BRDA:32,1,0,8
BRDA:32,1,1,12
BRDA:44,2,0,40
BRDA:44,2,1,38
BRDA:51,3,0,13
BRDA:51,3,1,27
BRDA:73,4,0,6
BRDA:73,4,1,11
BRDA:77,5,0,9
BRDA:77,5,1,2
BRDA:96,6,0,4
BRDA:96,6,1,22
BRF:13
BRH:13
end_of_record
